<?xml version="1.0" encoding="UTF-8"?>
<coverage generated="1687511421332" clover="3.2.0">
  <project timestamp="1687511421332" name="All files">
    <metrics statements="649" coveredstatements="602" conditionals="433" coveredconditionals="397" methods="66" coveredmethods="62" elements="1148" coveredelements="1061" complexity="0" loc="649" ncloc="649" packages="5" files="9" classes="9"/>
    <package name="code">
      <metrics statements="7" coveredstatements="7" conditionals="2" coveredconditionals="2" methods="0" coveredmethods="0"/>
      <file name="app.js" path="D:\SCUOLA\Universita\Magistrale\Primo_anno\SoftEng\ezwallet\code\app.js">
        <metrics statements="7" coveredstatements="7" conditionals="2" coveredconditionals="2" methods="0" coveredmethods="0"/>
        <line num="7" count="3" type="stmt"/>
        <line num="8" count="3" type="cond" truecount="2" falsecount="0"/>
        <line num="10" count="3" type="stmt"/>
        <line num="12" count="3" type="stmt"/>
        <line num="13" count="3" type="stmt"/>
        <line num="14" count="3" type="stmt"/>
        <line num="15" count="3" type="stmt"/>
      </file>
    </package>
    <package name="code.controllers">
      <metrics statements="594" coveredstatements="547" conditionals="431" coveredconditionals="395" methods="66" coveredmethods="62"/>
      <file name="auth.js" path="D:\SCUOLA\Universita\Magistrale\Primo_anno\SoftEng\ezwallet\code\controllers\auth.js">
        <metrics statements="61" coveredstatements="57" conditionals="58" coveredconditionals="55" methods="5" coveredmethods="5"/>
        <line num="7" count="12" type="stmt"/>
        <line num="8" count="12" type="stmt"/>
        <line num="18" count="3" type="stmt"/>
        <line num="19" count="5" type="stmt"/>
        <line num="20" count="5" type="cond" truecount="2" falsecount="0"/>
        <line num="21" count="5" type="cond" truecount="2" falsecount="0"/>
        <line num="22" count="5" type="cond" truecount="2" falsecount="0"/>
        <line num="23" count="5" type="cond" truecount="5" falsecount="0"/>
        <line num="24" count="4" type="cond" truecount="4" falsecount="1"/>
        <line num="25" count="4" type="cond" truecount="2" falsecount="0"/>
        <line num="27" count="3" type="stmt"/>
        <line num="28" count="3" type="cond" truecount="2" falsecount="0"/>
        <line num="30" count="1" type="stmt"/>
        <line num="31" count="1" type="stmt"/>
        <line num="36" count="1" type="stmt"/>
        <line num="38" count="0" type="stmt"/>
        <line num="49" count="3" type="stmt"/>
        <line num="50" count="5" type="stmt"/>
        <line num="51" count="5" type="cond" truecount="2" falsecount="0"/>
        <line num="52" count="5" type="cond" truecount="2" falsecount="0"/>
        <line num="53" count="5" type="cond" truecount="2" falsecount="0"/>
        <line num="54" count="5" type="cond" truecount="5" falsecount="0"/>
        <line num="55" count="4" type="cond" truecount="4" falsecount="1"/>
        <line num="56" count="4" type="cond" truecount="2" falsecount="0"/>
        <line num="58" count="3" type="stmt"/>
        <line num="59" count="3" type="cond" truecount="2" falsecount="0"/>
        <line num="61" count="1" type="stmt"/>
        <line num="62" count="1" type="stmt"/>
        <line num="68" count="1" type="stmt"/>
        <line num="70" count="0" type="stmt"/>
        <line num="83" count="3" type="stmt"/>
        <line num="84" count="5" type="stmt"/>
        <line num="85" count="5" type="cond" truecount="4" falsecount="0"/>
        <line num="86" count="4" type="cond" truecount="3" falsecount="1"/>
        <line num="87" count="4" type="cond" truecount="2" falsecount="0"/>
        <line num="88" count="3" type="stmt"/>
        <line num="89" count="3" type="stmt"/>
        <line num="90" count="3" type="stmt"/>
        <line num="91" count="3" type="cond" truecount="2" falsecount="0"/>
        <line num="92" count="2" type="stmt"/>
        <line num="93" count="2" type="cond" truecount="2" falsecount="0"/>
        <line num="95" count="1" type="stmt"/>
        <line num="102" count="1" type="stmt"/>
        <line num="109" count="1" type="stmt"/>
        <line num="110" count="1" type="stmt"/>
        <line num="111" count="1" type="stmt"/>
        <line num="112" count="1" type="stmt"/>
        <line num="113" count="1" type="stmt"/>
        <line num="115" count="0" type="stmt"/>
        <line num="127" count="3" type="stmt"/>
        <line num="128" count="3" type="stmt"/>
        <line num="129" count="3" type="cond" truecount="2" falsecount="0"/>
        <line num="130" count="2" type="stmt"/>
        <line num="132" count="2" type="stmt"/>
        <line num="133" count="2" type="cond" truecount="2" falsecount="0"/>
        <line num="134" count="1" type="stmt"/>
        <line num="135" count="1" type="stmt"/>
        <line num="136" count="1" type="stmt"/>
        <line num="137" count="1" type="stmt"/>
        <line num="138" count="1" type="stmt"/>
        <line num="140" count="0" type="stmt"/>
      </file>
      <file name="controller.js" path="D:\SCUOLA\Universita\Magistrale\Primo_anno\SoftEng\ezwallet\code\controllers\controller.js">
        <metrics statements="216" coveredstatements="199" conditionals="137" coveredconditionals="129" methods="36" coveredmethods="32"/>
        <line num="10" count="3" type="stmt"/>
        <line num="11" count="5" type="stmt"/>
        <line num="12" count="5" type="stmt"/>
        <line num="13" count="5" type="cond" truecount="2" falsecount="0"/>
        <line num="14" count="4" type="cond" truecount="2" falsecount="0"/>
        <line num="15" count="4" type="cond" truecount="2" falsecount="0"/>
        <line num="16" count="4" type="cond" truecount="4" falsecount="0"/>
        <line num="17" count="2" type="cond" truecount="3" falsecount="1"/>
        <line num="18" count="2" type="stmt"/>
        <line num="19" count="2" type="cond" truecount="2" falsecount="0"/>
        <line num="20" count="1" type="stmt"/>
        <line num="21" count="1" type="stmt"/>
        <line num="22" count="1" type="stmt"/>
        <line num="24" count="0" type="stmt"/>
        <line num="36" count="3" type="stmt"/>
        <line num="37" count="6" type="stmt"/>
        <line num="38" count="6" type="stmt"/>
        <line num="39" count="6" type="cond" truecount="2" falsecount="0"/>
        <line num="40" count="5" type="stmt"/>
        <line num="41" count="5" type="cond" truecount="2" falsecount="0"/>
        <line num="42" count="5" type="cond" truecount="2" falsecount="0"/>
        <line num="43" count="5" type="cond" truecount="4" falsecount="0"/>
        <line num="44" count="2" type="stmt"/>
        <line num="46" count="3" type="cond" truecount="3" falsecount="1"/>
        <line num="48" count="3" type="stmt"/>
        <line num="49" count="3" type="cond" truecount="2" falsecount="0"/>
        <line num="50" count="1" type="stmt"/>
        <line num="53" count="2" type="stmt"/>
        <line num="54" count="2" type="cond" truecount="2" falsecount="0"/>
        <line num="55" count="1" type="stmt"/>
        <line num="58" count="1" type="stmt"/>
        <line num="63" count="1" type="stmt"/>
        <line num="64" count="1" type="stmt"/>
        <line num="66" count="0" type="stmt"/>
        <line num="77" count="3" type="stmt"/>
        <line num="78" count="8" type="stmt"/>
        <line num="79" count="8" type="stmt"/>
        <line num="80" count="8" type="cond" truecount="2" falsecount="0"/>
        <line num="81" count="7" type="stmt"/>
        <line num="82" count="7" type="cond" truecount="4" falsecount="0"/>
        <line num="83" count="5" type="stmt"/>
        <line num="84" count="5" type="cond" truecount="2" falsecount="0"/>
        <line num="86" count="4" type="stmt"/>
        <line num="87" count="9" type="cond" truecount="4" falsecount="0"/>
        <line num="88" count="8" type="stmt"/>
        <line num="89" count="8" type="cond" truecount="2" falsecount="0"/>
        <line num="90" count="1" type="stmt"/>
        <line num="95" count="2" type="stmt"/>
        <line num="96" count="2" type="cond" truecount="2" falsecount="0"/>
        <line num="98" count="1" type="stmt"/>
        <line num="99" count="4" type="stmt"/>
        <line num="101" count="2" type="stmt"/>
        <line num="103" count="2" type="stmt"/>
        <line num="104" count="5" type="stmt"/>
        <line num="105" count="5" type="stmt"/>
        <line num="107" count="2" type="stmt"/>
        <line num="109" count="0" type="stmt"/>
        <line num="120" count="3" type="stmt"/>
        <line num="121" count="2" type="stmt"/>
        <line num="122" count="2" type="stmt"/>
        <line num="123" count="2" type="cond" truecount="2" falsecount="0"/>
        <line num="125" count="1" type="stmt"/>
        <line num="127" count="2" type="stmt"/>
        <line num="129" count="1" type="stmt"/>
        <line num="131" count="0" type="stmt"/>
        <line num="142" count="3" type="stmt"/>
        <line num="143" count="8" type="stmt"/>
        <line num="144" count="8" type="stmt"/>
        <line num="145" count="8" type="cond" truecount="2" falsecount="0"/>
        <line num="147" count="7" type="stmt"/>
        <line num="149" count="7" type="cond" truecount="5" falsecount="0"/>
        <line num="150" count="1" type="stmt"/>
        <line num="153" count="6" type="cond" truecount="4" falsecount="0"/>
        <line num="154" count="1" type="stmt"/>
        <line num="158" count="5" type="cond" truecount="2" falsecount="0"/>
        <line num="159" count="1" type="stmt"/>
        <line num="162" count="4" type="stmt"/>
        <line num="163" count="4" type="stmt"/>
        <line num="164" count="4" type="cond" truecount="2" falsecount="0"/>
        <line num="165" count="1" type="stmt"/>
        <line num="169" count="3" type="cond" truecount="2" falsecount="0"/>
        <line num="170" count="1" type="stmt"/>
        <line num="174" count="2" type="stmt"/>
        <line num="175" count="2" type="stmt"/>
        <line num="176" count="2" type="cond" truecount="4" falsecount="0"/>
        <line num="177" count="1" type="stmt"/>
        <line num="180" count="1" type="stmt"/>
        <line num="182" count="1" type="stmt"/>
        <line num="184" count="1" type="stmt"/>
        <line num="186" count="0" type="stmt"/>
        <line num="188" count="0" type="stmt"/>
        <line num="199" count="3" type="stmt"/>
        <line num="200" count="2" type="stmt"/>
        <line num="201" count="2" type="stmt"/>
        <line num="202" count="2" type="cond" truecount="2" falsecount="0"/>
        <line num="206" count="1" type="stmt"/>
        <line num="217" count="5" type="stmt"/>
        <line num="218" count="1" type="stmt"/>
        <line num="219" count="0" type="stmt"/>
        <line num="221" count="0" type="stmt"/>
        <line num="234" count="3" type="stmt"/>
        <line num="235" count="8" type="stmt"/>
        <line num="238" count="8" type="stmt"/>
        <line num="239" count="8" type="cond" truecount="2" falsecount="0"/>
        <line num="240" count="1" type="stmt"/>
        <line num="243" count="7" type="cond" truecount="2" falsecount="0"/>
        <line num="245" count="1" type="stmt"/>
        <line num="246" count="1" type="cond" truecount="1" falsecount="1"/>
        <line num="247" count="1" type="stmt"/>
        <line num="248" count="1" type="stmt"/>
        <line num="262" count="3" type="stmt"/>
        <line num="263" count="1" type="stmt"/>
        <line num="265" count="0" type="stmt"/>
        <line num="267" count="1" type="stmt"/>
        <line num="270" count="6" type="stmt"/>
        <line num="271" count="6" type="cond" truecount="2" falsecount="0"/>
        <line num="275" count="5" type="stmt"/>
        <line num="276" count="5" type="stmt"/>
        <line num="277" count="5" type="stmt"/>
        <line num="279" count="5" type="cond" truecount="2" falsecount="0"/>
        <line num="280" count="2" type="stmt"/>
        <line num="282" count="5" type="cond" truecount="2" falsecount="0"/>
        <line num="283" count="3" type="stmt"/>
        <line num="287" count="5" type="stmt"/>
        <line num="301" count="8" type="stmt"/>
        <line num="302" count="5" type="stmt"/>
        <line num="304" count="0" type="stmt"/>
        <line num="306" count="5" type="stmt"/>
        <line num="309" count="0" type="stmt"/>
        <line num="321" count="3" type="stmt"/>
        <line num="322" count="5" type="stmt"/>
        <line num="324" count="5" type="cond" truecount="2" falsecount="0"/>
        <line num="326" count="3" type="stmt"/>
        <line num="327" count="3" type="cond" truecount="1" falsecount="1"/>
        <line num="331" count="2" type="stmt"/>
        <line num="332" count="2" type="cond" truecount="2" falsecount="0"/>
        <line num="335" count="4" type="stmt"/>
        <line num="336" count="4" type="cond" truecount="2" falsecount="0"/>
        <line num="337" count="1" type="stmt"/>
        <line num="341" count="3" type="stmt"/>
        <line num="342" count="3" type="cond" truecount="2" falsecount="0"/>
        <line num="343" count="1" type="stmt"/>
        <line num="352" count="2" type="stmt"/>
        <line num="369" count="4" type="stmt"/>
        <line num="371" count="2" type="stmt"/>
        <line num="375" count="0" type="stmt"/>
        <line num="387" count="3" type="stmt"/>
        <line num="388" count="4" type="stmt"/>
        <line num="390" count="4" type="stmt"/>
        <line num="393" count="4" type="stmt"/>
        <line num="394" count="4" type="cond" truecount="2" falsecount="0"/>
        <line num="397" count="3" type="cond" truecount="2" falsecount="0"/>
        <line num="399" count="1" type="stmt"/>
        <line num="400" count="1" type="cond" truecount="1" falsecount="1"/>
        <line num="403" count="3" type="stmt"/>
        <line num="404" count="2" type="cond" truecount="2" falsecount="0"/>
        <line num="407" count="4" type="stmt"/>
        <line num="414" count="2" type="stmt"/>
        <line num="436" count="12" type="stmt"/>
        <line num="437" count="8" type="stmt"/>
        <line num="444" count="2" type="stmt"/>
        <line num="447" count="0" type="stmt"/>
        <line num="459" count="3" type="stmt"/>
        <line num="460" count="5" type="stmt"/>
        <line num="462" count="5" type="stmt"/>
        <line num="468" count="5" type="stmt"/>
        <line num="469" count="5" type="cond" truecount="2" falsecount="0"/>
        <line num="472" count="4" type="cond" truecount="2" falsecount="0"/>
        <line num="474" count="1" type="stmt"/>
        <line num="475" count="1" type="cond" truecount="1" falsecount="1"/>
        <line num="477" count="5" type="stmt"/>
        <line num="478" count="3" type="stmt"/>
        <line num="479" count="3" type="cond" truecount="2" falsecount="0"/>
        <line num="483" count="3" type="stmt"/>
        <line num="484" count="3" type="cond" truecount="2" falsecount="0"/>
        <line num="485" count="1" type="stmt"/>
        <line num="487" count="4" type="stmt"/>
        <line num="495" count="2" type="stmt"/>
        <line num="517" count="12" type="stmt"/>
        <line num="518" count="8" type="stmt"/>
        <line num="524" count="8" type="stmt"/>
        <line num="525" count="2" type="stmt"/>
        <line num="528" count="0" type="stmt"/>
        <line num="539" count="3" type="stmt"/>
        <line num="540" count="7" type="stmt"/>
        <line num="541" count="7" type="stmt"/>
        <line num="543" count="7" type="stmt"/>
        <line num="544" count="7" type="cond" truecount="2" falsecount="0"/>
        <line num="546" count="6" type="stmt"/>
        <line num="547" count="6" type="cond" truecount="2" falsecount="0"/>
        <line num="548" count="1" type="stmt"/>
        <line num="549" count="1" type="cond" truecount="1" falsecount="1"/>
        <line num="553" count="5" type="cond" truecount="2" falsecount="0"/>
        <line num="556" count="3" type="stmt"/>
        <line num="558" count="3" type="cond" truecount="2" falsecount="0"/>
        <line num="560" count="2" type="cond" truecount="2" falsecount="0"/>
        <line num="562" count="1" type="stmt"/>
        <line num="563" count="1" type="stmt"/>
        <line num="565" count="0" type="stmt"/>
        <line num="577" count="3" type="stmt"/>
        <line num="578" count="5" type="stmt"/>
        <line num="580" count="5" type="stmt"/>
        <line num="581" count="5" type="cond" truecount="2" falsecount="0"/>
        <line num="584" count="4" type="stmt"/>
        <line num="586" count="4" type="cond" truecount="2" falsecount="0"/>
        <line num="587" count="1" type="stmt"/>
        <line num="590" count="5" type="cond" truecount="2" falsecount="0"/>
        <line num="591" count="1" type="stmt"/>
        <line num="594" count="2" type="stmt"/>
        <line num="595" count="2" type="cond" truecount="2" falsecount="0"/>
        <line num="596" count="1" type="stmt"/>
        <line num="600" count="1" type="stmt"/>
        <line num="606" count="1" type="cond" truecount="1" falsecount="1"/>
        <line num="607" count="1" type="stmt"/>
        <line num="609" count="0" type="stmt"/>
        <line num="612" count="0" type="stmt"/>
      </file>
      <file name="users.js" path="D:\SCUOLA\Universita\Magistrale\Primo_anno\SoftEng\ezwallet\code\controllers\users.js">
        <metrics statements="184" coveredstatements="172" conditionals="102" coveredconditionals="92" methods="18" coveredmethods="18"/>
        <line num="12" count="3" type="stmt"/>
        <line num="13" count="2" type="stmt"/>
        <line num="14" count="2" type="stmt"/>
        <line num="15" count="2" type="cond" truecount="2" falsecount="0"/>
        <line num="16" count="1" type="stmt"/>
        <line num="17" count="1" type="stmt"/>
        <line num="19" count="0" type="stmt"/>
        <line num="30" count="3" type="stmt"/>
        <line num="31" count="4" type="stmt"/>
        <line num="32" count="4" type="stmt"/>
        <line num="34" count="4" type="stmt"/>
        <line num="35" count="4" type="cond" truecount="2" falsecount="0"/>
        <line num="37" count="1" type="stmt"/>
        <line num="38" count="1" type="cond" truecount="1" falsecount="1"/>
        <line num="40" count="1" type="stmt"/>
        <line num="42" count="3" type="stmt"/>
        <line num="43" count="3" type="cond" truecount="2" falsecount="0"/>
        <line num="45" count="2" type="stmt"/>
        <line num="46" count="2" type="cond" truecount="2" falsecount="0"/>
        <line num="48" count="1" type="stmt"/>
        <line num="50" count="1" type="stmt"/>
        <line num="54" count="0" type="stmt"/>
        <line num="68" count="3" type="stmt"/>
        <line num="69" count="8" type="stmt"/>
        <line num="70" count="8" type="stmt"/>
        <line num="71" count="8" type="cond" truecount="2" falsecount="0"/>
        <line num="72" count="7" type="stmt"/>
        <line num="73" count="7" type="stmt"/>
        <line num="74" count="7" type="cond" truecount="4" falsecount="0"/>
        <line num="76" count="5" type="stmt"/>
        <line num="77" count="5" type="cond" truecount="1" falsecount="1"/>
        <line num="78" count="5" type="stmt"/>
        <line num="79" count="5" type="cond" truecount="2" falsecount="0"/>
        <line num="81" count="3" type="stmt"/>
        <line num="82" count="3" type="cond" truecount="1" falsecount="1"/>
        <line num="84" count="6" type="cond" truecount="1" falsecount="1"/>
        <line num="86" count="3" type="stmt"/>
        <line num="87" count="3" type="stmt"/>
        <line num="88" count="7" type="cond" truecount="2" falsecount="0"/>
        <line num="91" count="2" type="stmt"/>
        <line num="92" count="2" type="stmt"/>
        <line num="93" count="2" type="stmt"/>
        <line num="96" count="2" type="stmt"/>
        <line num="97" count="6" type="stmt"/>
        <line num="98" count="6" type="cond" truecount="2" falsecount="0"/>
        <line num="99" count="1" type="stmt"/>
        <line num="100" count="1" type="stmt"/>
        <line num="102" count="5" type="stmt"/>
        <line num="103" count="5" type="cond" truecount="2" falsecount="0"/>
        <line num="104" count="1" type="stmt"/>
        <line num="105" count="1" type="stmt"/>
        <line num="107" count="4" type="stmt"/>
        <line num="110" count="2" type="cond" truecount="2" falsecount="0"/>
        <line num="112" count="1" type="stmt"/>
        <line num="113" count="1" type="stmt"/>
        <line num="116" count="1" type="stmt"/>
        <line num="118" count="0" type="stmt"/>
        <line num="130" count="3" type="stmt"/>
        <line num="131" count="2" type="stmt"/>
        <line num="132" count="2" type="stmt"/>
        <line num="133" count="2" type="cond" truecount="2" falsecount="0"/>
        <line num="134" count="1" type="stmt"/>
        <line num="135" count="2" type="stmt"/>
        <line num="136" count="3" type="stmt"/>
        <line num="139" count="0" type="stmt"/>
        <line num="151" count="3" type="stmt"/>
        <line num="152" count="4" type="stmt"/>
        <line num="153" count="4" type="stmt"/>
        <line num="154" count="4" type="stmt"/>
        <line num="155" count="4" type="stmt"/>
        <line num="156" count="4" type="cond" truecount="2" falsecount="0"/>
        <line num="157" count="6" type="stmt"/>
        <line num="158" count="3" type="cond" truecount="2" falsecount="0"/>
        <line num="159" count="2" type="stmt"/>
        <line num="160" count="2" type="cond" truecount="2" falsecount="0"/>
        <line num="162" count="2" type="stmt"/>
        <line num="163" count="2" type="cond" truecount="1" falsecount="1"/>
        <line num="164" count="4" type="stmt"/>
        <line num="166" count="0" type="stmt"/>
        <line num="181" count="3" type="stmt"/>
        <line num="182" count="7" type="stmt"/>
        <line num="183" count="7" type="stmt"/>
        <line num="184" count="7" type="stmt"/>
        <line num="187" count="7" type="stmt"/>
        <line num="188" count="7" type="cond" truecount="2" falsecount="0"/>
        <line num="189" count="6" type="cond" truecount="2" falsecount="0"/>
        <line num="190" count="4" type="stmt"/>
        <line num="191" count="4" type="cond" truecount="1" falsecount="1"/>
        <line num="193" count="2" type="stmt"/>
        <line num="194" count="2" type="cond" truecount="2" falsecount="0"/>
        <line num="198" count="5" type="cond" truecount="2" falsecount="0"/>
        <line num="201" count="4" type="stmt"/>
        <line num="202" count="4" type="stmt"/>
        <line num="203" count="9" type="cond" truecount="2" falsecount="0"/>
        <line num="207" count="3" type="stmt"/>
        <line num="208" count="3" type="stmt"/>
        <line num="209" count="3" type="stmt"/>
        <line num="212" count="3" type="stmt"/>
        <line num="213" count="8" type="stmt"/>
        <line num="214" count="8" type="cond" truecount="2" falsecount="0"/>
        <line num="215" count="3" type="stmt"/>
        <line num="216" count="3" type="stmt"/>
        <line num="219" count="5" type="stmt"/>
        <line num="220" count="5" type="cond" truecount="2" falsecount="0"/>
        <line num="221" count="3" type="stmt"/>
        <line num="222" count="3" type="stmt"/>
        <line num="225" count="2" type="stmt"/>
        <line num="229" count="3" type="cond" truecount="2" falsecount="0"/>
        <line num="237" count="2" type="stmt"/>
        <line num="241" count="2" type="stmt"/>
        <line num="242" count="4" type="stmt"/>
        <line num="244" count="0" type="stmt"/>
        <line num="258" count="3" type="stmt"/>
        <line num="259" count="8" type="stmt"/>
        <line num="260" count="8" type="stmt"/>
        <line num="261" count="8" type="stmt"/>
        <line num="264" count="8" type="stmt"/>
        <line num="265" count="8" type="cond" truecount="2" falsecount="0"/>
        <line num="266" count="7" type="cond" truecount="2" falsecount="0"/>
        <line num="267" count="11" type="stmt"/>
        <line num="268" count="6" type="cond" truecount="2" falsecount="0"/>
        <line num="270" count="1" type="stmt"/>
        <line num="271" count="1" type="cond" truecount="1" falsecount="1"/>
        <line num="274" count="6" type="cond" truecount="2" falsecount="0"/>
        <line num="276" count="5" type="stmt"/>
        <line num="277" count="5" type="stmt"/>
        <line num="278" count="12" type="cond" truecount="2" falsecount="0"/>
        <line num="282" count="4" type="stmt"/>
        <line num="283" count="4" type="stmt"/>
        <line num="284" count="4" type="stmt"/>
        <line num="287" count="4" type="stmt"/>
        <line num="288" count="11" type="stmt"/>
        <line num="289" count="11" type="cond" truecount="2" falsecount="0"/>
        <line num="290" count="4" type="stmt"/>
        <line num="291" count="4" type="stmt"/>
        <line num="294" count="7" type="stmt"/>
        <line num="295" count="7" type="cond" truecount="4" falsecount="0"/>
        <line num="296" count="5" type="stmt"/>
        <line num="297" count="5" type="stmt"/>
        <line num="300" count="2" type="stmt"/>
        <line num="304" count="4" type="cond" truecount="2" falsecount="0"/>
        <line num="305" count="2" type="cond" truecount="1" falsecount="1"/>
        <line num="306" count="0" type="cond" truecount="0" falsecount="2"/>
        <line num="307" count="0" type="stmt"/>
        <line num="309" count="0" type="stmt"/>
        <line num="311" count="2" type="stmt"/>
        <line num="316" count="2" type="stmt"/>
        <line num="318" count="0" type="stmt"/>
        <line num="331" count="3" type="stmt"/>
        <line num="332" count="9" type="stmt"/>
        <line num="334" count="9" type="stmt"/>
        <line num="335" count="9" type="stmt"/>
        <line num="336" count="9" type="cond" truecount="2" falsecount="0"/>
        <line num="337" count="1" type="stmt"/>
        <line num="340" count="8" type="cond" truecount="2" falsecount="0"/>
        <line num="342" count="6" type="stmt"/>
        <line num="343" count="6" type="cond" truecount="2" falsecount="0"/>
        <line num="344" count="4" type="cond" truecount="2" falsecount="0"/>
        <line num="347" count="3" type="stmt"/>
        <line num="350" count="3" type="stmt"/>
        <line num="351" count="3" type="cond" truecount="2" falsecount="0"/>
        <line num="352" count="2" type="stmt"/>
        <line num="353" count="2" type="stmt"/>
        <line num="354" count="2" type="cond" truecount="2" falsecount="0"/>
        <line num="355" count="1" type="stmt"/>
        <line num="357" count="1" type="stmt"/>
        <line num="361" count="3" type="stmt"/>
        <line num="362" count="3" type="stmt"/>
        <line num="365" count="3" type="stmt"/>
        <line num="366" count="3" type="stmt"/>
        <line num="368" count="0" type="stmt"/>
        <line num="379" count="3" type="stmt"/>
        <line num="380" count="5" type="stmt"/>
        <line num="382" count="5" type="stmt"/>
        <line num="383" count="5" type="cond" truecount="2" falsecount="0"/>
        <line num="385" count="3" type="stmt"/>
        <line num="386" count="3" type="stmt"/>
        <line num="387" count="3" type="cond" truecount="2" falsecount="0"/>
        <line num="388" count="2" type="stmt"/>
        <line num="389" count="2" type="cond" truecount="2" falsecount="0"/>
        <line num="390" count="1" type="stmt"/>
        <line num="391" count="1" type="stmt"/>
        <line num="392" count="1" type="stmt"/>
        <line num="394" count="0" type="stmt"/>
      </file>
      <file name="utils.js" path="D:\SCUOLA\Universita\Magistrale\Primo_anno\SoftEng\ezwallet\code\controllers\utils.js">
        <metrics statements="133" coveredstatements="119" conditionals="134" coveredconditionals="119" methods="7" coveredmethods="7"/>
        <line num="13" count="4" type="stmt"/>
        <line num="14" count="19" type="stmt"/>
        <line num="15" count="19" type="stmt"/>
        <line num="17" count="19" type="cond" truecount="2" falsecount="0"/>
        <line num="18" count="9" type="stmt"/>
        <line num="22" count="10" type="cond" truecount="2" falsecount="0"/>
        <line num="23" count="3" type="stmt"/>
        <line num="27" count="7" type="cond" truecount="4" falsecount="0"/>
        <line num="28" count="2" type="stmt"/>
        <line num="29" count="2" type="stmt"/>
        <line num="30" count="2" type="stmt"/>
        <line num="34" count="5" type="cond" truecount="2" falsecount="0"/>
        <line num="35" count="1" type="stmt"/>
        <line num="39" count="4" type="cond" truecount="2" falsecount="0"/>
        <line num="40" count="1" type="stmt"/>
        <line num="44" count="3" type="stmt"/>
        <line num="75" count="4" type="stmt"/>
        <line num="76" count="131" type="stmt"/>
        <line num="77" count="131" type="cond" truecount="4" falsecount="0"/>
        <line num="78" count="13" type="stmt"/>
        <line num="80" count="118" type="stmt"/>
        <line num="81" count="118" type="stmt"/>
        <line num="82" count="108" type="stmt"/>
        <line num="83" count="108" type="cond" truecount="5" falsecount="0"/>
        <line num="84" count="1" type="stmt"/>
        <line num="86" count="107" type="cond" truecount="5" falsecount="0"/>
        <line num="87" count="1" type="stmt"/>
        <line num="89" count="106" type="cond" truecount="5" falsecount="0"/>
        <line num="90" count="1" type="stmt"/>
        <line num="92" count="105" type="cond" truecount="4" falsecount="1"/>
        <line num="94" count="24" type="cond" truecount="2" falsecount="0"/>
        <line num="95" count="4" type="stmt"/>
        <line num="97" count="20" type="stmt"/>
        <line num="99" count="54" type="cond" truecount="2" falsecount="0"/>
        <line num="100" count="10" type="stmt"/>
        <line num="102" count="44" type="stmt"/>
        <line num="104" count="27" type="stmt"/>
        <line num="105" count="18" type="cond" truecount="2" falsecount="0"/>
        <line num="106" count="4" type="stmt"/>
        <line num="108" count="14" type="stmt"/>
        <line num="110" count="9" type="stmt"/>
        <line num="112" count="0" type="stmt"/>
        <line num="114" count="87" type="stmt"/>
        <line num="116" count="10" type="cond" truecount="2" falsecount="0"/>
        <line num="117" count="9" type="stmt"/>
        <line num="118" count="9" type="stmt"/>
        <line num="119" count="7" type="stmt"/>
        <line num="125" count="7" type="stmt"/>
        <line num="126" count="4" type="stmt"/>
        <line num="127" count="4" type="cond" truecount="4" falsecount="1"/>
        <line num="129" count="1" type="cond" truecount="1" falsecount="1"/>
        <line num="130" count="0" type="stmt"/>
        <line num="132" count="1" type="stmt"/>
        <line num="134" count="1" type="cond" truecount="1" falsecount="1"/>
        <line num="135" count="0" type="stmt"/>
        <line num="137" count="1" type="stmt"/>
        <line num="139" count="1" type="cond" truecount="1" falsecount="1"/>
        <line num="140" count="0" type="stmt"/>
        <line num="142" count="1" type="stmt"/>
        <line num="144" count="1" type="stmt"/>
        <line num="146" count="0" type="stmt"/>
        <line num="148" count="4" type="stmt"/>
        <line num="150" count="5" type="cond" truecount="2" falsecount="0"/>
        <line num="151" count="1" type="stmt"/>
        <line num="153" count="4" type="stmt"/>
        <line num="157" count="1" type="stmt"/>
        <line num="169" count="4" type="stmt"/>
        <line num="171" count="12" type="stmt"/>
        <line num="172" count="12" type="stmt"/>
        <line num="175" count="12" type="cond" truecount="2" falsecount="0"/>
        <line num="176" count="10" type="stmt"/>
        <line num="177" count="10" type="cond" truecount="2" falsecount="0"/>
        <line num="178" count="3" type="stmt"/>
        <line num="182" count="9" type="stmt"/>
        <line num="183" count="9" type="stmt"/>
        <line num="185" count="9" type="stmt"/>
        <line num="187" count="9" type="cond" truecount="4" falsecount="0"/>
        <line num="188" count="3" type="stmt"/>
        <line num="189" count="3" type="stmt"/>
        <line num="191" count="6" type="cond" truecount="2" falsecount="2"/>
        <line num="192" count="0" type="stmt"/>
        <line num="193" count="0" type="stmt"/>
        <line num="195" count="6" type="cond" truecount="2" falsecount="2"/>
        <line num="196" count="0" type="stmt"/>
        <line num="197" count="0" type="stmt"/>
        <line num="199" count="6" type="cond" truecount="4" falsecount="0"/>
        <line num="200" count="1" type="stmt"/>
        <line num="201" count="1" type="stmt"/>
        <line num="203" count="5" type="cond" truecount="4" falsecount="0"/>
        <line num="204" count="1" type="stmt"/>
        <line num="205" count="1" type="stmt"/>
        <line num="208" count="4" type="stmt"/>
        <line num="214" count="22" type="stmt"/>
        <line num="216" count="22" type="stmt"/>
        <line num="217" count="22" type="stmt"/>
        <line num="218" count="22" type="stmt"/>
        <line num="219" count="22" type="stmt"/>
        <line num="220" count="22" type="stmt"/>
        <line num="221" count="22" type="stmt"/>
        <line num="222" count="22" type="stmt"/>
        <line num="223" count="22" type="cond" truecount="5" falsecount="0"/>
        <line num="224" count="16" type="stmt"/>
        <line num="226" count="6" type="stmt"/>
        <line num="230" count="0" type="stmt"/>
        <line num="235" count="19" type="cond" truecount="4" falsecount="0"/>
        <line num="237" count="2" type="stmt"/>
        <line num="240" count="17" type="cond" truecount="4" falsecount="0"/>
        <line num="242" count="2" type="stmt"/>
        <line num="245" count="15" type="cond" truecount="4" falsecount="0"/>
        <line num="247" count="2" type="stmt"/>
        <line num="250" count="13" type="cond" truecount="5" falsecount="0"/>
        <line num="252" count="3" type="stmt"/>
        <line num="255" count="10" type="cond" truecount="4" falsecount="0"/>
        <line num="257" count="2" type="stmt"/>
        <line num="258" count="2" type="stmt"/>
        <line num="259" count="2" type="cond" truecount="1" falsecount="1"/>
        <line num="260" count="0" type="stmt"/>
        <line num="263" count="10" type="stmt"/>
        <line num="269" count="10" type="cond" truecount="4" falsecount="0"/>
        <line num="270" count="1" type="stmt"/>
        <line num="273" count="9" type="cond" truecount="4" falsecount="0"/>
        <line num="274" count="1" type="stmt"/>
        <line num="277" count="8" type="cond" truecount="4" falsecount="0"/>
        <line num="278" count="2" type="stmt"/>
        <line num="281" count="6" type="cond" truecount="4" falsecount="0"/>
        <line num="282" count="1" type="stmt"/>
        <line num="285" count="5" type="cond" truecount="1" falsecount="1"/>
        <line num="286" count="0" type="stmt"/>
        <line num="289" count="5" type="cond" truecount="1" falsecount="1"/>
        <line num="290" count="0" type="stmt"/>
        <line num="293" count="5" type="cond" truecount="2" falsecount="3"/>
        <line num="294" count="0" type="stmt"/>
        <line num="297" count="5" type="stmt"/>
      </file>
    </package>
    <package name="code.models">
      <metrics statements="8" coveredstatements="8" conditionals="0" coveredconditionals="0" methods="0" coveredmethods="0"/>
      <file name="User.js" path="D:\SCUOLA\Universita\Magistrale\Primo_anno\SoftEng\ezwallet\code\models\User.js">
        <metrics statements="4" coveredstatements="4" conditionals="0" coveredconditionals="0" methods="0" coveredmethods="0"/>
        <line num="3" count="4" type="stmt"/>
        <line num="30" count="4" type="stmt"/>
        <line num="51" count="4" type="stmt"/>
        <line num="52" count="4" type="stmt"/>
      </file>
      <file name="model.js" path="D:\SCUOLA\Universita\Magistrale\Primo_anno\SoftEng\ezwallet\code\models\model.js">
        <metrics statements="4" coveredstatements="4" conditionals="0" coveredconditionals="0" methods="0" coveredmethods="0"/>
        <line num="3" count="3" type="stmt"/>
        <line num="18" count="3" type="stmt"/>
        <line num="40" count="3" type="stmt"/>
        <line num="41" count="3" type="stmt"/>
      </file>
    </package>
    <package name="code.routes">
      <metrics statements="32" coveredstatements="32" conditionals="0" coveredconditionals="0" methods="0" coveredmethods="0"/>
      <file name="route.js" path="D:\SCUOLA\Universita\Magistrale\Primo_anno\SoftEng\ezwallet\code\routes\route.js">
        <metrics statements="32" coveredstatements="32" conditionals="0" coveredconditionals="0" methods="0" coveredmethods="0"/>
        <line num="13" count="3" type="stmt"/>
        <line num="18" count="3" type="stmt"/>
        <line num="19" count="3" type="stmt"/>
        <line num="20" count="3" type="stmt"/>
        <line num="25" count="3" type="stmt"/>
        <line num="26" count="3" type="stmt"/>
        <line num="27" count="3" type="stmt"/>
        <line num="28" count="3" type="stmt"/>
        <line num="29" count="3" type="stmt"/>
        <line num="30" count="3" type="stmt"/>
        <line num="31" count="3" type="stmt"/>
        <line num="32" count="3" type="stmt"/>
        <line num="33" count="3" type="stmt"/>
        <line num="34" count="3" type="stmt"/>
        <line num="35" count="3" type="stmt"/>
        <line num="36" count="3" type="stmt"/>
        <line num="41" count="3" type="stmt"/>
        <line num="42" count="3" type="stmt"/>
        <line num="43" count="3" type="stmt"/>
        <line num="44" count="3" type="stmt"/>
        <line num="45" count="3" type="stmt"/>
        <line num="46" count="3" type="stmt"/>
        <line num="47" count="3" type="stmt"/>
        <line num="48" count="3" type="stmt"/>
        <line num="49" count="3" type="stmt"/>
        <line num="50" count="3" type="stmt"/>
        <line num="51" count="3" type="stmt"/>
        <line num="52" count="3" type="stmt"/>
        <line num="53" count="3" type="stmt"/>
        <line num="54" count="3" type="stmt"/>
        <line num="55" count="3" type="stmt"/>
        <line num="60" count="3" type="stmt"/>
      </file>
    </package>
    <package name="code.test_official">
      <metrics statements="8" coveredstatements="8" conditionals="0" coveredconditionals="0" methods="0" coveredmethods="0"/>
      <file name="tokens.js" path="D:\SCUOLA\Universita\Magistrale\Primo_anno\SoftEng\ezwallet\code\test_official\tokens.js">
        <metrics statements="8" coveredstatements="8" conditionals="0" coveredconditionals="0" methods="0" coveredmethods="0"/>
        <line num="9" count="4" type="stmt"/>
        <line num="10" count="4" type="stmt"/>
        <line num="19" count="4" type="stmt"/>
        <line num="20" count="4" type="stmt"/>
        <line num="30" count="4" type="stmt"/>
        <line num="40" count="4" type="stmt"/>
        <line num="47" count="4" type="stmt"/>
        <line num="54" count="4" type="stmt"/>
      </file>
    </package>
  </project>
</coverage>
