{"D:\\SCUOLA\\Universita\\Magistrale\\Primo_anno\\SoftEng\\ezwallet\\code\\app.js": {"path":"D:\\SCUOLA\\Universita\\Magistrale\\Primo_anno\\SoftEng\\ezwallet\\code\\app.js","statementMap":{"0":{"start":{"line":7,"column":12},"end":{"line":7,"column":21}},"1":{"start":{"line":8,"column":13},"end":{"line":8,"column":37}},"2":{"start":{"line":10,"column":0},"end":{"line":10,"column":34}},"3":{"start":{"line":12,"column":0},"end":{"line":12,"column":16}},"4":{"start":{"line":13,"column":0},"end":{"line":13,"column":24}},"5":{"start":{"line":14,"column":0},"end":{"line":14,"column":24}},"6":{"start":{"line":15,"column":0},"end":{"line":15,"column":24}}},"fnMap":{},"branchMap":{"0":{"loc":{"start":{"line":8,"column":13},"end":{"line":8,"column":37}},"type":"binary-expr","locations":[{"start":{"line":8,"column":13},"end":{"line":8,"column":29}},{"start":{"line":8,"column":33},"end":{"line":8,"column":37}}],"line":8}},"s":{"0":3,"1":3,"2":3,"3":3,"4":3,"5":3,"6":3},"f":{},"b":{"0":[3,3]},"_coverageSchema":"1a1c01bbd47fc00a2c39e90264f33305004495a9","hash":"be8e0a3f6fb7d1faae28bcf69e919da42d5d1788"}
,"D:\\SCUOLA\\Universita\\Magistrale\\Primo_anno\\SoftEng\\ezwallet\\code\\controllers\\auth.js": {"path":"D:\\SCUOLA\\Universita\\Magistrale\\Primo_anno\\SoftEng\\ezwallet\\code\\controllers\\auth.js","statementMap":{"0":{"start":{"line":7,"column":25},"end":{"line":7,"column":53}},"1":{"start":{"line":8,"column":4},"end":{"line":8,"column":36}},"2":{"start":{"line":18,"column":24},"end":{"line":40,"column":1}},"3":{"start":{"line":19,"column":4},"end":{"line":39,"column":5}},"4":{"start":{"line":20,"column":23},"end":{"line":20,"column":50}},"5":{"start":{"line":21,"column":20},"end":{"line":21,"column":44}},"6":{"start":{"line":22,"column":23},"end":{"line":22,"column":50}},"7":{"start":{"line":23,"column":8},"end":{"line":23,"column":105}},"8":{"start":{"line":23,"column":41},"end":{"line":23,"column":105}},"9":{"start":{"line":24,"column":8},"end":{"line":24,"column":125}},"10":{"start":{"line":24,"column":62},"end":{"line":24,"column":125}},"11":{"start":{"line":25,"column":8},"end":{"line":25,"column":94}},"12":{"start":{"line":25,"column":33},"end":{"line":25,"column":94}},"13":{"start":{"line":27,"column":29},"end":{"line":27,"column":100}},"14":{"start":{"line":28,"column":8},"end":{"line":28,"column":95}},"15":{"start":{"line":28,"column":26},"end":{"line":28,"column":95}},"16":{"start":{"line":30,"column":31},"end":{"line":30,"column":62}},"17":{"start":{"line":31,"column":24},"end":{"line":35,"column":10}},"18":{"start":{"line":36,"column":8},"end":{"line":36,"column":73}},"19":{"start":{"line":38,"column":8},"end":{"line":38,"column":50}},"20":{"start":{"line":49,"column":29},"end":{"line":73,"column":1}},"21":{"start":{"line":50,"column":4},"end":{"line":71,"column":5}},"22":{"start":{"line":51,"column":23},"end":{"line":51,"column":50}},"23":{"start":{"line":52,"column":20},"end":{"line":52,"column":44}},"24":{"start":{"line":53,"column":23},"end":{"line":53,"column":50}},"25":{"start":{"line":54,"column":8},"end":{"line":54,"column":105}},"26":{"start":{"line":54,"column":41},"end":{"line":54,"column":105}},"27":{"start":{"line":55,"column":8},"end":{"line":55,"column":126}},"28":{"start":{"line":55,"column":62},"end":{"line":55,"column":126}},"29":{"start":{"line":56,"column":8},"end":{"line":56,"column":94}},"30":{"start":{"line":56,"column":33},"end":{"line":56,"column":94}},"31":{"start":{"line":58,"column":29},"end":{"line":58,"column":100}},"32":{"start":{"line":59,"column":8},"end":{"line":59,"column":95}},"33":{"start":{"line":59,"column":26},"end":{"line":59,"column":95}},"34":{"start":{"line":61,"column":31},"end":{"line":61,"column":62}},"35":{"start":{"line":62,"column":24},"end":{"line":67,"column":10}},"36":{"start":{"line":68,"column":8},"end":{"line":68,"column":74}},"37":{"start":{"line":70,"column":8},"end":{"line":70,"column":50}},"38":{"start":{"line":83,"column":21},"end":{"line":117,"column":1}},"39":{"start":{"line":84,"column":32},"end":{"line":84,"column":40}},"40":{"start":{"line":85,"column":4},"end":{"line":85,"column":90}},"41":{"start":{"line":85,"column":26},"end":{"line":85,"column":90}},"42":{"start":{"line":86,"column":4},"end":{"line":86,"column":104}},"43":{"start":{"line":86,"column":40},"end":{"line":86,"column":104}},"44":{"start":{"line":87,"column":4},"end":{"line":87,"column":90}},"45":{"start":{"line":87,"column":29},"end":{"line":87,"column":90}},"46":{"start":{"line":88,"column":19},"end":{"line":88,"column":30}},"47":{"start":{"line":89,"column":4},"end":{"line":116,"column":5}},"48":{"start":{"line":90,"column":29},"end":{"line":90,"column":72}},"49":{"start":{"line":91,"column":8},"end":{"line":91,"column":93}},"50":{"start":{"line":91,"column":27},"end":{"line":91,"column":93}},"51":{"start":{"line":92,"column":22},"end":{"line":92,"column":75}},"52":{"start":{"line":93,"column":8},"end":{"line":93,"column":76}},"53":{"start":{"line":93,"column":20},"end":{"line":93,"column":76}},"54":{"start":{"line":95,"column":28},"end":{"line":100,"column":55}},"55":{"start":{"line":102,"column":29},"end":{"line":107,"column":55}},"56":{"start":{"line":109,"column":8},"end":{"line":109,"column":48}},"57":{"start":{"line":110,"column":26},"end":{"line":110,"column":51}},"58":{"start":{"line":111,"column":8},"end":{"line":111,"column":157}},"59":{"start":{"line":112,"column":8},"end":{"line":112,"column":168}},"60":{"start":{"line":113,"column":8},"end":{"line":113,"column":95}},"61":{"start":{"line":115,"column":8},"end":{"line":115,"column":51}},"62":{"start":{"line":127,"column":22},"end":{"line":142,"column":1}},"63":{"start":{"line":128,"column":25},"end":{"line":128,"column":49}},"64":{"start":{"line":129,"column":4},"end":{"line":129,"column":76}},"65":{"start":{"line":129,"column":23},"end":{"line":129,"column":76}},"66":{"start":{"line":130,"column":4},"end":{"line":141,"column":5}},"67":{"start":{"line":132,"column":21},"end":{"line":132,"column":71}},"68":{"start":{"line":133,"column":8},"end":{"line":133,"column":72}},"69":{"start":{"line":133,"column":19},"end":{"line":133,"column":72}},"70":{"start":{"line":134,"column":8},"end":{"line":134,"column":32}},"71":{"start":{"line":135,"column":8},"end":{"line":135,"column":114}},"72":{"start":{"line":136,"column":8},"end":{"line":136,"column":115}},"73":{"start":{"line":137,"column":26},"end":{"line":137,"column":43}},"74":{"start":{"line":138,"column":8},"end":{"line":138,"column":66}},"75":{"start":{"line":140,"column":8},"end":{"line":140,"column":51}}},"fnMap":{"0":{"name":"isValidEmail","decl":{"start":{"line":6,"column":9},"end":{"line":6,"column":21}},"loc":{"start":{"line":6,"column":28},"end":{"line":9,"column":1}},"line":6},"1":{"name":"(anonymous_1)","decl":{"start":{"line":18,"column":24},"end":{"line":18,"column":25}},"loc":{"start":{"line":18,"column":44},"end":{"line":40,"column":1}},"line":18},"2":{"name":"(anonymous_2)","decl":{"start":{"line":49,"column":29},"end":{"line":49,"column":30}},"loc":{"start":{"line":49,"column":49},"end":{"line":73,"column":1}},"line":49},"3":{"name":"(anonymous_3)","decl":{"start":{"line":83,"column":21},"end":{"line":83,"column":22}},"loc":{"start":{"line":83,"column":41},"end":{"line":117,"column":1}},"line":83},"4":{"name":"(anonymous_4)","decl":{"start":{"line":127,"column":22},"end":{"line":127,"column":23}},"loc":{"start":{"line":127,"column":42},"end":{"line":142,"column":1}},"line":127}},"branchMap":{"0":{"loc":{"start":{"line":20,"column":23},"end":{"line":20,"column":50}},"type":"binary-expr","locations":[{"start":{"line":20,"column":23},"end":{"line":20,"column":31}},{"start":{"line":20,"column":33},"end":{"line":20,"column":50}}],"line":20},"1":{"loc":{"start":{"line":21,"column":20},"end":{"line":21,"column":44}},"type":"binary-expr","locations":[{"start":{"line":21,"column":20},"end":{"line":21,"column":28}},{"start":{"line":21,"column":30},"end":{"line":21,"column":44}}],"line":21},"2":{"loc":{"start":{"line":22,"column":23},"end":{"line":22,"column":50}},"type":"binary-expr","locations":[{"start":{"line":22,"column":23},"end":{"line":22,"column":31}},{"start":{"line":22,"column":33},"end":{"line":22,"column":50}}],"line":22},"3":{"loc":{"start":{"line":23,"column":8},"end":{"line":23,"column":105}},"type":"if","locations":[{"start":{"line":23,"column":8},"end":{"line":23,"column":105}},{"start":{},"end":{}}],"line":23},"4":{"loc":{"start":{"line":23,"column":11},"end":{"line":23,"column":39}},"type":"binary-expr","locations":[{"start":{"line":23,"column":11},"end":{"line":23,"column":20}},{"start":{"line":23,"column":22},"end":{"line":23,"column":28}},{"start":{"line":23,"column":30},"end":{"line":23,"column":39}}],"line":23},"5":{"loc":{"start":{"line":24,"column":8},"end":{"line":24,"column":125}},"type":"if","locations":[{"start":{"line":24,"column":8},"end":{"line":24,"column":125}},{"start":{},"end":{}}],"line":24},"6":{"loc":{"start":{"line":24,"column":11},"end":{"line":24,"column":60}},"type":"binary-expr","locations":[{"start":{"line":24,"column":11},"end":{"line":24,"column":27}},{"start":{"line":24,"column":29},"end":{"line":24,"column":42}},{"start":{"line":24,"column":44},"end":{"line":24,"column":60}}],"line":24},"7":{"loc":{"start":{"line":25,"column":8},"end":{"line":25,"column":94}},"type":"if","locations":[{"start":{"line":25,"column":8},"end":{"line":25,"column":94}},{"start":{},"end":{}}],"line":25},"8":{"loc":{"start":{"line":28,"column":8},"end":{"line":28,"column":95}},"type":"if","locations":[{"start":{"line":28,"column":8},"end":{"line":28,"column":95}},{"start":{},"end":{}}],"line":28},"9":{"loc":{"start":{"line":51,"column":23},"end":{"line":51,"column":50}},"type":"binary-expr","locations":[{"start":{"line":51,"column":23},"end":{"line":51,"column":31}},{"start":{"line":51,"column":33},"end":{"line":51,"column":50}}],"line":51},"10":{"loc":{"start":{"line":52,"column":20},"end":{"line":52,"column":44}},"type":"binary-expr","locations":[{"start":{"line":52,"column":20},"end":{"line":52,"column":28}},{"start":{"line":52,"column":30},"end":{"line":52,"column":44}}],"line":52},"11":{"loc":{"start":{"line":53,"column":23},"end":{"line":53,"column":50}},"type":"binary-expr","locations":[{"start":{"line":53,"column":23},"end":{"line":53,"column":31}},{"start":{"line":53,"column":33},"end":{"line":53,"column":50}}],"line":53},"12":{"loc":{"start":{"line":54,"column":8},"end":{"line":54,"column":105}},"type":"if","locations":[{"start":{"line":54,"column":8},"end":{"line":54,"column":105}},{"start":{},"end":{}}],"line":54},"13":{"loc":{"start":{"line":54,"column":11},"end":{"line":54,"column":39}},"type":"binary-expr","locations":[{"start":{"line":54,"column":11},"end":{"line":54,"column":20}},{"start":{"line":54,"column":22},"end":{"line":54,"column":28}},{"start":{"line":54,"column":30},"end":{"line":54,"column":39}}],"line":54},"14":{"loc":{"start":{"line":55,"column":8},"end":{"line":55,"column":126}},"type":"if","locations":[{"start":{"line":55,"column":8},"end":{"line":55,"column":126}},{"start":{},"end":{}}],"line":55},"15":{"loc":{"start":{"line":55,"column":11},"end":{"line":55,"column":60}},"type":"binary-expr","locations":[{"start":{"line":55,"column":11},"end":{"line":55,"column":27}},{"start":{"line":55,"column":29},"end":{"line":55,"column":42}},{"start":{"line":55,"column":44},"end":{"line":55,"column":60}}],"line":55},"16":{"loc":{"start":{"line":56,"column":8},"end":{"line":56,"column":94}},"type":"if","locations":[{"start":{"line":56,"column":8},"end":{"line":56,"column":94}},{"start":{},"end":{}}],"line":56},"17":{"loc":{"start":{"line":59,"column":8},"end":{"line":59,"column":95}},"type":"if","locations":[{"start":{"line":59,"column":8},"end":{"line":59,"column":95}},{"start":{},"end":{}}],"line":59},"18":{"loc":{"start":{"line":85,"column":4},"end":{"line":85,"column":90}},"type":"if","locations":[{"start":{"line":85,"column":4},"end":{"line":85,"column":90}},{"start":{},"end":{}}],"line":85},"19":{"loc":{"start":{"line":85,"column":7},"end":{"line":85,"column":24}},"type":"binary-expr","locations":[{"start":{"line":85,"column":7},"end":{"line":85,"column":13}},{"start":{"line":85,"column":15},"end":{"line":85,"column":24}}],"line":85},"20":{"loc":{"start":{"line":86,"column":4},"end":{"line":86,"column":104}},"type":"if","locations":[{"start":{"line":86,"column":4},"end":{"line":86,"column":104}},{"start":{},"end":{}}],"line":86},"21":{"loc":{"start":{"line":86,"column":7},"end":{"line":86,"column":38}},"type":"binary-expr","locations":[{"start":{"line":86,"column":7},"end":{"line":86,"column":20}},{"start":{"line":86,"column":22},"end":{"line":86,"column":38}}],"line":86},"22":{"loc":{"start":{"line":87,"column":4},"end":{"line":87,"column":90}},"type":"if","locations":[{"start":{"line":87,"column":4},"end":{"line":87,"column":90}},{"start":{},"end":{}}],"line":87},"23":{"loc":{"start":{"line":91,"column":8},"end":{"line":91,"column":93}},"type":"if","locations":[{"start":{"line":91,"column":8},"end":{"line":91,"column":93}},{"start":{},"end":{}}],"line":91},"24":{"loc":{"start":{"line":93,"column":8},"end":{"line":93,"column":76}},"type":"if","locations":[{"start":{"line":93,"column":8},"end":{"line":93,"column":76}},{"start":{},"end":{}}],"line":93},"25":{"loc":{"start":{"line":129,"column":4},"end":{"line":129,"column":76}},"type":"if","locations":[{"start":{"line":129,"column":4},"end":{"line":129,"column":76}},{"start":{},"end":{}}],"line":129},"26":{"loc":{"start":{"line":133,"column":8},"end":{"line":133,"column":72}},"type":"if","locations":[{"start":{"line":133,"column":8},"end":{"line":133,"column":72}},{"start":{},"end":{}}],"line":133}},"s":{"0":12,"1":12,"2":3,"3":5,"4":5,"5":5,"6":5,"7":5,"8":1,"9":4,"10":0,"11":4,"12":1,"13":3,"14":3,"15":2,"16":1,"17":1,"18":1,"19":0,"20":3,"21":5,"22":5,"23":5,"24":5,"25":5,"26":1,"27":4,"28":0,"29":4,"30":1,"31":3,"32":3,"33":2,"34":1,"35":1,"36":1,"37":0,"38":3,"39":5,"40":5,"41":1,"42":4,"43":0,"44":4,"45":1,"46":3,"47":3,"48":3,"49":3,"50":1,"51":2,"52":2,"53":1,"54":1,"55":1,"56":1,"57":1,"58":1,"59":1,"60":1,"61":0,"62":3,"63":3,"64":3,"65":1,"66":2,"67":2,"68":2,"69":1,"70":1,"71":1,"72":1,"73":1,"74":1,"75":0},"f":{"0":12,"1":5,"2":5,"3":5,"4":3},"b":{"0":[5,5],"1":[5,5],"2":[5,5],"3":[1,4],"4":[5,4,4],"5":[0,4],"6":[4,4,4],"7":[1,3],"8":[2,1],"9":[5,5],"10":[5,5],"11":[5,5],"12":[1,4],"13":[5,4,4],"14":[0,4],"15":[4,4,4],"16":[1,3],"17":[2,1],"18":[1,4],"19":[5,4],"20":[0,4],"21":[4,4],"22":[1,3],"23":[1,2],"24":[1,1],"25":[1,2],"26":[1,1]},"_coverageSchema":"1a1c01bbd47fc00a2c39e90264f33305004495a9","hash":"0a2794f25d3244335341ab6342f1786b7ea94244"}
,"D:\\SCUOLA\\Universita\\Magistrale\\Primo_anno\\SoftEng\\ezwallet\\code\\controllers\\controller.js": {"path":"D:\\SCUOLA\\Universita\\Magistrale\\Primo_anno\\SoftEng\\ezwallet\\code\\controllers\\controller.js","statementMap":{"0":{"start":{"line":10,"column":30},"end":{"line":26,"column":1}},"1":{"start":{"line":11,"column":4},"end":{"line":25,"column":5}},"2":{"start":{"line":12,"column":26},"end":{"line":12,"column":66}},"3":{"start":{"line":13,"column":8},"end":{"line":13,"column":89}},"4":{"start":{"line":13,"column":35},"end":{"line":13,"column":89}},"5":{"start":{"line":14,"column":19},"end":{"line":14,"column":42}},"6":{"start":{"line":15,"column":20},"end":{"line":15,"column":44}},"7":{"start":{"line":16,"column":8},"end":{"line":16,"column":93}},"8":{"start":{"line":16,"column":29},"end":{"line":16,"column":93}},"9":{"start":{"line":17,"column":8},"end":{"line":17,"column":104}},"10":{"start":{"line":17,"column":40},"end":{"line":17,"column":104}},"11":{"start":{"line":18,"column":23},"end":{"line":18,"column":61}},"12":{"start":{"line":19,"column":8},"end":{"line":19,"column":86}},"13":{"start":{"line":19,"column":22},"end":{"line":19,"column":86}},"14":{"start":{"line":20,"column":31},"end":{"line":20,"column":60}},"15":{"start":{"line":21,"column":19},"end":{"line":21,"column":46}},"16":{"start":{"line":22,"column":8},"end":{"line":22,"column":123}},"17":{"start":{"line":24,"column":8},"end":{"line":24,"column":51}},"18":{"start":{"line":36,"column":30},"end":{"line":68,"column":1}},"19":{"start":{"line":37,"column":4},"end":{"line":67,"column":5}},"20":{"start":{"line":38,"column":19},"end":{"line":38,"column":57}},"21":{"start":{"line":39,"column":8},"end":{"line":39,"column":77}},"22":{"start":{"line":39,"column":29},"end":{"line":39,"column":77}},"23":{"start":{"line":40,"column":21},"end":{"line":40,"column":36}},"24":{"start":{"line":41,"column":24},"end":{"line":41,"column":47}},"25":{"start":{"line":42,"column":26},"end":{"line":42,"column":50}},"26":{"start":{"line":43,"column":8},"end":{"line":45,"column":9}},"27":{"start":{"line":44,"column":12},"end":{"line":44,"column":77}},"28":{"start":{"line":46,"column":8},"end":{"line":46,"column":112}},"29":{"start":{"line":46,"column":48},"end":{"line":46,"column":112}},"30":{"start":{"line":48,"column":18},"end":{"line":48,"column":58}},"31":{"start":{"line":49,"column":8},"end":{"line":51,"column":9}},"32":{"start":{"line":50,"column":12},"end":{"line":50,"column":72}},"33":{"start":{"line":53,"column":22},"end":{"line":53,"column":66}},"34":{"start":{"line":54,"column":8},"end":{"line":56,"column":9}},"35":{"start":{"line":55,"column":12},"end":{"line":55,"column":81}},"36":{"start":{"line":58,"column":23},"end":{"line":62,"column":9}},"37":{"start":{"line":63,"column":22},"end":{"line":63,"column":103}},"38":{"start":{"line":64,"column":8},"end":{"line":64,"column":160}},"39":{"start":{"line":66,"column":8},"end":{"line":66,"column":54}},"40":{"start":{"line":77,"column":30},"end":{"line":111,"column":1}},"41":{"start":{"line":78,"column":4},"end":{"line":110,"column":5}},"42":{"start":{"line":79,"column":19},"end":{"line":79,"column":57}},"43":{"start":{"line":80,"column":8},"end":{"line":80,"column":77}},"44":{"start":{"line":80,"column":29},"end":{"line":80,"column":77}},"45":{"start":{"line":81,"column":20},"end":{"line":81,"column":34}},"46":{"start":{"line":82,"column":8},"end":{"line":82,"column":102}},"47":{"start":{"line":82,"column":39},"end":{"line":82,"column":102}},"48":{"start":{"line":83,"column":33},"end":{"line":83,"column":72}},"49":{"start":{"line":84,"column":8},"end":{"line":84,"column":103}},"50":{"start":{"line":84,"column":35},"end":{"line":84,"column":103}},"51":{"start":{"line":86,"column":8},"end":{"line":92,"column":9}},"52":{"start":{"line":87,"column":12},"end":{"line":87,"column":93}},"53":{"start":{"line":87,"column":30},"end":{"line":87,"column":93}},"54":{"start":{"line":88,"column":22},"end":{"line":88,"column":59}},"55":{"start":{"line":89,"column":12},"end":{"line":91,"column":13}},"56":{"start":{"line":90,"column":16},"end":{"line":90,"column":76}},"57":{"start":{"line":95,"column":24},"end":{"line":95,"column":102}},"58":{"start":{"line":96,"column":8},"end":{"line":100,"column":9}},"59":{"start":{"line":98,"column":12},"end":{"line":98,"column":83}},"60":{"start":{"line":99,"column":12},"end":{"line":99,"column":58}},"61":{"start":{"line":99,"column":36},"end":{"line":99,"column":56}},"62":{"start":{"line":101,"column":22},"end":{"line":101,"column":81}},"63":{"start":{"line":103,"column":8},"end":{"line":106,"column":9}},"64":{"start":{"line":104,"column":12},"end":{"line":104,"column":81}},"65":{"start":{"line":105,"column":12},"end":{"line":105,"column":52}},"66":{"start":{"line":107,"column":8},"end":{"line":107,"column":150}},"67":{"start":{"line":109,"column":8},"end":{"line":109,"column":54}},"68":{"start":{"line":120,"column":29},"end":{"line":133,"column":1}},"69":{"start":{"line":121,"column":4},"end":{"line":132,"column":5}},"70":{"start":{"line":122,"column":25},"end":{"line":122,"column":64}},"71":{"start":{"line":123,"column":8},"end":{"line":123,"column":89}},"72":{"start":{"line":123,"column":35},"end":{"line":123,"column":89}},"73":{"start":{"line":125,"column":19},"end":{"line":125,"column":51}},"74":{"start":{"line":127,"column":21},"end":{"line":127,"column":87}},"75":{"start":{"line":127,"column":35},"end":{"line":127,"column":86}},"76":{"start":{"line":129,"column":8},"end":{"line":129,"column":109}},"77":{"start":{"line":131,"column":8},"end":{"line":131,"column":54}},"78":{"start":{"line":142,"column":33},"end":{"line":190,"column":1}},"79":{"start":{"line":143,"column":4},"end":{"line":189,"column":5}},"80":{"start":{"line":144,"column":25},"end":{"line":144,"column":91}},"81":{"start":{"line":145,"column":8},"end":{"line":145,"column":89}},"82":{"start":{"line":145,"column":35},"end":{"line":145,"column":89}},"83":{"start":{"line":147,"column":43},"end":{"line":147,"column":51}},"84":{"start":{"line":149,"column":8},"end":{"line":151,"column":9}},"85":{"start":{"line":150,"column":12},"end":{"line":150,"column":72}},"86":{"start":{"line":153,"column":8},"end":{"line":155,"column":9}},"87":{"start":{"line":154,"column":12},"end":{"line":154,"column":70}},"88":{"start":{"line":158,"column":8},"end":{"line":160,"column":9}},"89":{"start":{"line":159,"column":12},"end":{"line":159,"column":77}},"90":{"start":{"line":162,"column":21},"end":{"line":162,"column":40}},"91":{"start":{"line":163,"column":22},"end":{"line":163,"column":60}},"92":{"start":{"line":164,"column":8},"end":{"line":166,"column":9}},"93":{"start":{"line":165,"column":12},"end":{"line":165,"column":82}},"94":{"start":{"line":169,"column":8},"end":{"line":171,"column":9}},"95":{"start":{"line":170,"column":12},"end":{"line":170,"column":93}},"96":{"start":{"line":174,"column":18},"end":{"line":174,"column":60}},"97":{"start":{"line":175,"column":18},"end":{"line":175,"column":58}},"98":{"start":{"line":176,"column":8},"end":{"line":178,"column":9}},"99":{"start":{"line":177,"column":12},"end":{"line":177,"column":84}},"100":{"start":{"line":180,"column":33},"end":{"line":180,"column":77}},"101":{"start":{"line":182,"column":8},"end":{"line":186,"column":40}},"102":{"start":{"line":184,"column":16},"end":{"line":184,"column":114}},"103":{"start":{"line":186,"column":28},"end":{"line":186,"column":37}},"104":{"start":{"line":188,"column":8},"end":{"line":188,"column":61}},"105":{"start":{"line":199,"column":34},"end":{"line":223,"column":1}},"106":{"start":{"line":200,"column":4},"end":{"line":222,"column":5}},"107":{"start":{"line":201,"column":19},"end":{"line":201,"column":57}},"108":{"start":{"line":202,"column":8},"end":{"line":202,"column":77}},"109":{"start":{"line":202,"column":29},"end":{"line":202,"column":77}},"110":{"start":{"line":206,"column":8},"end":{"line":219,"column":44}},"111":{"start":{"line":217,"column":23},"end":{"line":217,"column":161}},"112":{"start":{"line":217,"column":39},"end":{"line":217,"column":160}},"113":{"start":{"line":218,"column":12},"end":{"line":218,"column":110}},"114":{"start":{"line":219,"column":28},"end":{"line":219,"column":41}},"115":{"start":{"line":221,"column":8},"end":{"line":221,"column":61}},"116":{"start":{"line":234,"column":37},"end":{"line":311,"column":1}},"117":{"start":{"line":235,"column":4},"end":{"line":310,"column":5}},"118":{"start":{"line":238,"column":22},"end":{"line":238,"column":82}},"119":{"start":{"line":239,"column":8},"end":{"line":241,"column":9}},"120":{"start":{"line":240,"column":12},"end":{"line":240,"column":82}},"121":{"start":{"line":243,"column":8},"end":{"line":307,"column":9}},"122":{"start":{"line":245,"column":28},"end":{"line":245,"column":66}},"123":{"start":{"line":246,"column":12},"end":{"line":246,"column":91}},"124":{"start":{"line":246,"column":38},"end":{"line":246,"column":91}},"125":{"start":{"line":247,"column":27},"end":{"line":247,"column":60}},"126":{"start":{"line":248,"column":23},"end":{"line":266,"column":14}},"127":{"start":{"line":262,"column":27},"end":{"line":262,"column":165}},"128":{"start":{"line":262,"column":43},"end":{"line":262,"column":164}},"129":{"start":{"line":263,"column":16},"end":{"line":263,"column":28}},"130":{"start":{"line":265,"column":16},"end":{"line":265,"column":29}},"131":{"start":{"line":267,"column":12},"end":{"line":267,"column":111}},"132":{"start":{"line":270,"column":27},"end":{"line":270,"column":93}},"133":{"start":{"line":271,"column":12},"end":{"line":271,"column":89}},"134":{"start":{"line":271,"column":37},"end":{"line":271,"column":89}},"135":{"start":{"line":275,"column":31},"end":{"line":275,"column":60}},"136":{"start":{"line":276,"column":29},"end":{"line":276,"column":56}},"137":{"start":{"line":277,"column":27},"end":{"line":277,"column":60}},"138":{"start":{"line":279,"column":12},"end":{"line":281,"column":13}},"139":{"start":{"line":280,"column":16},"end":{"line":280,"column":53}},"140":{"start":{"line":282,"column":12},"end":{"line":284,"column":13}},"141":{"start":{"line":283,"column":16},"end":{"line":283,"column":47}},"142":{"start":{"line":287,"column":23},"end":{"line":305,"column":14}},"143":{"start":{"line":301,"column":27},"end":{"line":301,"column":165}},"144":{"start":{"line":301,"column":43},"end":{"line":301,"column":164}},"145":{"start":{"line":302,"column":16},"end":{"line":302,"column":28}},"146":{"start":{"line":304,"column":16},"end":{"line":304,"column":29}},"147":{"start":{"line":306,"column":12},"end":{"line":306,"column":111}},"148":{"start":{"line":309,"column":8},"end":{"line":309,"column":61}},"149":{"start":{"line":321,"column":47},"end":{"line":377,"column":1}},"150":{"start":{"line":322,"column":4},"end":{"line":376,"column":5}},"151":{"start":{"line":324,"column":8},"end":{"line":333,"column":9}},"152":{"start":{"line":326,"column":28},"end":{"line":326,"column":66}},"153":{"start":{"line":327,"column":12},"end":{"line":327,"column":91}},"154":{"start":{"line":327,"column":38},"end":{"line":327,"column":91}},"155":{"start":{"line":331,"column":27},"end":{"line":331,"column":93}},"156":{"start":{"line":332,"column":12},"end":{"line":332,"column":89}},"157":{"start":{"line":332,"column":37},"end":{"line":332,"column":89}},"158":{"start":{"line":335,"column":21},"end":{"line":335,"column":74}},"159":{"start":{"line":336,"column":8},"end":{"line":338,"column":9}},"160":{"start":{"line":337,"column":12},"end":{"line":337,"column":83}},"161":{"start":{"line":341,"column":25},"end":{"line":341,"column":80}},"162":{"start":{"line":342,"column":8},"end":{"line":344,"column":9}},"163":{"start":{"line":343,"column":12},"end":{"line":343,"column":73}},"164":{"start":{"line":352,"column":21},"end":{"line":368,"column":10}},"165":{"start":{"line":369,"column":19},"end":{"line":369,"column":169}},"166":{"start":{"line":369,"column":35},"end":{"line":369,"column":168}},"167":{"start":{"line":371,"column":8},"end":{"line":371,"column":106}},"168":{"start":{"line":375,"column":8},"end":{"line":375,"column":54}},"169":{"start":{"line":387,"column":38},"end":{"line":449,"column":1}},"170":{"start":{"line":388,"column":4},"end":{"line":448,"column":5}},"171":{"start":{"line":390,"column":26},"end":{"line":390,"column":41}},"172":{"start":{"line":393,"column":29},"end":{"line":393,"column":73}},"173":{"start":{"line":394,"column":8},"end":{"line":394,"column":83}},"174":{"start":{"line":394,"column":28},"end":{"line":394,"column":83}},"175":{"start":{"line":397,"column":8},"end":{"line":405,"column":9}},"176":{"start":{"line":399,"column":28},"end":{"line":399,"column":66}},"177":{"start":{"line":400,"column":12},"end":{"line":400,"column":91}},"178":{"start":{"line":400,"column":38},"end":{"line":400,"column":91}},"179":{"start":{"line":403,"column":28},"end":{"line":403,"column":124}},"180":{"start":{"line":403,"column":109},"end":{"line":403,"column":121}},"181":{"start":{"line":404,"column":12},"end":{"line":404,"column":91}},"182":{"start":{"line":404,"column":38},"end":{"line":404,"column":91}},"183":{"start":{"line":407,"column":23},"end":{"line":407,"column":73}},"184":{"start":{"line":407,"column":60},"end":{"line":407,"column":72}},"185":{"start":{"line":414,"column":19},"end":{"line":434,"column":10}},"186":{"start":{"line":436,"column":29},"end":{"line":436,"column":88}},"187":{"start":{"line":436,"column":49},"end":{"line":436,"column":87}},"188":{"start":{"line":437,"column":31},"end":{"line":443,"column":11}},"189":{"start":{"line":437,"column":57},"end":{"line":443,"column":9}},"190":{"start":{"line":444,"column":8},"end":{"line":444,"column":116}},"191":{"start":{"line":447,"column":8},"end":{"line":447,"column":54}},"192":{"start":{"line":459,"column":48},"end":{"line":530,"column":1}},"193":{"start":{"line":460,"column":4},"end":{"line":529,"column":5}},"194":{"start":{"line":462,"column":26},"end":{"line":462,"column":41}},"195":{"start":{"line":468,"column":29},"end":{"line":468,"column":73}},"196":{"start":{"line":469,"column":8},"end":{"line":469,"column":83}},"197":{"start":{"line":469,"column":28},"end":{"line":469,"column":83}},"198":{"start":{"line":472,"column":8},"end":{"line":480,"column":9}},"199":{"start":{"line":474,"column":21},"end":{"line":474,"column":59}},"200":{"start":{"line":475,"column":12},"end":{"line":475,"column":81}},"201":{"start":{"line":475,"column":33},"end":{"line":475,"column":81}},"202":{"start":{"line":477,"column":25},"end":{"line":477,"column":65}},"203":{"start":{"line":477,"column":57},"end":{"line":477,"column":64}},"204":{"start":{"line":478,"column":21},"end":{"line":478,"column":73}},"205":{"start":{"line":479,"column":12},"end":{"line":479,"column":81}},"206":{"start":{"line":479,"column":33},"end":{"line":479,"column":81}},"207":{"start":{"line":483,"column":31},"end":{"line":483,"column":92}},"208":{"start":{"line":484,"column":8},"end":{"line":486,"column":9}},"209":{"start":{"line":485,"column":12},"end":{"line":485,"column":70}},"210":{"start":{"line":487,"column":23},"end":{"line":487,"column":73}},"211":{"start":{"line":487,"column":60},"end":{"line":487,"column":72}},"212":{"start":{"line":495,"column":19},"end":{"line":515,"column":17}},"213":{"start":{"line":517,"column":29},"end":{"line":517,"column":88}},"214":{"start":{"line":517,"column":49},"end":{"line":517,"column":87}},"215":{"start":{"line":518,"column":31},"end":{"line":524,"column":66}},"216":{"start":{"line":518,"column":57},"end":{"line":524,"column":13}},"217":{"start":{"line":524,"column":31},"end":{"line":524,"column":64}},"218":{"start":{"line":525,"column":8},"end":{"line":525,"column":116}},"219":{"start":{"line":528,"column":8},"end":{"line":528,"column":54}},"220":{"start":{"line":539,"column":33},"end":{"line":567,"column":1}},"221":{"start":{"line":540,"column":4},"end":{"line":566,"column":5}},"222":{"start":{"line":541,"column":21},"end":{"line":541,"column":40}},"223":{"start":{"line":543,"column":19},"end":{"line":543,"column":65}},"224":{"start":{"line":544,"column":8},"end":{"line":544,"column":72}},"225":{"start":{"line":544,"column":18},"end":{"line":544,"column":72}},"226":{"start":{"line":546,"column":23},"end":{"line":546,"column":78}},"227":{"start":{"line":547,"column":8},"end":{"line":550,"column":9}},"228":{"start":{"line":548,"column":28},"end":{"line":548,"column":66}},"229":{"start":{"line":549,"column":12},"end":{"line":549,"column":91}},"230":{"start":{"line":549,"column":38},"end":{"line":549,"column":91}},"231":{"start":{"line":553,"column":8},"end":{"line":553,"column":93}},"232":{"start":{"line":553,"column":26},"end":{"line":553,"column":93}},"233":{"start":{"line":556,"column":26},"end":{"line":556,"column":69}},"234":{"start":{"line":558,"column":8},"end":{"line":558,"column":97}},"235":{"start":{"line":558,"column":36},"end":{"line":558,"column":97}},"236":{"start":{"line":560,"column":8},"end":{"line":560,"column":128}},"237":{"start":{"line":560,"column":48},"end":{"line":560,"column":128}},"238":{"start":{"line":562,"column":19},"end":{"line":562,"column":70}},"239":{"start":{"line":563,"column":8},"end":{"line":563,"column":133}},"240":{"start":{"line":565,"column":8},"end":{"line":565,"column":54}},"241":{"start":{"line":577,"column":34},"end":{"line":614,"column":1}},"242":{"start":{"line":578,"column":4},"end":{"line":613,"column":5}},"243":{"start":{"line":580,"column":26},"end":{"line":580,"column":69}},"244":{"start":{"line":581,"column":8},"end":{"line":581,"column":87}},"245":{"start":{"line":581,"column":34},"end":{"line":581,"column":87}},"246":{"start":{"line":584,"column":20},"end":{"line":584,"column":33}},"247":{"start":{"line":586,"column":8},"end":{"line":588,"column":9}},"248":{"start":{"line":587,"column":12},"end":{"line":587,"column":91}},"249":{"start":{"line":590,"column":8},"end":{"line":592,"column":9}},"250":{"start":{"line":590,"column":27},"end":{"line":590,"column":36}},"251":{"start":{"line":591,"column":12},"end":{"line":591,"column":88}},"252":{"start":{"line":594,"column":35},"end":{"line":594,"column":81}},"253":{"start":{"line":595,"column":8},"end":{"line":597,"column":9}},"254":{"start":{"line":596,"column":12},"end":{"line":596,"column":89}},"255":{"start":{"line":600,"column":21},"end":{"line":604,"column":10}},"256":{"start":{"line":606,"column":8},"end":{"line":609,"column":90}},"257":{"start":{"line":607,"column":12},"end":{"line":607,"column":138}},"258":{"start":{"line":609,"column":12},"end":{"line":609,"column":90}},"259":{"start":{"line":612,"column":8},"end":{"line":612,"column":54}}},"fnMap":{"0":{"name":"(anonymous_0)","decl":{"start":{"line":10,"column":30},"end":{"line":10,"column":31}},"loc":{"start":{"line":10,"column":50},"end":{"line":26,"column":1}},"line":10},"1":{"name":"(anonymous_1)","decl":{"start":{"line":36,"column":30},"end":{"line":36,"column":31}},"loc":{"start":{"line":36,"column":50},"end":{"line":68,"column":1}},"line":36},"2":{"name":"(anonymous_2)","decl":{"start":{"line":77,"column":30},"end":{"line":77,"column":31}},"loc":{"start":{"line":77,"column":50},"end":{"line":111,"column":1}},"line":77},"3":{"name":"(anonymous_3)","decl":{"start":{"line":99,"column":31},"end":{"line":99,"column":32}},"loc":{"start":{"line":99,"column":36},"end":{"line":99,"column":56}},"line":99},"4":{"name":"(anonymous_4)","decl":{"start":{"line":120,"column":29},"end":{"line":120,"column":30}},"loc":{"start":{"line":120,"column":49},"end":{"line":133,"column":1}},"line":120},"5":{"name":"(anonymous_5)","decl":{"start":{"line":127,"column":30},"end":{"line":127,"column":31}},"loc":{"start":{"line":127,"column":35},"end":{"line":127,"column":86}},"line":127},"6":{"name":"(anonymous_6)","decl":{"start":{"line":142,"column":33},"end":{"line":142,"column":34}},"loc":{"start":{"line":142,"column":53},"end":{"line":190,"column":1}},"line":142},"7":{"name":"(anonymous_7)","decl":{"start":{"line":183,"column":18},"end":{"line":183,"column":19}},"loc":{"start":{"line":183,"column":26},"end":{"line":185,"column":13}},"line":183},"8":{"name":"(anonymous_8)","decl":{"start":{"line":186,"column":19},"end":{"line":186,"column":20}},"loc":{"start":{"line":186,"column":26},"end":{"line":186,"column":39}},"line":186},"9":{"name":"(anonymous_9)","decl":{"start":{"line":199,"column":34},"end":{"line":199,"column":35}},"loc":{"start":{"line":199,"column":54},"end":{"line":223,"column":1}},"line":199},"10":{"name":"(anonymous_10)","decl":{"start":{"line":216,"column":16},"end":{"line":216,"column":17}},"loc":{"start":{"line":216,"column":28},"end":{"line":219,"column":9}},"line":216},"11":{"name":"(anonymous_11)","decl":{"start":{"line":217,"column":34},"end":{"line":217,"column":35}},"loc":{"start":{"line":217,"column":39},"end":{"line":217,"column":160}},"line":217},"12":{"name":"(anonymous_12)","decl":{"start":{"line":219,"column":17},"end":{"line":219,"column":18}},"loc":{"start":{"line":219,"column":26},"end":{"line":219,"column":43}},"line":219},"13":{"name":"(anonymous_13)","decl":{"start":{"line":234,"column":37},"end":{"line":234,"column":38}},"loc":{"start":{"line":234,"column":57},"end":{"line":311,"column":1}},"line":234},"14":{"name":"(anonymous_14)","decl":{"start":{"line":261,"column":20},"end":{"line":261,"column":21}},"loc":{"start":{"line":261,"column":32},"end":{"line":264,"column":13}},"line":261},"15":{"name":"(anonymous_15)","decl":{"start":{"line":262,"column":38},"end":{"line":262,"column":39}},"loc":{"start":{"line":262,"column":43},"end":{"line":262,"column":164}},"line":262},"16":{"name":"(anonymous_16)","decl":{"start":{"line":264,"column":21},"end":{"line":264,"column":22}},"loc":{"start":{"line":264,"column":30},"end":{"line":266,"column":13}},"line":264},"17":{"name":"(anonymous_17)","decl":{"start":{"line":300,"column":20},"end":{"line":300,"column":21}},"loc":{"start":{"line":300,"column":32},"end":{"line":303,"column":13}},"line":300},"18":{"name":"(anonymous_18)","decl":{"start":{"line":301,"column":38},"end":{"line":301,"column":39}},"loc":{"start":{"line":301,"column":43},"end":{"line":301,"column":164}},"line":301},"19":{"name":"(anonymous_19)","decl":{"start":{"line":303,"column":21},"end":{"line":303,"column":22}},"loc":{"start":{"line":303,"column":30},"end":{"line":305,"column":13}},"line":303},"20":{"name":"(anonymous_20)","decl":{"start":{"line":321,"column":47},"end":{"line":321,"column":48}},"loc":{"start":{"line":321,"column":67},"end":{"line":377,"column":1}},"line":321},"21":{"name":"(anonymous_21)","decl":{"start":{"line":369,"column":30},"end":{"line":369,"column":31}},"loc":{"start":{"line":369,"column":35},"end":{"line":369,"column":168}},"line":369},"22":{"name":"(anonymous_22)","decl":{"start":{"line":387,"column":38},"end":{"line":387,"column":39}},"loc":{"start":{"line":387,"column":58},"end":{"line":449,"column":1}},"line":387},"23":{"name":"(anonymous_23)","decl":{"start":{"line":403,"column":99},"end":{"line":403,"column":100}},"loc":{"start":{"line":403,"column":109},"end":{"line":403,"column":121}},"line":403},"24":{"name":"(anonymous_24)","decl":{"start":{"line":407,"column":50},"end":{"line":407,"column":51}},"loc":{"start":{"line":407,"column":60},"end":{"line":407,"column":72}},"line":407},"25":{"name":"(anonymous_25)","decl":{"start":{"line":436,"column":41},"end":{"line":436,"column":42}},"loc":{"start":{"line":436,"column":49},"end":{"line":436,"column":87}},"line":436},"26":{"name":"(anonymous_26)","decl":{"start":{"line":437,"column":48},"end":{"line":437,"column":49}},"loc":{"start":{"line":437,"column":57},"end":{"line":443,"column":9}},"line":437},"27":{"name":"(anonymous_27)","decl":{"start":{"line":459,"column":48},"end":{"line":459,"column":49}},"loc":{"start":{"line":459,"column":68},"end":{"line":530,"column":1}},"line":459},"28":{"name":"(anonymous_28)","decl":{"start":{"line":477,"column":52},"end":{"line":477,"column":53}},"loc":{"start":{"line":477,"column":57},"end":{"line":477,"column":64}},"line":477},"29":{"name":"(anonymous_29)","decl":{"start":{"line":487,"column":50},"end":{"line":487,"column":51}},"loc":{"start":{"line":487,"column":60},"end":{"line":487,"column":72}},"line":487},"30":{"name":"(anonymous_30)","decl":{"start":{"line":517,"column":41},"end":{"line":517,"column":42}},"loc":{"start":{"line":517,"column":49},"end":{"line":517,"column":87}},"line":517},"31":{"name":"(anonymous_31)","decl":{"start":{"line":518,"column":48},"end":{"line":518,"column":49}},"loc":{"start":{"line":518,"column":57},"end":{"line":524,"column":13}},"line":518},"32":{"name":"(anonymous_32)","decl":{"start":{"line":524,"column":23},"end":{"line":524,"column":24}},"loc":{"start":{"line":524,"column":31},"end":{"line":524,"column":64}},"line":524},"33":{"name":"(anonymous_33)","decl":{"start":{"line":539,"column":33},"end":{"line":539,"column":34}},"loc":{"start":{"line":539,"column":53},"end":{"line":567,"column":1}},"line":539},"34":{"name":"(anonymous_34)","decl":{"start":{"line":577,"column":34},"end":{"line":577,"column":35}},"loc":{"start":{"line":577,"column":54},"end":{"line":614,"column":1}},"line":577},"35":{"name":"(anonymous_35)","decl":{"start":{"line":590,"column":21},"end":{"line":590,"column":22}},"loc":{"start":{"line":590,"column":27},"end":{"line":590,"column":36}},"line":590}},"branchMap":{"0":{"loc":{"start":{"line":13,"column":8},"end":{"line":13,"column":89}},"type":"if","locations":[{"start":{"line":13,"column":8},"end":{"line":13,"column":89}},{"start":{},"end":{}}],"line":13},"1":{"loc":{"start":{"line":14,"column":19},"end":{"line":14,"column":42}},"type":"binary-expr","locations":[{"start":{"line":14,"column":19},"end":{"line":14,"column":27}},{"start":{"line":14,"column":29},"end":{"line":14,"column":42}}],"line":14},"2":{"loc":{"start":{"line":15,"column":20},"end":{"line":15,"column":44}},"type":"binary-expr","locations":[{"start":{"line":15,"column":20},"end":{"line":15,"column":28}},{"start":{"line":15,"column":30},"end":{"line":15,"column":44}}],"line":15},"3":{"loc":{"start":{"line":16,"column":8},"end":{"line":16,"column":93}},"type":"if","locations":[{"start":{"line":16,"column":8},"end":{"line":16,"column":93}},{"start":{},"end":{}}],"line":16},"4":{"loc":{"start":{"line":16,"column":12},"end":{"line":16,"column":27}},"type":"binary-expr","locations":[{"start":{"line":16,"column":12},"end":{"line":16,"column":17}},{"start":{"line":16,"column":21},"end":{"line":16,"column":27}}],"line":16},"5":{"loc":{"start":{"line":17,"column":8},"end":{"line":17,"column":104}},"type":"if","locations":[{"start":{"line":17,"column":8},"end":{"line":17,"column":104}},{"start":{},"end":{}}],"line":17},"6":{"loc":{"start":{"line":17,"column":11},"end":{"line":17,"column":38}},"type":"binary-expr","locations":[{"start":{"line":17,"column":11},"end":{"line":17,"column":23}},{"start":{"line":17,"column":25},"end":{"line":17,"column":38}}],"line":17},"7":{"loc":{"start":{"line":19,"column":8},"end":{"line":19,"column":86}},"type":"if","locations":[{"start":{"line":19,"column":8},"end":{"line":19,"column":86}},{"start":{},"end":{}}],"line":19},"8":{"loc":{"start":{"line":39,"column":8},"end":{"line":39,"column":77}},"type":"if","locations":[{"start":{"line":39,"column":8},"end":{"line":39,"column":77}},{"start":{},"end":{}}],"line":39},"9":{"loc":{"start":{"line":41,"column":24},"end":{"line":41,"column":47}},"type":"binary-expr","locations":[{"start":{"line":41,"column":24},"end":{"line":41,"column":32}},{"start":{"line":41,"column":34},"end":{"line":41,"column":47}}],"line":41},"10":{"loc":{"start":{"line":42,"column":26},"end":{"line":42,"column":50}},"type":"binary-expr","locations":[{"start":{"line":42,"column":26},"end":{"line":42,"column":34}},{"start":{"line":42,"column":36},"end":{"line":42,"column":50}}],"line":42},"11":{"loc":{"start":{"line":43,"column":8},"end":{"line":45,"column":9}},"type":"if","locations":[{"start":{"line":43,"column":8},"end":{"line":45,"column":9}},{"start":{},"end":{}}],"line":43},"12":{"loc":{"start":{"line":43,"column":12},"end":{"line":43,"column":35}},"type":"binary-expr","locations":[{"start":{"line":43,"column":12},"end":{"line":43,"column":21}},{"start":{"line":43,"column":25},"end":{"line":43,"column":35}}],"line":43},"13":{"loc":{"start":{"line":46,"column":8},"end":{"line":46,"column":112}},"type":"if","locations":[{"start":{"line":46,"column":8},"end":{"line":46,"column":112}},{"start":{},"end":{}}],"line":46},"14":{"loc":{"start":{"line":46,"column":11},"end":{"line":46,"column":46}},"type":"binary-expr","locations":[{"start":{"line":46,"column":11},"end":{"line":46,"column":27}},{"start":{"line":46,"column":29},"end":{"line":46,"column":46}}],"line":46},"15":{"loc":{"start":{"line":49,"column":8},"end":{"line":51,"column":9}},"type":"if","locations":[{"start":{"line":49,"column":8},"end":{"line":51,"column":9}},{"start":{},"end":{}}],"line":49},"16":{"loc":{"start":{"line":54,"column":8},"end":{"line":56,"column":9}},"type":"if","locations":[{"start":{"line":54,"column":8},"end":{"line":56,"column":9}},{"start":{},"end":{}}],"line":54},"17":{"loc":{"start":{"line":80,"column":8},"end":{"line":80,"column":77}},"type":"if","locations":[{"start":{"line":80,"column":8},"end":{"line":80,"column":77}},{"start":{},"end":{}}],"line":80},"18":{"loc":{"start":{"line":82,"column":8},"end":{"line":82,"column":102}},"type":"if","locations":[{"start":{"line":82,"column":8},"end":{"line":82,"column":102}},{"start":{},"end":{}}],"line":82},"19":{"loc":{"start":{"line":82,"column":11},"end":{"line":82,"column":37}},"type":"binary-expr","locations":[{"start":{"line":82,"column":11},"end":{"line":82,"column":17}},{"start":{"line":82,"column":21},"end":{"line":82,"column":37}}],"line":82},"20":{"loc":{"start":{"line":84,"column":8},"end":{"line":84,"column":103}},"type":"if","locations":[{"start":{"line":84,"column":8},"end":{"line":84,"column":103}},{"start":{},"end":{}}],"line":84},"21":{"loc":{"start":{"line":87,"column":12},"end":{"line":87,"column":93}},"type":"if","locations":[{"start":{"line":87,"column":12},"end":{"line":87,"column":93}},{"start":{},"end":{}}],"line":87},"22":{"loc":{"start":{"line":87,"column":15},"end":{"line":87,"column":28}},"type":"binary-expr","locations":[{"start":{"line":87,"column":15},"end":{"line":87,"column":17}},{"start":{"line":87,"column":19},"end":{"line":87,"column":28}}],"line":87},"23":{"loc":{"start":{"line":89,"column":12},"end":{"line":91,"column":13}},"type":"if","locations":[{"start":{"line":89,"column":12},"end":{"line":91,"column":13}},{"start":{},"end":{}}],"line":89},"24":{"loc":{"start":{"line":96,"column":8},"end":{"line":100,"column":9}},"type":"if","locations":[{"start":{"line":96,"column":8},"end":{"line":100,"column":9}},{"start":{},"end":{}}],"line":96},"25":{"loc":{"start":{"line":123,"column":8},"end":{"line":123,"column":89}},"type":"if","locations":[{"start":{"line":123,"column":8},"end":{"line":123,"column":89}},{"start":{},"end":{}}],"line":123},"26":{"loc":{"start":{"line":145,"column":8},"end":{"line":145,"column":89}},"type":"if","locations":[{"start":{"line":145,"column":8},"end":{"line":145,"column":89}},{"start":{},"end":{}}],"line":145},"27":{"loc":{"start":{"line":149,"column":8},"end":{"line":151,"column":9}},"type":"if","locations":[{"start":{"line":149,"column":8},"end":{"line":151,"column":9}},{"start":{},"end":{}}],"line":149},"28":{"loc":{"start":{"line":149,"column":11},"end":{"line":149,"column":76}},"type":"binary-expr","locations":[{"start":{"line":149,"column":11},"end":{"line":149,"column":32}},{"start":{"line":149,"column":36},"end":{"line":149,"column":55}},{"start":{"line":149,"column":59},"end":{"line":149,"column":76}}],"line":149},"29":{"loc":{"start":{"line":153,"column":8},"end":{"line":155,"column":9}},"type":"if","locations":[{"start":{"line":153,"column":8},"end":{"line":155,"column":9}},{"start":{},"end":{}}],"line":153},"30":{"loc":{"start":{"line":153,"column":11},"end":{"line":153,"column":51}},"type":"binary-expr","locations":[{"start":{"line":153,"column":11},"end":{"line":153,"column":31}},{"start":{"line":153,"column":35},"end":{"line":153,"column":51}}],"line":153},"31":{"loc":{"start":{"line":158,"column":8},"end":{"line":160,"column":9}},"type":"if","locations":[{"start":{"line":158,"column":8},"end":{"line":160,"column":9}},{"start":{},"end":{}}],"line":158},"32":{"loc":{"start":{"line":164,"column":8},"end":{"line":166,"column":9}},"type":"if","locations":[{"start":{"line":164,"column":8},"end":{"line":166,"column":9}},{"start":{},"end":{}}],"line":164},"33":{"loc":{"start":{"line":169,"column":8},"end":{"line":171,"column":9}},"type":"if","locations":[{"start":{"line":169,"column":8},"end":{"line":171,"column":9}},{"start":{},"end":{}}],"line":169},"34":{"loc":{"start":{"line":176,"column":8},"end":{"line":178,"column":9}},"type":"if","locations":[{"start":{"line":176,"column":8},"end":{"line":178,"column":9}},{"start":{},"end":{}}],"line":176},"35":{"loc":{"start":{"line":176,"column":11},"end":{"line":176,"column":19}},"type":"binary-expr","locations":[{"start":{"line":176,"column":11},"end":{"line":176,"column":13}},{"start":{"line":176,"column":17},"end":{"line":176,"column":19}}],"line":176},"36":{"loc":{"start":{"line":202,"column":8},"end":{"line":202,"column":77}},"type":"if","locations":[{"start":{"line":202,"column":8},"end":{"line":202,"column":77}},{"start":{},"end":{}}],"line":202},"37":{"loc":{"start":{"line":239,"column":8},"end":{"line":241,"column":9}},"type":"if","locations":[{"start":{"line":239,"column":8},"end":{"line":241,"column":9}},{"start":{},"end":{}}],"line":239},"38":{"loc":{"start":{"line":243,"column":8},"end":{"line":307,"column":9}},"type":"if","locations":[{"start":{"line":243,"column":8},"end":{"line":307,"column":9}},{"start":{"line":268,"column":15},"end":{"line":307,"column":9}}],"line":243},"39":{"loc":{"start":{"line":246,"column":12},"end":{"line":246,"column":91}},"type":"if","locations":[{"start":{"line":246,"column":12},"end":{"line":246,"column":91}},{"start":{},"end":{}}],"line":246},"40":{"loc":{"start":{"line":271,"column":12},"end":{"line":271,"column":89}},"type":"if","locations":[{"start":{"line":271,"column":12},"end":{"line":271,"column":89}},{"start":{},"end":{}}],"line":271},"41":{"loc":{"start":{"line":279,"column":12},"end":{"line":281,"column":13}},"type":"if","locations":[{"start":{"line":279,"column":12},"end":{"line":281,"column":13}},{"start":{},"end":{}}],"line":279},"42":{"loc":{"start":{"line":282,"column":12},"end":{"line":284,"column":13}},"type":"if","locations":[{"start":{"line":282,"column":12},"end":{"line":284,"column":13}},{"start":{},"end":{}}],"line":282},"43":{"loc":{"start":{"line":324,"column":8},"end":{"line":333,"column":9}},"type":"if","locations":[{"start":{"line":324,"column":8},"end":{"line":333,"column":9}},{"start":{"line":329,"column":12},"end":{"line":333,"column":9}}],"line":324},"44":{"loc":{"start":{"line":327,"column":12},"end":{"line":327,"column":91}},"type":"if","locations":[{"start":{"line":327,"column":12},"end":{"line":327,"column":91}},{"start":{},"end":{}}],"line":327},"45":{"loc":{"start":{"line":332,"column":12},"end":{"line":332,"column":89}},"type":"if","locations":[{"start":{"line":332,"column":12},"end":{"line":332,"column":89}},{"start":{},"end":{}}],"line":332},"46":{"loc":{"start":{"line":336,"column":8},"end":{"line":338,"column":9}},"type":"if","locations":[{"start":{"line":336,"column":8},"end":{"line":338,"column":9}},{"start":{},"end":{}}],"line":336},"47":{"loc":{"start":{"line":342,"column":8},"end":{"line":344,"column":9}},"type":"if","locations":[{"start":{"line":342,"column":8},"end":{"line":344,"column":9}},{"start":{},"end":{}}],"line":342},"48":{"loc":{"start":{"line":394,"column":8},"end":{"line":394,"column":83}},"type":"if","locations":[{"start":{"line":394,"column":8},"end":{"line":394,"column":83}},{"start":{},"end":{}}],"line":394},"49":{"loc":{"start":{"line":397,"column":8},"end":{"line":405,"column":9}},"type":"if","locations":[{"start":{"line":397,"column":8},"end":{"line":405,"column":9}},{"start":{"line":401,"column":13},"end":{"line":405,"column":9}}],"line":397},"50":{"loc":{"start":{"line":400,"column":12},"end":{"line":400,"column":91}},"type":"if","locations":[{"start":{"line":400,"column":12},"end":{"line":400,"column":91}},{"start":{},"end":{}}],"line":400},"51":{"loc":{"start":{"line":404,"column":12},"end":{"line":404,"column":91}},"type":"if","locations":[{"start":{"line":404,"column":12},"end":{"line":404,"column":91}},{"start":{},"end":{}}],"line":404},"52":{"loc":{"start":{"line":469,"column":8},"end":{"line":469,"column":83}},"type":"if","locations":[{"start":{"line":469,"column":8},"end":{"line":469,"column":83}},{"start":{},"end":{}}],"line":469},"53":{"loc":{"start":{"line":472,"column":8},"end":{"line":480,"column":9}},"type":"if","locations":[{"start":{"line":472,"column":8},"end":{"line":480,"column":9}},{"start":{"line":476,"column":13},"end":{"line":480,"column":9}}],"line":472},"54":{"loc":{"start":{"line":475,"column":12},"end":{"line":475,"column":81}},"type":"if","locations":[{"start":{"line":475,"column":12},"end":{"line":475,"column":81}},{"start":{},"end":{}}],"line":475},"55":{"loc":{"start":{"line":479,"column":12},"end":{"line":479,"column":81}},"type":"if","locations":[{"start":{"line":479,"column":12},"end":{"line":479,"column":81}},{"start":{},"end":{}}],"line":479},"56":{"loc":{"start":{"line":484,"column":8},"end":{"line":486,"column":9}},"type":"if","locations":[{"start":{"line":484,"column":8},"end":{"line":486,"column":9}},{"start":{},"end":{}}],"line":484},"57":{"loc":{"start":{"line":544,"column":8},"end":{"line":544,"column":72}},"type":"if","locations":[{"start":{"line":544,"column":8},"end":{"line":544,"column":72}},{"start":{},"end":{}}],"line":544},"58":{"loc":{"start":{"line":547,"column":8},"end":{"line":550,"column":9}},"type":"if","locations":[{"start":{"line":547,"column":8},"end":{"line":550,"column":9}},{"start":{},"end":{}}],"line":547},"59":{"loc":{"start":{"line":549,"column":12},"end":{"line":549,"column":91}},"type":"if","locations":[{"start":{"line":549,"column":12},"end":{"line":549,"column":91}},{"start":{},"end":{}}],"line":549},"60":{"loc":{"start":{"line":553,"column":8},"end":{"line":553,"column":93}},"type":"if","locations":[{"start":{"line":553,"column":8},"end":{"line":553,"column":93}},{"start":{},"end":{}}],"line":553},"61":{"loc":{"start":{"line":558,"column":8},"end":{"line":558,"column":97}},"type":"if","locations":[{"start":{"line":558,"column":8},"end":{"line":558,"column":97}},{"start":{},"end":{}}],"line":558},"62":{"loc":{"start":{"line":560,"column":8},"end":{"line":560,"column":128}},"type":"if","locations":[{"start":{"line":560,"column":8},"end":{"line":560,"column":128}},{"start":{},"end":{}}],"line":560},"63":{"loc":{"start":{"line":581,"column":8},"end":{"line":581,"column":87}},"type":"if","locations":[{"start":{"line":581,"column":8},"end":{"line":581,"column":87}},{"start":{},"end":{}}],"line":581},"64":{"loc":{"start":{"line":586,"column":8},"end":{"line":588,"column":9}},"type":"if","locations":[{"start":{"line":586,"column":8},"end":{"line":588,"column":9}},{"start":{},"end":{}}],"line":586},"65":{"loc":{"start":{"line":590,"column":8},"end":{"line":592,"column":9}},"type":"if","locations":[{"start":{"line":590,"column":8},"end":{"line":592,"column":9}},{"start":{},"end":{}}],"line":590},"66":{"loc":{"start":{"line":595,"column":8},"end":{"line":597,"column":9}},"type":"if","locations":[{"start":{"line":595,"column":8},"end":{"line":597,"column":9}},{"start":{},"end":{}}],"line":595},"67":{"loc":{"start":{"line":606,"column":8},"end":{"line":609,"column":90}},"type":"if","locations":[{"start":{"line":606,"column":8},"end":{"line":609,"column":90}},{"start":{"line":609,"column":12},"end":{"line":609,"column":90}}],"line":606}},"s":{"0":3,"1":5,"2":5,"3":5,"4":1,"5":4,"6":4,"7":4,"8":2,"9":2,"10":0,"11":2,"12":2,"13":1,"14":1,"15":1,"16":1,"17":0,"18":3,"19":6,"20":6,"21":6,"22":1,"23":5,"24":5,"25":5,"26":5,"27":2,"28":3,"29":0,"30":3,"31":3,"32":1,"33":2,"34":2,"35":1,"36":1,"37":1,"38":1,"39":0,"40":3,"41":8,"42":8,"43":8,"44":1,"45":7,"46":7,"47":2,"48":5,"49":5,"50":1,"51":4,"52":9,"53":1,"54":8,"55":8,"56":1,"57":2,"58":2,"59":1,"60":1,"61":4,"62":2,"63":2,"64":5,"65":5,"66":2,"67":0,"68":3,"69":2,"70":2,"71":2,"72":1,"73":1,"74":1,"75":2,"76":1,"77":0,"78":3,"79":8,"80":8,"81":8,"82":1,"83":7,"84":7,"85":1,"86":6,"87":1,"88":5,"89":1,"90":4,"91":4,"92":4,"93":1,"94":3,"95":1,"96":2,"97":2,"98":2,"99":1,"100":1,"101":1,"102":1,"103":0,"104":0,"105":3,"106":2,"107":2,"108":2,"109":1,"110":1,"111":1,"112":5,"113":1,"114":0,"115":0,"116":3,"117":8,"118":8,"119":8,"120":1,"121":7,"122":1,"123":1,"124":0,"125":1,"126":1,"127":1,"128":3,"129":1,"130":0,"131":1,"132":6,"133":6,"134":1,"135":5,"136":5,"137":5,"138":5,"139":2,"140":5,"141":3,"142":5,"143":5,"144":8,"145":5,"146":0,"147":5,"148":0,"149":3,"150":5,"151":5,"152":3,"153":3,"154":0,"155":2,"156":2,"157":1,"158":4,"159":4,"160":1,"161":3,"162":3,"163":1,"164":2,"165":2,"166":4,"167":2,"168":0,"169":3,"170":4,"171":4,"172":4,"173":4,"174":1,"175":3,"176":1,"177":1,"178":0,"179":2,"180":3,"181":2,"182":1,"183":2,"184":4,"185":2,"186":2,"187":12,"188":2,"189":8,"190":2,"191":0,"192":3,"193":5,"194":5,"195":5,"196":5,"197":1,"198":4,"199":1,"200":1,"201":0,"202":3,"203":5,"204":3,"205":3,"206":1,"207":3,"208":3,"209":1,"210":2,"211":4,"212":2,"213":2,"214":12,"215":2,"216":8,"217":8,"218":2,"219":0,"220":3,"221":7,"222":7,"223":7,"224":7,"225":1,"226":6,"227":6,"228":1,"229":1,"230":1,"231":5,"232":2,"233":3,"234":3,"235":1,"236":2,"237":1,"238":1,"239":1,"240":0,"241":3,"242":5,"243":5,"244":5,"245":1,"246":4,"247":4,"248":1,"249":3,"250":5,"251":1,"252":2,"253":2,"254":1,"255":1,"256":1,"257":1,"258":0,"259":0},"f":{"0":5,"1":6,"2":8,"3":4,"4":2,"5":2,"6":8,"7":1,"8":0,"9":2,"10":1,"11":5,"12":0,"13":8,"14":1,"15":3,"16":0,"17":5,"18":8,"19":0,"20":5,"21":4,"22":4,"23":3,"24":4,"25":12,"26":8,"27":5,"28":5,"29":4,"30":12,"31":8,"32":8,"33":7,"34":5,"35":5},"b":{"0":[1,4],"1":[4,4],"2":[4,4],"3":[2,2],"4":[4,2],"5":[0,2],"6":[2,2],"7":[1,1],"8":[1,5],"9":[5,5],"10":[5,5],"11":[2,3],"12":[5,3],"13":[0,3],"14":[3,3],"15":[1,2],"16":[1,1],"17":[1,7],"18":[2,5],"19":[7,6],"20":[1,4],"21":[1,8],"22":[9,8],"23":[1,7],"24":[1,1],"25":[1,1],"26":[1,7],"27":[1,6],"28":[7,6,6],"29":[1,5],"30":[6,5],"31":[1,4],"32":[1,3],"33":[1,2],"34":[1,1],"35":[2,2],"36":[1,1],"37":[1,7],"38":[1,6],"39":[0,1],"40":[1,5],"41":[2,3],"42":[3,2],"43":[3,2],"44":[0,3],"45":[1,1],"46":[1,3],"47":[1,2],"48":[1,3],"49":[1,2],"50":[0,1],"51":[1,1],"52":[1,4],"53":[1,3],"54":[0,1],"55":[1,2],"56":[1,2],"57":[1,6],"58":[1,5],"59":[1,0],"60":[2,3],"61":[1,2],"62":[1,1],"63":[1,4],"64":[1,3],"65":[1,2],"66":[1,1],"67":[1,0]},"_coverageSchema":"1a1c01bbd47fc00a2c39e90264f33305004495a9","hash":"409fd2c266e5e7e545b7a112a81a79988b7553c8"}
,"D:\\SCUOLA\\Universita\\Magistrale\\Primo_anno\\SoftEng\\ezwallet\\code\\controllers\\users.js": {"path":"D:\\SCUOLA\\Universita\\Magistrale\\Primo_anno\\SoftEng\\ezwallet\\code\\controllers\\users.js","statementMap":{"0":{"start":{"line":12,"column":24},"end":{"line":21,"column":1}},"1":{"start":{"line":13,"column":4},"end":{"line":20,"column":5}},"2":{"start":{"line":14,"column":26},"end":{"line":14,"column":67}},"3":{"start":{"line":15,"column":8},"end":{"line":15,"column":89}},"4":{"start":{"line":15,"column":35},"end":{"line":15,"column":89}},"5":{"start":{"line":16,"column":22},"end":{"line":16,"column":75}},"6":{"start":{"line":17,"column":8},"end":{"line":17,"column":98}},"7":{"start":{"line":19,"column":8},"end":{"line":19,"column":53}},"8":{"start":{"line":30,"column":23},"end":{"line":56,"column":1}},"9":{"start":{"line":31,"column":21},"end":{"line":31,"column":40}},"10":{"start":{"line":32,"column":4},"end":{"line":55,"column":5}},"11":{"start":{"line":34,"column":25},"end":{"line":34,"column":85}},"12":{"start":{"line":35,"column":8},"end":{"line":52,"column":9}},"13":{"start":{"line":37,"column":22},"end":{"line":37,"column":102}},"14":{"start":{"line":38,"column":12},"end":{"line":38,"column":76}},"15":{"start":{"line":38,"column":22},"end":{"line":38,"column":76}},"16":{"start":{"line":40,"column":12},"end":{"line":40,"column":108}},"17":{"start":{"line":42,"column":30},"end":{"line":42,"column":71}},"18":{"start":{"line":43,"column":12},"end":{"line":51,"column":13}},"19":{"start":{"line":45,"column":26},"end":{"line":45,"column":106}},"20":{"start":{"line":46,"column":16},"end":{"line":46,"column":80}},"21":{"start":{"line":46,"column":26},"end":{"line":46,"column":80}},"22":{"start":{"line":48,"column":16},"end":{"line":48,"column":112}},"23":{"start":{"line":50,"column":16},"end":{"line":50,"column":62}},"24":{"start":{"line":54,"column":8},"end":{"line":54,"column":52}},"25":{"start":{"line":68,"column":27},"end":{"line":120,"column":1}},"26":{"start":{"line":69,"column":4},"end":{"line":119,"column":5}},"27":{"start":{"line":70,"column":19},"end":{"line":70,"column":58}},"28":{"start":{"line":71,"column":8},"end":{"line":71,"column":77}},"29":{"start":{"line":71,"column":29},"end":{"line":71,"column":77}},"30":{"start":{"line":72,"column":21},"end":{"line":72,"column":34}},"31":{"start":{"line":73,"column":24},"end":{"line":73,"column":45}},"32":{"start":{"line":74,"column":8},"end":{"line":74,"column":103}},"33":{"start":{"line":74,"column":40},"end":{"line":74,"column":103}},"34":{"start":{"line":76,"column":20},"end":{"line":76,"column":87}},"35":{"start":{"line":77,"column":8},"end":{"line":77,"column":72}},"36":{"start":{"line":77,"column":18},"end":{"line":77,"column":72}},"37":{"start":{"line":78,"column":20},"end":{"line":78,"column":91}},"38":{"start":{"line":79,"column":8},"end":{"line":79,"column":81}},"39":{"start":{"line":79,"column":18},"end":{"line":79,"column":81}},"40":{"start":{"line":81,"column":28},"end":{"line":81,"column":67}},"41":{"start":{"line":82,"column":8},"end":{"line":82,"column":105}},"42":{"start":{"line":82,"column":26},"end":{"line":82,"column":105}},"43":{"start":{"line":84,"column":8},"end":{"line":84,"column":72}},"44":{"start":{"line":84,"column":30},"end":{"line":84,"column":44}},"45":{"start":{"line":84,"column":47},"end":{"line":84,"column":72}},"46":{"start":{"line":86,"column":27},"end":{"line":86,"column":64}},"47":{"start":{"line":87,"column":8},"end":{"line":89,"column":9}},"48":{"start":{"line":88,"column":12},"end":{"line":88,"column":101}},"49":{"start":{"line":88,"column":41},"end":{"line":88,"column":101}},"50":{"start":{"line":91,"column":29},"end":{"line":91,"column":31}},"51":{"start":{"line":92,"column":36},"end":{"line":92,"column":38}},"52":{"start":{"line":93,"column":37},"end":{"line":93,"column":39}},"53":{"start":{"line":96,"column":8},"end":{"line":108,"column":9}},"54":{"start":{"line":97,"column":23},"end":{"line":97,"column":63}},"55":{"start":{"line":98,"column":12},"end":{"line":101,"column":13}},"56":{"start":{"line":99,"column":16},"end":{"line":99,"column":51}},"57":{"start":{"line":100,"column":16},"end":{"line":100,"column":25}},"58":{"start":{"line":102,"column":24},"end":{"line":102,"column":95}},"59":{"start":{"line":103,"column":12},"end":{"line":106,"column":13}},"60":{"start":{"line":104,"column":16},"end":{"line":104,"column":50}},"61":{"start":{"line":105,"column":16},"end":{"line":105,"column":25}},"62":{"start":{"line":107,"column":12},"end":{"line":107,"column":48}},"63":{"start":{"line":110,"column":8},"end":{"line":110,"column":137}},"64":{"start":{"line":110,"column":38},"end":{"line":110,"column":137}},"65":{"start":{"line":112,"column":23},"end":{"line":112,"column":77}},"66":{"start":{"line":113,"column":22},"end":{"line":113,"column":43}},"67":{"start":{"line":116,"column":8},"end":{"line":116,"column":221}},"68":{"start":{"line":118,"column":8},"end":{"line":118,"column":52}},"69":{"start":{"line":130,"column":25},"end":{"line":141,"column":1}},"70":{"start":{"line":131,"column":4},"end":{"line":140,"column":5}},"71":{"start":{"line":132,"column":19},"end":{"line":132,"column":57}},"72":{"start":{"line":133,"column":8},"end":{"line":133,"column":77}},"73":{"start":{"line":133,"column":29},"end":{"line":133,"column":77}},"74":{"start":{"line":134,"column":23},"end":{"line":134,"column":81}},"75":{"start":{"line":135,"column":8},"end":{"line":137,"column":73}},"76":{"start":{"line":135,"column":61},"end":{"line":137,"column":13}},"77":{"start":{"line":136,"column":61},"end":{"line":136,"column":77}},"78":{"start":{"line":139,"column":8},"end":{"line":139,"column":50}},"79":{"start":{"line":151,"column":24},"end":{"line":168,"column":1}},"80":{"start":{"line":152,"column":4},"end":{"line":167,"column":5}},"81":{"start":{"line":153,"column":23},"end":{"line":153,"column":34}},"82":{"start":{"line":154,"column":21},"end":{"line":154,"column":36}},"83":{"start":{"line":155,"column":21},"end":{"line":155,"column":79}},"84":{"start":{"line":156,"column":8},"end":{"line":156,"column":78}},"85":{"start":{"line":156,"column":19},"end":{"line":156,"column":78}},"86":{"start":{"line":157,"column":19},"end":{"line":157,"column":96}},"87":{"start":{"line":157,"column":86},"end":{"line":157,"column":93}},"88":{"start":{"line":158,"column":8},"end":{"line":161,"column":9}},"89":{"start":{"line":159,"column":28},"end":{"line":159,"column":66}},"90":{"start":{"line":160,"column":12},"end":{"line":160,"column":98}},"91":{"start":{"line":160,"column":38},"end":{"line":160,"column":98}},"92":{"start":{"line":162,"column":19},"end":{"line":162,"column":82}},"93":{"start":{"line":163,"column":8},"end":{"line":163,"column":72}},"94":{"start":{"line":163,"column":18},"end":{"line":163,"column":72}},"95":{"start":{"line":164,"column":8},"end":{"line":164,"column":175}},"96":{"start":{"line":164,"column":97},"end":{"line":164,"column":113}},"97":{"start":{"line":166,"column":8},"end":{"line":166,"column":57}},"98":{"start":{"line":181,"column":26},"end":{"line":246,"column":1}},"99":{"start":{"line":182,"column":4},"end":{"line":245,"column":5}},"100":{"start":{"line":183,"column":26},"end":{"line":183,"column":41}},"101":{"start":{"line":184,"column":29},"end":{"line":184,"column":44}},"102":{"start":{"line":187,"column":29},"end":{"line":187,"column":73}},"103":{"start":{"line":188,"column":8},"end":{"line":188,"column":83}},"104":{"start":{"line":188,"column":28},"end":{"line":188,"column":83}},"105":{"start":{"line":189,"column":8},"end":{"line":195,"column":9}},"106":{"start":{"line":190,"column":21},"end":{"line":190,"column":107}},"107":{"start":{"line":190,"column":97},"end":{"line":190,"column":104}},"108":{"start":{"line":191,"column":12},"end":{"line":191,"column":81}},"109":{"start":{"line":191,"column":33},"end":{"line":191,"column":81}},"110":{"start":{"line":193,"column":21},"end":{"line":193,"column":59}},"111":{"start":{"line":194,"column":12},"end":{"line":194,"column":81}},"112":{"start":{"line":194,"column":33},"end":{"line":194,"column":81}},"113":{"start":{"line":198,"column":8},"end":{"line":198,"column":84}},"114":{"start":{"line":198,"column":26},"end":{"line":198,"column":84}},"115":{"start":{"line":201,"column":27},"end":{"line":201,"column":64}},"116":{"start":{"line":202,"column":8},"end":{"line":204,"column":9}},"117":{"start":{"line":203,"column":12},"end":{"line":203,"column":101}},"118":{"start":{"line":203,"column":41},"end":{"line":203,"column":101}},"119":{"start":{"line":207,"column":29},"end":{"line":207,"column":31}},"120":{"start":{"line":208,"column":30},"end":{"line":208,"column":32}},"121":{"start":{"line":209,"column":27},"end":{"line":209,"column":29}},"122":{"start":{"line":212,"column":8},"end":{"line":226,"column":9}},"123":{"start":{"line":213,"column":23},"end":{"line":213,"column":63}},"124":{"start":{"line":214,"column":12},"end":{"line":217,"column":13}},"125":{"start":{"line":215,"column":16},"end":{"line":215,"column":44}},"126":{"start":{"line":216,"column":16},"end":{"line":216,"column":25}},"127":{"start":{"line":219,"column":24},"end":{"line":219,"column":95}},"128":{"start":{"line":220,"column":12},"end":{"line":223,"column":13}},"129":{"start":{"line":221,"column":16},"end":{"line":221,"column":43}},"130":{"start":{"line":222,"column":16},"end":{"line":222,"column":25}},"131":{"start":{"line":225,"column":12},"end":{"line":225,"column":45}},"132":{"start":{"line":229,"column":8},"end":{"line":229,"column":132}},"133":{"start":{"line":229,"column":33},"end":{"line":229,"column":132}},"134":{"start":{"line":237,"column":23},"end":{"line":240,"column":9}},"135":{"start":{"line":241,"column":8},"end":{"line":241,"column":86}},"136":{"start":{"line":242,"column":8},"end":{"line":242,"column":263}},"137":{"start":{"line":242,"column":123},"end":{"line":242,"column":139}},"138":{"start":{"line":244,"column":8},"end":{"line":244,"column":41}},"139":{"start":{"line":258,"column":31},"end":{"line":320,"column":1}},"140":{"start":{"line":259,"column":4},"end":{"line":319,"column":5}},"141":{"start":{"line":260,"column":26},"end":{"line":260,"column":41}},"142":{"start":{"line":261,"column":29},"end":{"line":261,"column":44}},"143":{"start":{"line":264,"column":29},"end":{"line":264,"column":73}},"144":{"start":{"line":265,"column":8},"end":{"line":265,"column":83}},"145":{"start":{"line":265,"column":28},"end":{"line":265,"column":83}},"146":{"start":{"line":266,"column":8},"end":{"line":272,"column":9}},"147":{"start":{"line":267,"column":21},"end":{"line":267,"column":107}},"148":{"start":{"line":267,"column":97},"end":{"line":267,"column":104}},"149":{"start":{"line":268,"column":12},"end":{"line":268,"column":81}},"150":{"start":{"line":268,"column":33},"end":{"line":268,"column":81}},"151":{"start":{"line":270,"column":21},"end":{"line":270,"column":59}},"152":{"start":{"line":271,"column":12},"end":{"line":271,"column":81}},"153":{"start":{"line":271,"column":33},"end":{"line":271,"column":81}},"154":{"start":{"line":274,"column":8},"end":{"line":274,"column":87}},"155":{"start":{"line":274,"column":26},"end":{"line":274,"column":87}},"156":{"start":{"line":276,"column":27},"end":{"line":276,"column":64}},"157":{"start":{"line":277,"column":8},"end":{"line":279,"column":9}},"158":{"start":{"line":278,"column":12},"end":{"line":278,"column":101}},"159":{"start":{"line":278,"column":41},"end":{"line":278,"column":101}},"160":{"start":{"line":282,"column":25},"end":{"line":282,"column":27}},"161":{"start":{"line":283,"column":30},"end":{"line":283,"column":32}},"162":{"start":{"line":284,"column":30},"end":{"line":284,"column":32}},"163":{"start":{"line":287,"column":8},"end":{"line":301,"column":9}},"164":{"start":{"line":288,"column":23},"end":{"line":288,"column":63}},"165":{"start":{"line":289,"column":12},"end":{"line":292,"column":13}},"166":{"start":{"line":290,"column":16},"end":{"line":290,"column":44}},"167":{"start":{"line":291,"column":16},"end":{"line":291,"column":25}},"168":{"start":{"line":294,"column":24},"end":{"line":294,"column":95}},"169":{"start":{"line":295,"column":12},"end":{"line":298,"column":13}},"170":{"start":{"line":296,"column":16},"end":{"line":296,"column":39}},"171":{"start":{"line":297,"column":16},"end":{"line":297,"column":25}},"172":{"start":{"line":300,"column":12},"end":{"line":300,"column":40}},"173":{"start":{"line":304,"column":8},"end":{"line":304,"column":133}},"174":{"start":{"line":304,"column":36},"end":{"line":304,"column":133}},"175":{"start":{"line":305,"column":8},"end":{"line":310,"column":9}},"176":{"start":{"line":306,"column":12},"end":{"line":308,"column":13}},"177":{"start":{"line":307,"column":16},"end":{"line":307,"column":102}},"178":{"start":{"line":309,"column":12},"end":{"line":309,"column":53}},"179":{"start":{"line":311,"column":23},"end":{"line":315,"column":16}},"180":{"start":{"line":316,"column":8},"end":{"line":316,"column":238}},"181":{"start":{"line":316,"column":106},"end":{"line":316,"column":122}},"182":{"start":{"line":318,"column":8},"end":{"line":318,"column":41}},"183":{"start":{"line":331,"column":26},"end":{"line":370,"column":1}},"184":{"start":{"line":332,"column":4},"end":{"line":369,"column":5}},"185":{"start":{"line":334,"column":24},"end":{"line":334,"column":35}},"186":{"start":{"line":335,"column":25},"end":{"line":335,"column":66}},"187":{"start":{"line":336,"column":8},"end":{"line":337,"column":65}},"188":{"start":{"line":337,"column":12},"end":{"line":337,"column":65}},"189":{"start":{"line":340,"column":8},"end":{"line":340,"column":81}},"190":{"start":{"line":340,"column":28},"end":{"line":340,"column":81}},"191":{"start":{"line":342,"column":29},"end":{"line":342,"column":78}},"192":{"start":{"line":343,"column":8},"end":{"line":343,"column":80}},"193":{"start":{"line":343,"column":26},"end":{"line":343,"column":80}},"194":{"start":{"line":344,"column":8},"end":{"line":344,"column":115}},"195":{"start":{"line":344,"column":51},"end":{"line":344,"column":115}},"196":{"start":{"line":347,"column":25},"end":{"line":347,"column":30}},"197":{"start":{"line":350,"column":28},"end":{"line":350,"column":107}},"198":{"start":{"line":351,"column":8},"end":{"line":359,"column":9}},"199":{"start":{"line":352,"column":12},"end":{"line":352,"column":30}},"200":{"start":{"line":353,"column":24},"end":{"line":353,"column":52}},"201":{"start":{"line":354,"column":12},"end":{"line":358,"column":13}},"202":{"start":{"line":355,"column":16},"end":{"line":355,"column":66}},"203":{"start":{"line":357,"column":16},"end":{"line":357,"column":110}},"204":{"start":{"line":361,"column":21},"end":{"line":361,"column":91}},"205":{"start":{"line":362,"column":8},"end":{"line":362,"column":39}},"206":{"start":{"line":365,"column":8},"end":{"line":365,"column":63}},"207":{"start":{"line":366,"column":8},"end":{"line":366,"column":160}},"208":{"start":{"line":368,"column":8},"end":{"line":368,"column":49}},"209":{"start":{"line":379,"column":27},"end":{"line":396,"column":1}},"210":{"start":{"line":380,"column":4},"end":{"line":395,"column":5}},"211":{"start":{"line":382,"column":23},"end":{"line":382,"column":34}},"212":{"start":{"line":383,"column":8},"end":{"line":383,"column":85}},"213":{"start":{"line":383,"column":27},"end":{"line":383,"column":85}},"214":{"start":{"line":385,"column":21},"end":{"line":385,"column":34}},"215":{"start":{"line":386,"column":22},"end":{"line":386,"column":61}},"216":{"start":{"line":387,"column":8},"end":{"line":387,"column":74}},"217":{"start":{"line":387,"column":19},"end":{"line":387,"column":74}},"218":{"start":{"line":388,"column":26},"end":{"line":388,"column":67}},"219":{"start":{"line":389,"column":8},"end":{"line":390,"column":66}},"220":{"start":{"line":390,"column":12},"end":{"line":390,"column":66}},"221":{"start":{"line":391,"column":8},"end":{"line":391,"column":43}},"222":{"start":{"line":392,"column":8},"end":{"line":392,"column":126}},"223":{"start":{"line":394,"column":8},"end":{"line":394,"column":49}}},"fnMap":{"0":{"name":"(anonymous_0)","decl":{"start":{"line":12,"column":24},"end":{"line":12,"column":25}},"loc":{"start":{"line":12,"column":44},"end":{"line":21,"column":1}},"line":12},"1":{"name":"(anonymous_1)","decl":{"start":{"line":30,"column":23},"end":{"line":30,"column":24}},"loc":{"start":{"line":30,"column":43},"end":{"line":56,"column":1}},"line":30},"2":{"name":"(anonymous_2)","decl":{"start":{"line":68,"column":27},"end":{"line":68,"column":28}},"loc":{"start":{"line":68,"column":47},"end":{"line":120,"column":1}},"line":68},"3":{"name":"(anonymous_3)","decl":{"start":{"line":84,"column":25},"end":{"line":84,"column":26}},"loc":{"start":{"line":84,"column":30},"end":{"line":84,"column":44}},"line":84},"4":{"name":"(anonymous_4)","decl":{"start":{"line":130,"column":25},"end":{"line":130,"column":26}},"loc":{"start":{"line":130,"column":45},"end":{"line":141,"column":1}},"line":130},"5":{"name":"(anonymous_5)","decl":{"start":{"line":135,"column":53},"end":{"line":135,"column":54}},"loc":{"start":{"line":135,"column":61},"end":{"line":137,"column":13}},"line":135},"6":{"name":"(anonymous_6)","decl":{"start":{"line":136,"column":53},"end":{"line":136,"column":54}},"loc":{"start":{"line":136,"column":61},"end":{"line":136,"column":77}},"line":136},"7":{"name":"(anonymous_7)","decl":{"start":{"line":151,"column":24},"end":{"line":151,"column":25}},"loc":{"start":{"line":151,"column":44},"end":{"line":168,"column":1}},"line":151},"8":{"name":"(anonymous_8)","decl":{"start":{"line":157,"column":81},"end":{"line":157,"column":82}},"loc":{"start":{"line":157,"column":86},"end":{"line":157,"column":93}},"line":157},"9":{"name":"(anonymous_9)","decl":{"start":{"line":164,"column":89},"end":{"line":164,"column":90}},"loc":{"start":{"line":164,"column":97},"end":{"line":164,"column":113}},"line":164},"10":{"name":"(anonymous_10)","decl":{"start":{"line":181,"column":26},"end":{"line":181,"column":27}},"loc":{"start":{"line":181,"column":46},"end":{"line":246,"column":1}},"line":181},"11":{"name":"(anonymous_11)","decl":{"start":{"line":190,"column":92},"end":{"line":190,"column":93}},"loc":{"start":{"line":190,"column":97},"end":{"line":190,"column":104}},"line":190},"12":{"name":"(anonymous_12)","decl":{"start":{"line":242,"column":115},"end":{"line":242,"column":116}},"loc":{"start":{"line":242,"column":123},"end":{"line":242,"column":139}},"line":242},"13":{"name":"(anonymous_13)","decl":{"start":{"line":258,"column":31},"end":{"line":258,"column":32}},"loc":{"start":{"line":258,"column":51},"end":{"line":320,"column":1}},"line":258},"14":{"name":"(anonymous_14)","decl":{"start":{"line":267,"column":92},"end":{"line":267,"column":93}},"loc":{"start":{"line":267,"column":97},"end":{"line":267,"column":104}},"line":267},"15":{"name":"(anonymous_15)","decl":{"start":{"line":316,"column":98},"end":{"line":316,"column":99}},"loc":{"start":{"line":316,"column":106},"end":{"line":316,"column":122}},"line":316},"16":{"name":"(anonymous_16)","decl":{"start":{"line":331,"column":26},"end":{"line":331,"column":27}},"loc":{"start":{"line":331,"column":46},"end":{"line":370,"column":1}},"line":331},"17":{"name":"(anonymous_17)","decl":{"start":{"line":379,"column":27},"end":{"line":379,"column":28}},"loc":{"start":{"line":379,"column":47},"end":{"line":396,"column":1}},"line":379}},"branchMap":{"0":{"loc":{"start":{"line":15,"column":8},"end":{"line":15,"column":89}},"type":"if","locations":[{"start":{"line":15,"column":8},"end":{"line":15,"column":89}},{"start":{},"end":{}}],"line":15},"1":{"loc":{"start":{"line":35,"column":8},"end":{"line":52,"column":9}},"type":"if","locations":[{"start":{"line":35,"column":8},"end":{"line":52,"column":9}},{"start":{"line":41,"column":15},"end":{"line":52,"column":9}}],"line":35},"2":{"loc":{"start":{"line":38,"column":12},"end":{"line":38,"column":76}},"type":"if","locations":[{"start":{"line":38,"column":12},"end":{"line":38,"column":76}},{"start":{},"end":{}}],"line":38},"3":{"loc":{"start":{"line":43,"column":12},"end":{"line":51,"column":13}},"type":"if","locations":[{"start":{"line":43,"column":12},"end":{"line":51,"column":13}},{"start":{"line":49,"column":19},"end":{"line":51,"column":13}}],"line":43},"4":{"loc":{"start":{"line":46,"column":16},"end":{"line":46,"column":80}},"type":"if","locations":[{"start":{"line":46,"column":16},"end":{"line":46,"column":80}},{"start":{},"end":{}}],"line":46},"5":{"loc":{"start":{"line":71,"column":8},"end":{"line":71,"column":77}},"type":"if","locations":[{"start":{"line":71,"column":8},"end":{"line":71,"column":77}},{"start":{},"end":{}}],"line":71},"6":{"loc":{"start":{"line":74,"column":8},"end":{"line":74,"column":103}},"type":"if","locations":[{"start":{"line":74,"column":8},"end":{"line":74,"column":103}},{"start":{},"end":{}}],"line":74},"7":{"loc":{"start":{"line":74,"column":11},"end":{"line":74,"column":38}},"type":"binary-expr","locations":[{"start":{"line":74,"column":11},"end":{"line":74,"column":16}},{"start":{"line":74,"column":20},"end":{"line":74,"column":38}}],"line":74},"8":{"loc":{"start":{"line":77,"column":8},"end":{"line":77,"column":72}},"type":"if","locations":[{"start":{"line":77,"column":8},"end":{"line":77,"column":72}},{"start":{},"end":{}}],"line":77},"9":{"loc":{"start":{"line":79,"column":8},"end":{"line":79,"column":81}},"type":"if","locations":[{"start":{"line":79,"column":8},"end":{"line":79,"column":81}},{"start":{},"end":{}}],"line":79},"10":{"loc":{"start":{"line":82,"column":8},"end":{"line":82,"column":105}},"type":"if","locations":[{"start":{"line":82,"column":8},"end":{"line":82,"column":105}},{"start":{},"end":{}}],"line":82},"11":{"loc":{"start":{"line":84,"column":8},"end":{"line":84,"column":72}},"type":"if","locations":[{"start":{"line":84,"column":8},"end":{"line":84,"column":72}},{"start":{},"end":{}}],"line":84},"12":{"loc":{"start":{"line":88,"column":12},"end":{"line":88,"column":101}},"type":"if","locations":[{"start":{"line":88,"column":12},"end":{"line":88,"column":101}},{"start":{},"end":{}}],"line":88},"13":{"loc":{"start":{"line":98,"column":12},"end":{"line":101,"column":13}},"type":"if","locations":[{"start":{"line":98,"column":12},"end":{"line":101,"column":13}},{"start":{},"end":{}}],"l
[...]
":[{"start":{"line":77,"column":4},"end":{"line":79,"column":5}},{"start":{},"end":{}}],"line":77},"7":{"loc":{"start":{"line":77,"column":8},"end":{"line":77,"column":51}},"type":"binary-expr","locations":[{"start":{"line":77,"column":8},"end":{"line":77,"column":27}},{"start":{"line":77,"column":31},"end":{"line":77,"column":51}}],"line":77},"8":{"loc":{"start":{"line":83,"column":8},"end":{"line":85,"column":9}},"type":"if","locations":[{"start":{"line":83,"column":8},"end":{"line":85,"column":9}},{"start":{},"end":{}}],"line":83},"9":{"loc":{"start":{"line":83,"column":12},"end":{"line":83,"column":97}},"type":"binary-expr","locations":[{"start":{"line":83,"column":12},"end":{"line":83,"column":40}},{"start":{"line":83,"column":44},"end":{"line":83,"column":69}},{"start":{"line":83,"column":73},"end":{"line":83,"column":97}}],"line":83},"10":{"loc":{"start":{"line":86,"column":8},"end":{"line":88,"column":9}},"type":"if","locations":[{"start":{"line":86,"column":8},"end":{"line":88,"column":9}},{"start":{},"end":{}}],"line":86},"11":{"loc":{"start":{"line":86,"column":12},"end":{"line":86,"column":100}},"type":"binary-expr","locations":[{"start":{"line":86,"column":12},"end":{"line":86,"column":41}},{"start":{"line":86,"column":45},"end":{"line":86,"column":71}},{"start":{"line":86,"column":75},"end":{"line":86,"column":100}}],"line":86},"12":{"loc":{"start":{"line":89,"column":8},"end":{"line":91,"column":9}},"type":"if","locations":[{"start":{"line":89,"column":8},"end":{"line":91,"column":9}},{"start":{},"end":{}}],"line":89},"13":{"loc":{"start":{"line":89,"column":12},"end":{"line":89,"column":186}},"type":"binary-expr","locations":[{"start":{"line":89,"column":12},"end":{"line":89,"column":72}},{"start":{"line":89,"column":76},"end":{"line":89,"column":130}},{"start":{"line":89,"column":134},"end":{"line":89,"column":186}}],"line":89},"14":{"loc":{"start":{"line":92,"column":8},"end":{"line":113,"column":9}},"type":"switch","locations":[{"start":{"line":93,"column":12},"end":{"line":97,"column":22}},{"start":{"line":98,"column":12},"end":{"line":102,"column":22}},{"start":{"line":103,"column":12},"end":{"line":108,"column":22}},{"start":{"line":109,"column":12},"end":{"line":110,"column":22}},{"start":{"line":111,"column":12},"end":{"line":112,"column":73}}],"line":92},"15":{"loc":{"start":{"line":94,"column":16},"end":{"line":96,"column":17}},"type":"if","locations":[{"start":{"line":94,"column":16},"end":{"line":96,"column":17}},{"start":{},"end":{}}],"line":94},"16":{"loc":{"start":{"line":99,"column":16},"end":{"line":101,"column":17}},"type":"if","locations":[{"start":{"line":99,"column":16},"end":{"line":101,"column":17}},{"start":{},"end":{}}],"line":99},"17":{"loc":{"start":{"line":105,"column":16},"end":{"line":107,"column":17}},"type":"if","locations":[{"start":{"line":105,"column":16},"end":{"line":107,"column":17}},{"start":{},"end":{}}],"line":105},"18":{"loc":{"start":{"line":116,"column":8},"end":{"line":158,"column":9}},"type":"if","locations":[{"start":{"line":116,"column":8},"end":{"line":158,"column":9}},{"start":{"line":156,"column":15},"end":{"line":158,"column":9}}],"line":116},"19":{"loc":{"start":{"line":127,"column":16},"end":{"line":147,"column":17}},"type":"switch","locations":[{"start":{"line":128,"column":20},"end":{"line":132,"column":30}},{"start":{"line":133,"column":20},"end":{"line":137,"column":30}},{"start":{"line":138,"column":20},"end":{"line":142,"column":30}},{"start":{"line":143,"column":20},"end":{"line":144,"column":30}},{"start":{"line":145,"column":20},"end":{"line":146,"column":81}}],"line":127},"20":{"loc":{"start":{"line":129,"column":24},"end":{"line":131,"column":25}},"type":"if","locations":[{"start":{"line":129,"column":24},"end":{"line":131,"column":25}},{"start":{},"end":{}}],"line":129},"21":{"loc":{"start":{"line":134,"column":24},"end":{"line":136,"column":25}},"type":"if","locations":[{"start":{"line":134,"column":24},"end":{"line":136,"column":25}},{"start":{},"end":{}}],"line":134},"22":{"loc":{"start":{"line":139,"column":24},"end":{"line":141,"column":25}},"type":"if","locations":[{"start":{"line":139,"column":24},"end":{"line":141,"column":25}},{"start":{},"end":{}}],"line":139},"23":{"loc":{"start":{"line":150,"column":16},"end":{"line":154,"column":17}},"type":"if","locations":[{"start":{"line":150,"column":16},"end":{"line":154,"column":17}},{"start":{"line":152,"column":23},"end":{"line":154,"column":17}}],"line":150},"24":{"loc":{"start":{"line":175,"column":4},"end":{"line":180,"column":5}},"type":"if","locations":[{"start":{"line":175,"column":4},"end":{"line":180,"column":5}},{"start":{},"end":{}}],"line":175},"25":{"loc":{"start":{"line":177,"column":8},"end":{"line":179,"column":9}},"type":"if","locations":[{"start":{"line":177,"column":8},"end":{"line":179,"column":9}},{"start":{},"end":{}}],"line":177},"26":{"loc":{"start":{"line":187,"column":4},"end":{"line":190,"column":5}},"type":"if","locations":[{"start":{"line":187,"column":4},"end":{"line":190,"column":5}},{"start":{},"end":{}}],"line":187},"27":{"loc":{"start":{"line":187,"column":9},"end":{"line":187,"column":19}},"type":"binary-expr","locations":[{"start":{"line":187,"column":9},"end":{"line":187,"column":12}},{"start":{"line":187,"column":16},"end":{"line":187,"column":19}}],"line":187},"28":{"loc":{"start":{"line":191,"column":4},"end":{"line":194,"column":5}},"type":"if","locations":[{"start":{"line":191,"column":4},"end":{"line":194,"column":5}},{"start":{},"end":{}}],"line":191},"29":{"loc":{"start":{"line":191,"column":9},"end":{"line":191,"column":24}},"type":"binary-expr","locations":[{"start":{"line":191,"column":9},"end":{"line":191,"column":17}},{"start":{"line":191,"column":21},"end":{"line":191,"column":24}}],"line":191},"30":{"loc":{"start":{"line":195,"column":4},"end":{"line":198,"column":5}},"type":"if","locations":[{"start":{"line":195,"column":4},"end":{"line":198,"column":5}},{"start":{},"end":{}}],"line":195},"31":{"loc":{"start":{"line":195,"column":9},"end":{"line":195,"column":24}},"type":"binary-expr","locations":[{"start":{"line":195,"column":9},"end":{"line":195,"column":17}},{"start":{"line":195,"column":21},"end":{"line":195,"column":24}}],"line":195},"32":{"loc":{"start":{"line":199,"column":4},"end":{"line":202,"column":5}},"type":"if","locations":[{"start":{"line":199,"column":4},"end":{"line":202,"column":5}},{"start":{},"end":{}}],"line":199},"33":{"loc":{"start":{"line":199,"column":8},"end":{"line":199,"column":19}},"type":"binary-expr","locations":[{"start":{"line":199,"column":8},"end":{"line":199,"column":11}},{"start":{"line":199,"column":15},"end":{"line":199,"column":19}}],"line":199},"34":{"loc":{"start":{"line":203,"column":4},"end":{"line":206,"column":5}},"type":"if","locations":[{"start":{"line":203,"column":4},"end":{"line":206,"column":5}},{"start":{},"end":{}}],"line":203},"35":{"loc":{"start":{"line":203,"column":8},"end":{"line":203,"column":19}},"type":"binary-expr","locations":[{"start":{"line":203,"column":8},"end":{"line":203,"column":12}},{"start":{"line":203,"column":16},"end":{"line":203,"column":19}}],"line":203},"36":{"loc":{"start":{"line":223,"column":8},"end":{"line":226,"column":25}},"type":"if","locations":[{"start":{"line":223,"column":8},"end":{"line":226,"column":25}},{"start":{"line":226,"column":12},"end":{"line":226,"column":25}}],"line":223},"37":{"loc":{"start":{"line":223,"column":11},"end":{"line":223,"column":48}},"type":"binary-expr","locations":[{"start":{"line":223,"column":11},"end":{"line":223,"column":23}},{"start":{"line":223,"column":27},"end":{"line":223,"column":35}},{"start":{"line":223,"column":39},"end":{"line":223,"column":48}}],"line":223},"38":{"loc":{"start":{"line":235,"column":4},"end":{"line":238,"column":5}},"type":"if","locations":[{"start":{"line":235,"column":4},"end":{"line":238,"column":5}},{"start":{},"end":{}}],"line":235},"39":{"loc":{"start":{"line":235,"column":7},"end":{"line":235,"column":31}},"type":"binary-expr","locations":[{"start":{"line":235,"column":7},"end":{"line":235,"column":11}},{"start":{"line":235,"column":15},"end":{"line":235,"column":31}}],"line":235},"40":{"loc":{"start":{"line":240,"column":4},"end":{"line":243,"column":5}},"type":"if","locations":[{"start":{"line":240,"column":4},"end":{"line":243,"column":5}},{"start":{},"end":{}}],"line":240},"41":{"loc":{"start":{"line":240,"column":7},"end":{"line":240,"column":31}},"type":"binary-expr","locations":[{"start":{"line":240,"column":7},"end":{"line":240,"column":11}},{"start":{"line":240,"column":15},"end":{"line":240,"column":31}}],"line":240},"42":{"loc":{"start":{"line":245,"column":4},"end":{"line":248,"column":5}},"type":"if","locations":[{"start":{"line":245,"column":4},"end":{"line":248,"column":5}},{"start":{},"end":{}}],"line":245},"43":{"loc":{"start":{"line":245,"column":7},"end":{"line":245,"column":31}},"type":"binary-expr","locations":[{"start":{"line":245,"column":7},"end":{"line":245,"column":11}},{"start":{"line":245,"column":15},"end":{"line":245,"column":31}}],"line":245},"44":{"loc":{"start":{"line":250,"column":4},"end":{"line":253,"column":5}},"type":"if","locations":[{"start":{"line":250,"column":4},"end":{"line":253,"column":5}},{"start":{},"end":{}}],"line":250},"45":{"loc":{"start":{"line":250,"column":8},"end":{"line":250,"column":30}},"type":"binary-expr","locations":[{"start":{"line":250,"column":8},"end":{"line":250,"column":12}},{"start":{"line":250,"column":17},"end":{"line":250,"column":21}},{"start":{"line":250,"column":25},"end":{"line":250,"column":29}}],"line":250},"46":{"loc":{"start":{"line":255,"column":4},"end":{"line":261,"column":5}},"type":"if","locations":[{"start":{"line":255,"column":4},"end":{"line":261,"column":5}},{"start":{},"end":{}}],"line":255},"47":{"loc":{"start":{"line":255,"column":8},"end":{"line":255,"column":20}},"type":"binary-expr","locations":[{"start":{"line":255,"column":8},"end":{"line":255,"column":12}},{"start":{"line":255,"column":16},"end":{"line":255,"column":20}}],"line":255},"48":{"loc":{"start":{"line":259,"column":8},"end":{"line":260,"column":25}},"type":"if","locations":[{"start":{"line":259,"column":8},"end":{"line":260,"column":25}},{"start":{},"end":{}}],"line":259},"49":{"loc":{"start":{"line":269,"column":4},"end":{"line":271,"column":5}},"type":"if","locations":[{"start":{"line":269,"column":4},"end":{"line":271,"column":5}},{"start":{},"end":{}}],"line":269},"50":{"loc":{"start":{"line":269,"column":7},"end":{"line":269,"column":40}},"type":"binary-expr","locations":[{"start":{"line":269,"column":8},"end":{"line":269,"column":24}},{"start":{"line":269,"column":29},"end":{"line":269,"column":40}}],"line":269},"51":{"loc":{"start":{"line":273,"column":4},"end":{"line":275,"column":5}},"type":"if","locations":[{"start":{"line":273,"column":4},"end":{"line":275,"column":5}},{"start":{},"end":{}}],"line":273},"52":{"loc":{"start":{"line":273,"column":7},"end":{"line":273,"column":40}},"type":"binary-expr","locations":[{"start":{"line":273,"column":8},"end":{"line":273,"column":24}},{"start":{"line":273,"column":29},"end":{"line":273,"column":40}}],"line":273},"53":{"loc":{"start":{"line":277,"column":4},"end":{"line":279,"column":5}},"type":"if","locations":[{"start":{"line":277,"column":4},"end":{"line":279,"column":5}},{"start":{},"end":{}}],"line":277},"54":{"loc":{"start":{"line":277,"column":7},"end":{"line":277,"column":37}},"type":"binary-expr","locations":[{"start":{"line":277,"column":7},"end":{"line":277,"column":17}},{"start":{"line":277,"column":21},"end":{"line":277,"column":37}}],"line":277},"55":{"loc":{"start":{"line":281,"column":4},"end":{"line":283,"column":5}},"type":"if","locations":[{"start":{"line":281,"column":4},"end":{"line":283,"column":5}},{"start":{},"end":{}}],"line":281},"56":{"loc":{"start":{"line":281,"column":7},"end":{"line":281,"column":37}},"type":"binary-expr","locations":[{"start":{"line":281,"column":7},"end":{"line":281,"column":17}},{"start":{"line":281,"column":21},"end":{"line":281,"column":37}}],"line":281},"57":{"loc":{"start":{"line":285,"column":4},"end":{"line":287,"column":5}},"type":"if","locations":[{"start":{"line":285,"column":4},"end":{"line":287,"column":5}},{"start":{},"end":{}}],"line":285},"58":{"loc":{"start":{"line":289,"column":4},"end":{"line":291,"column":5}},"type":"if","locations":[{"start":{"line":289,"column":4},"end":{"line":291,"column":5}},{"start":{},"end":{}}],"line":289},"59":{"loc":{"start":{"line":293,"column":4},"end":{"line":295,"column":5}},"type":"if","locations":[{"start":{"line":293,"column":4},"end":{"line":295,"column":5}},{"start":{},"end":{}}],"line":293},"60":{"loc":{"start":{"line":293,"column":7},"end":{"line":293,"column":74}},"type":"binary-expr","locations":[{"start":{"line":293,"column":8},"end":{"line":293,"column":41}},{"start":{"line":293,"column":47},"end":{"line":293,"column":58}},{"start":{"line":293,"column":62},"end":{"line":293,"column":73}}],"line":293}},"s":{"0":4,"1":19,"2":19,"3":19,"4":9,"5":10,"6":3,"7":7,"8":2,"9":2,"10":2,"11":5,"12":1,"13":4,"14":1,"15":3,"16":4,"17":131,"18":131,"19":13,"20":118,"21":118,"22":108,"23":108,"24":1,"25":107,"26":1,"27":106,"28":1,"29":105,"30":24,"31":4,"32":20,"33":54,"34":10,"35":44,"36":18,"37":27,"38":18,"39":4,"40":14,"41":9,"42":0,"43":87,"44":10,"45":9,"46":9,"47":7,"48":7,"49":4,"50":4,"51":1,"52":0,"53":1,"54":1,"55":0,"56":1,"57":1,"58":0,"59":1,"60":1,"61":0,"62":4,"63":5,"64":1,"65":4,"66":1,"67":4,"68":12,"69":12,"70":12,"71":10,"72":10,"73":3,"74":9,"75":9,"76":9,"77":9,"78":3,"79":3,"80":6,"81":0,"82":0,"83":6,"84":0,"85":0,"86":6,"87":1,"88":1,"89":5,"90":1,"91":1,"92":4,"93":22,"94":22,"95":22,"96":22,"97":22,"98":22,"99":22,"100":22,"101":22,"102":16,"103":6,"104":0,"105":19,"106":2,"107":17,"108":2,"109":15,"110":2,"111":13,"112":3,"113":10,"114":2,"115":2,"116":2,"117":0,"118":10,"119":10,"120":1,"121":9,"122":1,"123":8,"124":2,"125":6,"126":1,"127":5,"128":0,"129":5,"130":0,"131":5,"132":0,"133":5},"f":{"0":19,"1":131,"2":27,"3":12,"4":22,"5":19,"6":10},"b":{"0":[9,10],"1":[3,7],"2":[2,5],"3":[7,3],"4":[1,4],"5":[1,3],"6":[13,118],"7":[131,118],"8":[1,107],"9":[108,107,107],"10":[1,106],"11":[107,106,106],"12":[1,105],"13":[106,105,105],"14":[24,54,18,9,0],"15":[4,20],"16":[10,44],"17":[4,14],"18":[9,1],"19":[1,1,1,1,0],"20":[0,1],"21":[0,1],"22":[0,1],"23":[1,4],"24":[10,2],"25":[3,7],"26":[3,6],"27":[9,4],"28":[0,6],"29":[6,0],"30":[0,6],"31":[6,0],"32":[1,5],"33":[6,1],"34":[1,4],"35":[5,5],"36":[16,6],"37":[22,16,16],"38":[2,17],"39":[19,8],"40":[2,15],"41":[17,7],"42":[2,13],"43":[15,7],"44":[3,10],"45":[13,6,4],"46":[2,8],"47":[10,3],"48":[0,2],"49":[1,9],"50":[10,4],"51":[1,8],"52":[9,4],"53":[2,6],"54":[8,5],"55":[1,5],"56":[6,3],"57":[0,5],"58":[0,5],"59":[0,5],"60":[5,0,0]},"_coverageSchema":"1a1c01bbd47fc00a2c39e90264f33305004495a9","hash":"f3693f9eedc67e068775ce94e6e8b070faac2b8d"}
,"D:\\SCUOLA\\Universita\\Magistrale\\Primo_anno\\SoftEng\\ezwallet\\code\\models\\User.js": {"path":"D:\\SCUOLA\\Universita\\Magistrale\\Primo_anno\\SoftEng\\ezwallet\\code\\models\\User.js","statementMap":{"0":{"start":{"line":3,"column":26},"end":{"line":28,"column":2}},"1":{"start":{"line":30,"column":27},"end":{"line":49,"column":2}},"2":{"start":{"line":51,"column":14},"end":{"line":51,"column":50}},"3":{"start":{"line":52,"column":13},"end":{"line":52,"column":47}}},"fnMap":{},"branchMap":{},"s":{"0":4,"1":4,"2":4,"3":4},"f":{},"b":{},"_coverageSchema":"1a1c01bbd47fc00a2c39e90264f33305004495a9","hash":"a2342554b4f4c32fc4a0d96fab0cfd399b669ffe"}
,"D:\\SCUOLA\\Universita\\Magistrale\\Primo_anno\\SoftEng\\ezwallet\\code\\models\\model.js": {"path":"D:\\SCUOLA\\Universita\\Magistrale\\Primo_anno\\SoftEng\\ezwallet\\code\\models\\model.js","statementMap":{"0":{"start":{"line":3,"column":25},"end":{"line":16,"column":2}},"1":{"start":{"line":18,"column":26},"end":{"line":38,"column":2}},"2":{"start":{"line":40,"column":19},"end":{"line":40,"column":65}},"3":{"start":{"line":41,"column":21},"end":{"line":41,"column":70}}},"fnMap":{},"branchMap":{},"s":{"0":3,"1":3,"2":3,"3":3},"f":{},"b":{},"_coverageSchema":"1a1c01bbd47fc00a2c39e90264f33305004495a9","hash":"46a2845c0c3fa04110a791003221d7e73af78635"}
,"D:\\SCUOLA\\Universita\\Magistrale\\Primo_anno\\SoftEng\\ezwallet\\code\\routes\\route.js": {"path":"D:\\SCUOLA\\Universita\\Magistrale\\Primo_anno\\SoftEng\\ezwallet\\code\\routes\\route.js","statementMap":{"0":{"start":{"line":13,"column":15},"end":{"line":13,"column":23}},"1":{"start":{"line":18,"column":0},"end":{"line":18,"column":34}},"2":{"start":{"line":19,"column":0},"end":{"line":19,"column":36}},"3":{"start":{"line":20,"column":0},"end":{"line":20,"column":28}},"4":{"start":{"line":25,"column":0},"end":{"line":25,"column":40}},"5":{"start":{"line":26,"column":0},"end":{"line":26,"column":39}},"6":{"start":{"line":27,"column":0},"end":{"line":27,"column":63}},"7":{"start":{"line":28,"column":0},"end":{"line":28,"column":66}},"8":{"start":{"line":29,"column":0},"end":{"line":29,"column":65}},"9":{"start":{"line":30,"column":0},"end":{"line":30,"column":95}},"10":{"start":{"line":31,"column":0},"end":{"line":31,"column":35}},"11":{"start":{"line":32,"column":0},"end":{"line":32,"column":37}},"12":{"start":{"line":33,"column":0},"end":{"line":33,"column":64}},"13":{"start":{"line":34,"column":0},"end":{"line":34,"column":93}},"14":{"start":{"line":35,"column":0},"end":{"line":35,"column":45}},"15":{"start":{"line":36,"column":0},"end":{"line":36,"column":53}},"16":{"start":{"line":41,"column":0},"end":{"line":41,"column":42}},"17":{"start":{"line":42,"column":0},"end":{"line":42,"column":49}},"18":{"start":{"line":43,"column":0},"end":{"line":43,"column":44}},"19":{"start":{"line":44,"column":0},"end":{"line":44,"column":47}},"20":{"start":{"line":45,"column":0},"end":{"line":45,"column":50}},"21":{"start":{"line":46,"column":0},"end":{"line":46,"column":66}},"22":{"start":{"line":47,"column":0},"end":{"line":47,"column":95}},"23":{"start":{"line":48,"column":0},"end":{"line":48,"column":64}},"24":{"start":{"line":49,"column":0},"end":{"line":49,"column":93}},"25":{"start":{"line":50,"column":0},"end":{"line":50,"column":30}},"26":{"start":{"line":51,"column":0},"end":{"line":51,"column":35}},"27":{"start":{"line":52,"column":0},"end":{"line":52,"column":32}},"28":{"start":{"line":53,"column":0},"end":{"line":53,"column":37}},"29":{"start":{"line":54,"column":0},"end":{"line":54,"column":48}},"30":{"start":{"line":55,"column":0},"end":{"line":55,"column":51}},"31":{"start":{"line":60,"column":0},"end":{"line":60,"column":29}}},"fnMap":{},"branchMap":{},"s":{"0":3,"1":3,"2":3,"3":3,"4":3,"5":3,"6":3,"7":3,"8":3,"9":3,"10":3,"11":3,"12":3,"13":3,"14":3,"15":3,"16":3,"17":3,"18":3,"19":3,"20":3,"21":3,"22":3,"23":3,"24":3,"25":3,"26":3,"27":3,"28":3,"29":3,"30":3,"31":3},"f":{},"b":{},"_coverageSchema":"1a1c01bbd47fc00a2c39e90264f33305004495a9","hash":"da5cf8e3266658e17dce0bf153d082295f137932"}
,"D:\\SCUOLA\\Universita\\Magistrale\\Primo_anno\\SoftEng\\ezwallet\\code\\test_official\\tokens.js": {"path":"D:\\SCUOLA\\Universita\\Magistrale\\Primo_anno\\SoftEng\\ezwallet\\code\\test_official\\tokens.js","statementMap":{"0":{"start":{"line":9,"column":37},"end":{"line":9,"column":367}},"1":{"start":{"line":10,"column":39},"end":{"line":10,"column":369}},"2":{"start":{"line":19,"column":38},"end":{"line":19,"column":368}},"3":{"start":{"line":20,"column":40},"end":{"line":20,"column":370}},"4":{"start":{"line":30,"column":38},"end":{"line":30,"column":372}},"5":{"start":{"line":40,"column":39},"end":{"line":40,"column":373}},"6":{"start":{"line":47,"column":32},"end":{"line":47,"column":289}},"7":{"start":{"line":54,"column":33},"end":{"line":54,"column":290}}},"fnMap":{},"branchMap":{},"s":{"0":4,"1":4,"2":4,"3":4,"4":4,"5":4,"6":4,"7":4},"f":{},"b":{},"_coverageSchema":"1a1c01bbd47fc00a2c39e90264f33305004495a9","hash":"7725af080ca74d8917c3d823429c8e0e5e31fe03"}
}
