TN:
SF:app.js
FNF:0
FNH:0
DA:7,3
DA:8,3
DA:10,3
DA:12,3
DA:13,3
DA:14,3
DA:15,3
LF:7
LH:7
BRDA:8,0,0,3
BRDA:8,0,1,3
BRF:2
BRH:2
end_of_record
TN:
SF:controllers\auth.js
FN:6,isValidEmail
FN:18,(anonymous_1)
FN:49,(anonymous_2)
FN:83,(anonymous_3)
FN:127,(anonymous_4)
FNF:5
FNH:5
FNDA:12,isValidEmail
FNDA:5,(anonymous_1)
FNDA:5,(anonymous_2)
FNDA:5,(anonymous_3)
FNDA:3,(anonymous_4)
DA:7,12
DA:8,12
DA:18,3
DA:19,5
DA:20,5
DA:21,5
DA:22,5
DA:23,5
DA:24,4
DA:25,4
DA:27,3
DA:28,3
DA:30,1
DA:31,1
DA:36,1
DA:38,0
DA:49,3
DA:50,5
DA:51,5
DA:52,5
DA:53,5
DA:54,5
DA:55,4
DA:56,4
DA:58,3
DA:59,3
DA:61,1
DA:62,1
DA:68,1
DA:70,0
DA:83,3
DA:84,5
DA:85,5
DA:86,4
DA:87,4
DA:88,3
DA:89,3
DA:90,3
DA:91,3
DA:92,2
DA:93,2
DA:95,1
DA:102,1
DA:109,1
DA:110,1
DA:111,1
DA:112,1
DA:113,1
DA:115,0
DA:127,3
DA:128,3
DA:129,3
DA:130,2
DA:132,2
DA:133,2
DA:134,1
DA:135,1
DA:136,1
DA:137,1
DA:138,1
DA:140,0
LF:61
LH:57
BRDA:20,0,0,5
BRDA:20,0,1,5
BRDA:21,1,0,5
BRDA:21,1,1,5
BRDA:22,2,0,5
BRDA:22,2,1,5
BRDA:23,3,0,1
BRDA:23,3,1,4
BRDA:23,4,0,5
BRDA:23,4,1,4
BRDA:23,4,2,4
BRDA:24,5,0,0
BRDA:24,5,1,4
BRDA:24,6,0,4
BRDA:24,6,1,4
BRDA:24,6,2,4
BRDA:25,7,0,1
BRDA:25,7,1,3
BRDA:28,8,0,2
BRDA:28,8,1,1
BRDA:51,9,0,5
BRDA:51,9,1,5
BRDA:52,10,0,5
BRDA:52,10,1,5
BRDA:53,11,0,5
BRDA:53,11,1,5
BRDA:54,12,0,1
BRDA:54,12,1,4
BRDA:54,13,0,5
BRDA:54,13,1,4
BRDA:54,13,2,4
BRDA:55,14,0,0
BRDA:55,14,1,4
BRDA:55,15,0,4
BRDA:55,15,1,4
BRDA:55,15,2,4
BRDA:56,16,0,1
BRDA:56,16,1,3
BRDA:59,17,0,2
BRDA:59,17,1,1
BRDA:85,18,0,1
BRDA:85,18,1,4
BRDA:85,19,0,5
BRDA:85,19,1,4
BRDA:86,20,0,0
BRDA:86,20,1,4
BRDA:86,21,0,4
BRDA:86,21,1,4
BRDA:87,22,0,1
BRDA:87,22,1,3
BRDA:91,23,0,1
BRDA:91,23,1,2
BRDA:93,24,0,1
BRDA:93,24,1,1
BRDA:129,25,0,1
BRDA:129,25,1,2
BRDA:133,26,0,1
BRDA:133,26,1,1
BRF:58
BRH:55
end_of_record
TN:
SF:controllers\controller.js
FN:10,(anonymous_0)
FN:36,(anonymous_1)
FN:77,(anonymous_2)
FN:99,(anonymous_3)
FN:120,(anonymous_4)
FN:127,(anonymous_5)
FN:142,(anonymous_6)
FN:183,(anonymous_7)
FN:186,(anonymous_8)
FN:199,(anonymous_9)
FN:216,(anonymous_10)
FN:217,(anonymous_11)
FN:219,(anonymous_12)
FN:234,(anonymous_13)
FN:261,(anonymous_14)
FN:262,(anonymous_15)
FN:264,(anonymous_16)
FN:300,(anonymous_17)
FN:301,(anonymous_18)
FN:303,(anonymous_19)
FN:321,(anonymous_20)
FN:369,(anonymous_21)
FN:387,(anonymous_22)
FN:403,(anonymous_23)
FN:407,(anonymous_24)
FN:436,(anonymous_25)
FN:437,(anonymous_26)
FN:459,(anonymous_27)
FN:477,(anonymous_28)
FN:487,(anonymous_29)
FN:517,(anonymous_30)
FN:518,(anonymous_31)
FN:524,(anonymous_32)
FN:539,(anonymous_33)
FN:577,(anonymous_34)
FN:590,(anonymous_35)
FNF:36
FNH:32
FNDA:5,(anonymous_0)
FNDA:6,(anonymous_1)
FNDA:8,(anonymous_2)
FNDA:4,(anonymous_3)
FNDA:2,(anonymous_4)
FNDA:2,(anonymous_5)
FNDA:8,(anonymous_6)
FNDA:1,(anonymous_7)
FNDA:0,(anonymous_8)
FNDA:2,(anonymous_9)
FNDA:1,(anonymous_10)
FNDA:5,(anonymous_11)
FNDA:0,(anonymous_12)
FNDA:8,(anonymous_13)
FNDA:1,(anonymous_14)
FNDA:3,(anonymous_15)
FNDA:0,(anonymous_16)
FNDA:5,(anonymous_17)
FNDA:8,(anonymous_18)
FNDA:0,(anonymous_19)
FNDA:5,(anonymous_20)
FNDA:4,(anonymous_21)
FNDA:4,(anonymous_22)
FNDA:3,(anonymous_23)
FNDA:4,(anonymous_24)
FNDA:12,(anonymous_25)
FNDA:8,(anonymous_26)
FNDA:5,(anonymous_27)
FNDA:5,(anonymous_28)
FNDA:4,(anonymous_29)
FNDA:12,(anonymous_30)
FNDA:8,(anonymous_31)
FNDA:8,(anonymous_32)
FNDA:7,(anonymous_33)
FNDA:5,(anonymous_34)
FNDA:5,(anonymous_35)
DA:10,3
DA:11,5
DA:12,5
DA:13,5
DA:14,4
DA:15,4
DA:16,4
DA:17,2
DA:18,2
DA:19,2
DA:20,1
DA:21,1
DA:22,1
DA:24,0
DA:36,3
DA:37,6
DA:38,6
DA:39,6
DA:40,5
DA:41,5
DA:42,5
DA:43,5
DA:44,2
DA:46,3
DA:48,3
DA:49,3
DA:50,1
DA:53,2
DA:54,2
DA:55,1
DA:58,1
DA:63,1
DA:64,1
DA:66,0
DA:77,3
DA:78,8
DA:79,8
DA:80,8
DA:81,7
DA:82,7
DA:83,5
DA:84,5
DA:86,4
DA:87,9
DA:88,8
DA:89,8
DA:90,1
DA:95,2
DA:96,2
DA:98,1
DA:99,4
DA:101,2
DA:103,2
DA:104,5
DA:105,5
DA:107,2
DA:109,0
DA:120,3
DA:121,2
DA:122,2
DA:123,2
DA:125,1
DA:127,2
DA:129,1
DA:131,0
DA:142,3
DA:143,8
DA:144,8
DA:145,8
DA:147,7
DA:149,7
DA:150,1
DA:153,6
DA:154,1
DA:158,5
DA:159,1
DA:162,4
DA:163,4
DA:164,4
DA:165,1
DA:169,3
DA:170,1
DA:174,2
DA:175,2
DA:176,2
DA:177,1
DA:180,1
DA:182,1
DA:184,1
DA:186,0
DA:188,0
DA:199,3
DA:200,2
DA:201,2
DA:202,2
DA:206,1
DA:217,5
DA:218,1
DA:219,0
DA:221,0
DA:234,3
DA:235,8
DA:238,8
DA:239,8
DA:240,1
DA:243,7
DA:245,1
DA:246,1
DA:247,1
DA:248,1
DA:262,3
DA:263,1
DA:265,0
DA:267,1
DA:270,6
DA:271,6
DA:275,5
DA:276,5
DA:277,5
DA:279,5
DA:280,2
DA:282,5
DA:283,3
DA:287,5
DA:301,8
DA:302,5
DA:304,0
DA:306,5
DA:309,0
DA:321,3
DA:322,5
DA:324,5
DA:326,3
DA:327,3
DA:331,2
DA:332,2
DA:335,4
DA:336,4
DA:337,1
DA:341,3
DA:342,3
DA:343,1
DA:352,2
DA:369,4
DA:371,2
DA:375,0
DA:387,3
DA:388,4
DA:390,4
DA:393,4
DA:394,4
DA:397,3
DA:399,1
DA:400,1
DA:403,3
DA:404,2
DA:407,4
DA:414,2
DA:436,12
DA:437,8
DA:444,2
DA:447,0
DA:459,3
DA:460,5
DA:462,5
DA:468,5
DA:469,5
DA:472,4
DA:474,1
DA:475,1
DA:477,5
DA:478,3
DA:479,3
DA:483,3
DA:484,3
DA:485,1
DA:487,4
DA:495,2
DA:517,12
DA:518,8
DA:524,8
DA:525,2
DA:528,0
DA:539,3
DA:540,7
DA:541,7
DA:543,7
DA:544,7
DA:546,6
DA:547,6
DA:548,1
DA:549,1
DA:553,5
DA:556,3
DA:558,3
DA:560,2
DA:562,1
DA:563,1
DA:565,0
DA:577,3
DA:578,5
DA:580,5
DA:581,5
DA:584,4
DA:586,4
DA:587,1
DA:590,5
DA:591,1
DA:594,2
DA:595,2
DA:596,1
DA:600,1
DA:606,1
DA:607,1
DA:609,0
DA:612,0
LF:216
LH:199
BRDA:13,0,0,1
BRDA:13,0,1,4
BRDA:14,1,0,4
BRDA:14,1,1,4
BRDA:15,2,0,4
BRDA:15,2,1,4
BRDA:16,3,0,2
BRDA:16,3,1,2
BRDA:16,4,0,4
BRDA:16,4,1,2
BRDA:17,5,0,0
BRDA:17,5,1,2
BRDA:17,6,0,2
BRDA:17,6,1,2
BRDA:19,7,0,1
BRDA:19,7,1,1
BRDA:39,8,0,1
BRDA:39,8,1,5
BRDA:41,9,0,5
BRDA:41,9,1,5
BRDA:42,10,0,5
BRDA:42,10,1,5
BRDA:43,11,0,2
BRDA:43,11,1,3
BRDA:43,12,0,5
BRDA:43,12,1,3
BRDA:46,13,0,0
BRDA:46,13,1,3
BRDA:46,14,0,3
BRDA:46,14,1,3
BRDA:49,15,0,1
BRDA:49,15,1,2
BRDA:54,16,0,1
BRDA:54,16,1,1
BRDA:80,17,0,1
BRDA:80,17,1,7
BRDA:82,18,0,2
BRDA:82,18,1,5
BRDA:82,19,0,7
BRDA:82,19,1,6
BRDA:84,20,0,1
BRDA:84,20,1,4
BRDA:87,21,0,1
BRDA:87,21,1,8
BRDA:87,22,0,9
BRDA:87,22,1,8
BRDA:89,23,0,1
BRDA:89,23,1,7
BRDA:96,24,0,1
BRDA:96,24,1,1
BRDA:123,25,0,1
BRDA:123,25,1,1
BRDA:145,26,0,1
BRDA:145,26,1,7
BRDA:149,27,0,1
BRDA:149,27,1,6
BRDA:149,28,0,7
BRDA:149,28,1,6
BRDA:149,28,2,6
BRDA:153,29,0,1
BRDA:153,29,1,5
BRDA:153,30,0,6
BRDA:153,30,1,5
BRDA:158,31,0,1
BRDA:158,31,1,4
BRDA:164,32,0,1
BRDA:164,32,1,3
BRDA:169,33,0,1
BRDA:169,33,1,2
BRDA:176,34,0,1
BRDA:176,34,1,1
BRDA:176,35,0,2
BRDA:176,35,1,2
BRDA:202,36,0,1
BRDA:202,36,1,1
BRDA:239,37,0,1
BRDA:239,37,1,7
BRDA:243,38,0,1
BRDA:243,38,1,6
BRDA:246,39,0,0
BRDA:246,39,1,1
BRDA:271,40,0,1
BRDA:271,40,1,5
BRDA:279,41,0,2
BRDA:279,41,1,3
BRDA:282,42,0,3
BRDA:282,42,1,2
BRDA:324,43,0,3
BRDA:324,43,1,2
BRDA:327,44,0,0
BRDA:327,44,1,3
BRDA:332,45,0,1
BRDA:332,45,1,1
BRDA:336,46,0,1
BRDA:336,46,1,3
BRDA:342,47,0,1
BRDA:342,47,1,2
BRDA:394,48,0,1
BRDA:394,48,1,3
BRDA:397,49,0,1
BRDA:397,49,1,2
BRDA:400,50,0,0
BRDA:400,50,1,1
BRDA:404,51,0,1
BRDA:404,51,1,1
BRDA:469,52,0,1
BRDA:469,52,1,4
BRDA:472,53,0,1
BRDA:472,53,1,3
BRDA:475,54,0,0
BRDA:475,54,1,1
BRDA:479,55,0,1
BRDA:479,55,1,2
BRDA:484,56,0,1
BRDA:484,56,1,2
BRDA:544,57,0,1
BRDA:544,57,1,6
BRDA:547,58,0,1
BRDA:547,58,1,5
BRDA:549,59,0,1
BRDA:549,59,1,0
BRDA:553,60,0,2
BRDA:553,60,1,3
BRDA:558,61,0,1
BRDA:558,61,1,2
BRDA:560,62,0,1
BRDA:560,62,1,1
BRDA:581,63,0,1
BRDA:581,63,1,4
BRDA:586,64,0,1
BRDA:586,64,1,3
BRDA:590,65,0,1
BRDA:590,65,1,2
BRDA:595,66,0,1
BRDA:595,66,1,1
BRDA:606,67,0,1
BRDA:606,67,1,0
BRF:137
BRH:129
end_of_record
TN:
SF:controllers\users.js
FN:12,(anonymous_0)
FN:30,(anonymous_1)
FN:68,(anonymous_2)
FN:84,(anonymous_3)
FN:130,(anonymous_4)
FN:135,(anonymous_5)
FN:136,(anonymous_6)
FN:151,(anonymous_7)
FN:157,(anonymous_8)
FN:164,(anonymous_9)
FN:181,(anonymous_10)
FN:190,(anonymous_11)
FN:242,(anonymous_12)
FN:258,(anonymous_13)
FN:267,(anonymous_14)
FN:316,(anonymous_15)
FN:331,(anonymous_16)
FN:379,(anonymous_17)
FNF:18
FNH:18
FNDA:2,(anonymous_0)
FNDA:4,(anonymous_1)
FNDA:8,(anonymous_2)
FNDA:6,(anonymous_3)
FNDA:2,(anonymous_4)
FNDA:2,(anonymous_5)
FNDA:3,(anonymous_6)
FNDA:4,(anonymous_7)
FNDA:6,(anonymous_8)
FNDA:4,(anonymous_9)
FNDA:7,(anonymous_10)
FNDA:4,(anonymous_11)
FNDA:4,(anonymous_12)
FNDA:8,(anonymous_13)
FNDA:11,(anonymous_14)
FNDA:2,(anonymous_15)
FNDA:9,(anonymous_16)
FNDA:5,(anonymous_17)
DA:12,3
DA:13,2
DA:14,2
DA:15,2
DA:16,1
DA:17,1
DA:19,0
DA:30,3
DA:31,4
DA:32,4
DA:34,4
DA:35,4
DA:37,1
DA:38,1
DA:40,1
DA:42,3
DA:43,3
DA:45,2
DA:46,2
DA:48,1
DA:50,1
DA:54,0
DA:68,3
DA:69,8
DA:70,8
DA:71,8
DA:72,7
DA:73,7
DA:74,7
DA:76,5
DA:77,5
DA:78,5
DA:79,5
DA:81,3
DA:82,3
DA:84,6
DA:86,3
DA:87,3
DA:88,7
DA:91,2
DA:92,2
DA:93,2
DA:96,2
DA:97,6
DA:98,6
DA:99,1
DA:100,1
DA:102,5
DA:103,5
DA:104,1
DA:105,1
DA:107,4
DA:110,2
DA:112,1
DA:113,1
DA:116,1
DA:118,0
DA:130,3
DA:131,2
DA:132,2
DA:133,2
DA:134,1
DA:135,2
DA:136,3
DA:139,0
DA:151,3
DA:152,4
DA:153,4
DA:154,4
DA:155,4
DA:156,4
DA:157,6
DA:158,3
DA:159,2
DA:160,2
DA:162,2
DA:163,2
DA:164,4
DA:166,0
DA:181,3
DA:182,7
DA:183,7
DA:184,7
DA:187,7
DA:188,7
DA:189,6
DA:190,4
DA:191,4
DA:193,2
DA:194,2
DA:198,5
DA:201,4
DA:202,4
DA:203,9
DA:207,3
DA:208,3
DA:209,3
DA:212,3
DA:213,8
DA:214,8
DA:215,3
DA:216,3
DA:219,5
DA:220,5
DA:221,3
DA:222,3
DA:225,2
DA:229,3
DA:237,2
DA:241,2
DA:242,4
DA:244,0
DA:258,3
DA:259,8
DA:260,8
DA:261,8
DA:264,8
DA:265,8
DA:266,7
DA:267,11
DA:268,6
DA:270,1
DA:271,1
DA:274,6
DA:276,5
DA:277,5
DA:278,12
DA:282,4
DA:283,4
DA:284,4
DA:287,4
DA:288,11
DA:289,11
DA:290,4
DA:291,4
DA:294,7
DA:295,7
DA:296,5
DA:297,5
DA:300,2
DA:304,4
DA:305,2
DA:306,0
DA:307,0
DA:309,0
DA:311,2
DA:316,2
DA:318,0
DA:331,3
DA:332,9
DA:334,9
DA:335,9
DA:336,9
DA:337,1
DA:340,8
DA:342,6
DA:343,6
DA:344,4
DA:347,3
DA:350,3
DA:351,3
DA:352,2
DA:353,2
DA:354,2
DA:355,1
DA:357,1
DA:361,3
DA:362,3
DA:365,3
DA:366,3
DA:368,0
DA:379,3
DA:380,5
DA:382,5
DA:383,5
DA:385,3
DA:386,3
DA:387,3
DA:388,2
DA:389,2
DA:390,1
DA:391,1
DA:392,1
DA:394,0
LF:184
LH:172
BRDA:15,0,0,1
BRDA:15,0,1,1
BRDA:35,1,0,1
BRDA:35,1,1,3
BRDA:38,2,0,0
BRDA:38,2,1,1
BRDA:43,3,0,2
BRDA:43,3,1,1
BRDA:46,4,0,1
BRDA:46,4,1,1
BRDA:71,5,0,1
BRDA:71,5,1,7
BRDA:74,6,0,2
BRDA:74,6,1,5
BRDA:74,7,0,7
BRDA:74,7,1,5
BRDA:77,8,0,0
BRDA:77,8,1,5
BRDA:79,9,0,2
BRDA:79,9,1,3
BRDA:82,10,0,0
BRDA:82,10,1,3
BRDA:84,11,0,3
BRDA:84,11,1,0
BRDA:88,12,0,1
BRDA:88,12,1,6
BRDA:98,13,0,1
BRDA:98,13,1,5
BRDA:103,14,0,1
BRDA:103,14,1,4
BRDA:110,15,0,1
BRDA:110,15,1,1
BRDA:133,16,0,1
BRDA:133,16,1,1
BRDA:156,17,0,1
BRDA:156,17,1,3
BRDA:158,18,0,2
BRDA:158,18,1,1
BRDA:160,19,0,1
BRDA:160,19,1,1
BRDA:163,20,0,0
BRDA:163,20,1,2
BRDA:188,21,0,1
BRDA:188,21,1,6
BRDA:189,22,0,4
BRDA:189,22,1,2
BRDA:191,23,0,0
BRDA:191,23,1,4
BRDA:194,24,0,1
BRDA:194,24,1,1
BRDA:198,25,0,1
BRDA:198,25,1,4
BRDA:203,26,0,1
BRDA:203,26,1,8
BRDA:214,27,0,3
BRDA:214,27,1,5
BRDA:220,28,0,3
BRDA:220,28,1,2
BRDA:229,29,0,1
BRDA:229,29,1,2
BRDA:265,30,0,1
BRDA:265,30,1,7
BRDA:266,31,0,6
BRDA:266,31,1,1
BRDA:268,32,0,1
BRDA:268,32,1,5
BRDA:271,33,0,0
BRDA:271,33,1,1
BRDA:274,34,0,1
BRDA:274,34,1,5
BRDA:278,35,0,1
BRDA:278,35,1,11
BRDA:289,36,0,4
BRDA:289,36,1,7
BRDA:295,37,0,5
BRDA:295,37,1,2
BRDA:295,38,0,7
BRDA:295,38,1,5
BRDA:304,39,0,2
BRDA:304,39,1,2
BRDA:305,40,0,0
BRDA:305,40,1,2
BRDA:306,41,0,0
BRDA:306,41,1,0
BRDA:336,42,0,1
BRDA:336,42,1,8
BRDA:340,43,0,2
BRDA:340,43,1,6
BRDA:343,44,0,2
BRDA:343,44,1,4
BRDA:344,45,0,1
BRDA:344,45,1,3
BRDA:351,46,0,2
BRDA:351,46,1,1
BRDA:354,47,0,1
BRDA:354,47,1,1
BRDA:383,48,0,2
BRDA:383,48,1,3
BRDA:387,49,0,1
BRDA:387,49,1,2
BRDA:389,50,0,1
BRDA:389,50,1,1
BRF:102
BRH:92
end_of_record
TN:
SF:controllers\utils.js
FN:13,(anonymous_0)
FN:75,(anonymous_1)
FN:104,(anonymous_2)
FN:169,(anonymous_3)
FN:213,checkDate
FN:234,checkDateParams
FN:267,checkMinMaxParams
FNF:7
FNH:7
FNDA:19,(anonymous_0)
FNDA:131,(anonymous_1)
FNDA:27,(anonymous_2)
FNDA:12,(anonymous_3)
FNDA:22,checkDate
FNDA:19,checkDateParams
FNDA:10,checkMinMaxParams
DA:13,4
DA:14,19
DA:15,19
DA:17,19
DA:18,9
DA:22,10
DA:23,3
DA:27,7
DA:28,2
DA:29,2
DA:30,2
DA:34,5
DA:35,1
DA:39,4
DA:40,1
DA:44,3
DA:75,4
DA:76,131
DA:77,131
DA:78,13
DA:80,118
DA:81,118
DA:82,108
DA:83,108
DA:84,1
DA:86,107
DA:87,1
DA:89,106
DA:90,1
DA:92,105
DA:94,24
DA:95,4
DA:97,20
DA:99,54
DA:100,10
DA:102,44
DA:104,27
DA:105,18
DA:106,4
DA:108,14
DA:110,9
DA:112,0
DA:114,87
DA:116,10
DA:117,9
DA:118,9
DA:119,7
DA:125,7
DA:126,4
DA:127,4
DA:129,1
DA:130,0
DA:132,1
DA:134,1
DA:135,0
DA:137,1
DA:139,1
DA:140,0
DA:142,1
DA:144,1
DA:146,0
DA:148,4
DA:150,5
DA:151,1
DA:153,4
DA:157,1
DA:169,4
DA:171,12
DA:172,12
DA:175,12
DA:176,10
DA:177,10
DA:178,3
DA:182,9
DA:183,9
DA:185,9
DA:187,9
DA:188,3
DA:189,3
DA:191,6
DA:192,0
DA:193,0
DA:195,6
DA:196,0
DA:197,0
DA:199,6
DA:200,1
DA:201,1
DA:203,5
DA:204,1
DA:205,1
DA:208,4
DA:214,22
DA:216,22
DA:217,22
DA:218,22
DA:219,22
DA:220,22
DA:221,22
DA:222,22
DA:223,22
DA:224,16
DA:226,6
DA:230,0
DA:235,19
DA:237,2
DA:240,17
DA:242,2
DA:245,15
DA:247,2
DA:250,13
DA:252,3
DA:255,10
DA:257,2
DA:258,2
DA:259,2
DA:260,0
DA:263,10
DA:269,10
DA:270,1
DA:273,9
DA:274,1
DA:277,8
DA:278,2
DA:281,6
DA:282,1
DA:285,5
DA:286,0
DA:289,5
DA:290,0
DA:293,5
DA:294,0
DA:297,5
LF:133
LH:119
BRDA:17,0,0,9
BRDA:17,0,1,10
BRDA:22,1,0,3
BRDA:22,1,1,7
BRDA:27,2,0,2
BRDA:27,2,1,5
BRDA:27,3,0,7
BRDA:27,3,1,3
BRDA:34,4,0,1
BRDA:34,4,1,4
BRDA:39,5,0,1
BRDA:39,5,1,3
BRDA:77,6,0,13
BRDA:77,6,1,118
BRDA:77,7,0,131
BRDA:77,7,1,118
BRDA:83,8,0,1
BRDA:83,8,1,107
BRDA:83,9,0,108
BRDA:83,9,1,107
BRDA:83,9,2,107
BRDA:86,10,0,1
BRDA:86,10,1,106
BRDA:86,11,0,107
BRDA:86,11,1,106
BRDA:86,11,2,106
BRDA:89,12,0,1
BRDA:89,12,1,105
BRDA:89,13,0,106
BRDA:89,13,1,105
BRDA:89,13,2,105
BRDA:92,14,0,24
BRDA:92,14,1,54
BRDA:92,14,2,18
BRDA:92,14,3,9
BRDA:92,14,4,0
BRDA:94,15,0,4
BRDA:94,15,1,20
BRDA:99,16,0,10
BRDA:99,16,1,44
BRDA:105,17,0,4
BRDA:105,17,1,14
BRDA:116,18,0,9
BRDA:116,18,1,1
BRDA:127,19,0,1
BRDA:127,19,1,1
BRDA:127,19,2,1
BRDA:127,19,3,1
BRDA:127,19,4,0
BRDA:129,20,0,0
BRDA:129,20,1,1
BRDA:134,21,0,0
BRDA:134,21,1,1
BRDA:139,22,0,0
BRDA:139,22,1,1
BRDA:150,23,0,1
BRDA:150,23,1,4
BRDA:175,24,0,10
BRDA:175,24,1,2
BRDA:177,25,0,3
BRDA:177,25,1,7
BRDA:187,26,0,3
BRDA:187,26,1,6
BRDA:187,27,0,9
BRDA:187,27,1,4
BRDA:191,28,0,0
BRDA:191,28,1,6
BRDA:191,29,0,6
BRDA:191,29,1,0
BRDA:195,30,0,0
BRDA:195,30,1,6
BRDA:195,31,0,6
BRDA:195,31,1,0
BRDA:199,32,0,1
BRDA:199,32,1,5
BRDA:199,33,0,6
BRDA:199,33,1,1
BRDA:203,34,0,1
BRDA:203,34,1,4
BRDA:203,35,0,5
BRDA:203,35,1,5
BRDA:223,36,0,16
BRDA:223,36,1,6
BRDA:223,37,0,22
BRDA:223,37,1,16
BRDA:223,37,2,16
BRDA:235,38,0,2
BRDA:235,38,1,17
BRDA:235,39,0,19
BRDA:235,39,1,8
BRDA:240,40,0,2
BRDA:240,40,1,15
BRDA:240,41,0,17
BRDA:240,41,1,7
BRDA:245,42,0,2
BRDA:245,42,1,13
BRDA:245,43,0,15
BRDA:245,43,1,7
BRDA:250,44,0,3
BRDA:250,44,1,10
BRDA:250,45,0,13
BRDA:250,45,1,6
BRDA:250,45,2,4
BRDA:255,46,0,2
BRDA:255,46,1,8
BRDA:255,47,0,10
BRDA:255,47,1,3
BRDA:259,48,0,0
BRDA:259,48,1,2
BRDA:269,49,0,1
BRDA:269,49,1,9
BRDA:269,50,0,10
BRDA:269,50,1,4
BRDA:273,51,0,1
BRDA:273,51,1,8
BRDA:273,52,0,9
BRDA:273,52,1,4
BRDA:277,53,0,2
BRDA:277,53,1,6
BRDA:277,54,0,8
BRDA:277,54,1,5
BRDA:281,55,0,1
BRDA:281,55,1,5
BRDA:281,56,0,6
BRDA:281,56,1,3
BRDA:285,57,0,0
BRDA:285,57,1,5
BRDA:289,58,0,0
BRDA:289,58,1,5
BRDA:293,59,0,0
BRDA:293,59,1,5
BRDA:293,60,0,5
BRDA:293,60,1,0
BRDA:293,60,2,0
BRF:134
BRH:119
end_of_record
TN:
SF:models\User.js
FNF:0
FNH:0
DA:3,4
DA:30,4
DA:51,4
DA:52,4
LF:4
LH:4
BRF:0
BRH:0
end_of_record
TN:
SF:models\model.js
FNF:0
FNH:0
DA:3,3
DA:18,3
DA:40,3
DA:41,3
LF:4
LH:4
BRF:0
BRH:0
end_of_record
TN:
SF:routes\route.js
FNF:0
FNH:0
DA:13,3
DA:18,3
DA:19,3
DA:20,3
DA:25,3
DA:26,3
DA:27,3
DA:28,3
DA:29,3
DA:30,3
DA:31,3
DA:32,3
DA:33,3
DA:34,3
DA:35,3
DA:36,3
DA:41,3
DA:42,3
DA:43,3
DA:44,3
DA:45,3
DA:46,3
DA:47,3
DA:48,3
DA:49,3
DA:50,3
DA:51,3
DA:52,3
DA:53,3
DA:54,3
DA:55,3
DA:60,3
LF:32
LH:32
BRF:0
BRH:0
end_of_record
TN:
SF:test_official\tokens.js
FNF:0
FNH:0
DA:9,4
DA:10,4
DA:19,4
DA:20,4
DA:30,4
DA:40,4
DA:47,4
DA:54,4
LF:8
LH:8
BRF:0
BRH:0
end_of_record
