<?xml version="1.0" encoding="UTF-8"?>
<coverage generated="1686037784341" clover="3.2.0">
  <project timestamp="1686037784342" name="All files">
    <metrics statements="635" coveredstatements="569" conditionals="431" coveredconditionals="374" methods="62" coveredmethods="58" elements="1128" coveredelements="1001" complexity="0" loc="635" ncloc="635" packages="4" files="8" classes="8"/>
    <package name="code">
      <metrics statements="7" coveredstatements="7" conditionals="2" coveredconditionals="2" methods="0" coveredmethods="0"/>
      <file name="app.js" path="D:\SCUOLA\Universita\Magistrale\Primo_anno\SoftEng\ezwallet\code\app.js">
        <metrics statements="7" coveredstatements="7" conditionals="2" coveredconditionals="2" methods="0" coveredmethods="0"/>
        <line num="7" count="3" type="stmt"/>
        <line num="8" count="3" type="cond" truecount="2" falsecount="0"/>
        <line num="10" count="3" type="stmt"/>
        <line num="12" count="3" type="stmt"/>
        <line num="13" count="3" type="stmt"/>
        <line num="14" count="3" type="stmt"/>
        <line num="15" count="3" type="stmt"/>
      </file>
    </package>
    <package name="code.controllers">
      <metrics statements="588" coveredstatements="522" conditionals="429" coveredconditionals="372" methods="62" coveredmethods="58"/>
      <file name="auth.js" path="D:\SCUOLA\Universita\Magistrale\Primo_anno\SoftEng\ezwallet\code\controllers\auth.js">
        <metrics statements="61" coveredstatements="57" conditionals="58" coveredconditionals="56" methods="5" coveredmethods="5"/>
        <line num="7" count="484" type="stmt"/>
        <line num="8" count="484" type="stmt"/>
        <line num="18" count="3" type="stmt"/>
        <line num="19" count="179" type="stmt"/>
        <line num="20" count="179" type="cond" truecount="2" falsecount="0"/>
        <line num="21" count="179" type="cond" truecount="2" falsecount="0"/>
        <line num="22" count="179" type="cond" truecount="2" falsecount="0"/>
        <line num="23" count="179" type="cond" truecount="5" falsecount="0"/>
        <line num="24" count="178" type="cond" truecount="5" falsecount="0"/>
        <line num="25" count="177" type="cond" truecount="2" falsecount="0"/>
        <line num="27" count="176" type="stmt"/>
        <line num="28" count="176" type="cond" truecount="2" falsecount="0"/>
        <line num="30" count="174" type="stmt"/>
        <line num="31" count="174" type="stmt"/>
        <line num="36" count="174" type="stmt"/>
        <line num="38" count="0" type="stmt"/>
        <line num="49" count="3" type="stmt"/>
        <line num="50" count="107" type="stmt"/>
        <line num="51" count="107" type="cond" truecount="2" falsecount="0"/>
        <line num="52" count="107" type="cond" truecount="2" falsecount="0"/>
        <line num="53" count="107" type="cond" truecount="2" falsecount="0"/>
        <line num="54" count="107" type="cond" truecount="5" falsecount="0"/>
        <line num="55" count="106" type="cond" truecount="5" falsecount="0"/>
        <line num="56" count="105" type="cond" truecount="2" falsecount="0"/>
        <line num="58" count="104" type="stmt"/>
        <line num="59" count="104" type="cond" truecount="2" falsecount="0"/>
        <line num="61" count="103" type="stmt"/>
        <line num="62" count="103" type="stmt"/>
        <line num="68" count="103" type="stmt"/>
        <line num="70" count="0" type="stmt"/>
        <line num="83" count="3" type="stmt"/>
        <line num="84" count="203" type="stmt"/>
        <line num="85" count="203" type="cond" truecount="3" falsecount="1"/>
        <line num="86" count="203" type="cond" truecount="4" falsecount="0"/>
        <line num="87" count="202" type="cond" truecount="1" falsecount="1"/>
        <line num="88" count="202" type="stmt"/>
        <line num="89" count="202" type="stmt"/>
        <line num="90" count="202" type="stmt"/>
        <line num="91" count="202" type="cond" truecount="2" falsecount="0"/>
        <line num="92" count="201" type="stmt"/>
        <line num="93" count="201" type="cond" truecount="2" falsecount="0"/>
        <line num="95" count="200" type="stmt"/>
        <line num="102" count="200" type="stmt"/>
        <line num="109" count="200" type="stmt"/>
        <line num="110" count="200" type="stmt"/>
        <line num="111" count="200" type="stmt"/>
        <line num="112" count="200" type="stmt"/>
        <line num="113" count="200" type="stmt"/>
        <line num="115" count="0" type="stmt"/>
        <line num="127" count="3" type="stmt"/>
        <line num="128" count="3" type="stmt"/>
        <line num="129" count="3" type="cond" truecount="2" falsecount="0"/>
        <line num="130" count="2" type="stmt"/>
        <line num="132" count="2" type="stmt"/>
        <line num="133" count="2" type="cond" truecount="2" falsecount="0"/>
        <line num="134" count="1" type="stmt"/>
        <line num="135" count="1" type="stmt"/>
        <line num="136" count="1" type="stmt"/>
        <line num="137" count="1" type="stmt"/>
        <line num="138" count="1" type="stmt"/>
        <line num="140" count="0" type="stmt"/>
      </file>
      <file name="controller.js" path="D:\SCUOLA\Universita\Magistrale\Primo_anno\SoftEng\ezwallet\code\controllers\controller.js">
        <metrics statements="208" coveredstatements="186" conditionals="133" coveredconditionals="119" methods="31" coveredmethods="27"/>
        <line num="10" count="3" type="stmt"/>
        <line num="11" count="79" type="stmt"/>
        <line num="12" count="79" type="stmt"/>
        <line num="13" count="79" type="cond" truecount="2" falsecount="0"/>
        <line num="14" count="78" type="cond" truecount="2" falsecount="0"/>
        <line num="15" count="78" type="cond" truecount="2" falsecount="0"/>
        <line num="16" count="78" type="cond" truecount="3" falsecount="1"/>
        <line num="17" count="78" type="cond" truecount="3" falsecount="1"/>
        <line num="18" count="78" type="stmt"/>
        <line num="19" count="78" type="cond" truecount="1" falsecount="1"/>
        <line num="20" count="78" type="stmt"/>
        <line num="21" count="78" type="stmt"/>
        <line num="22" count="78" type="stmt"/>
        <line num="24" count="0" type="stmt"/>
        <line num="36" count="3" type="stmt"/>
        <line num="37" count="4" type="stmt"/>
        <line num="38" count="4" type="stmt"/>
        <line num="39" count="4" type="cond" truecount="2" falsecount="0"/>
        <line num="40" count="3" type="stmt"/>
        <line num="41" count="3" type="cond" truecount="2" falsecount="0"/>
        <line num="42" count="3" type="cond" truecount="2" falsecount="0"/>
        <line num="43" count="3" type="cond" truecount="3" falsecount="1"/>
        <line num="44" count="0" type="stmt"/>
        <line num="46" count="3" type="cond" truecount="3" falsecount="1"/>
        <line num="48" count="3" type="stmt"/>
        <line num="49" count="3" type="cond" truecount="2" falsecount="0"/>
        <line num="50" count="1" type="stmt"/>
        <line num="53" count="2" type="stmt"/>
        <line num="54" count="2" type="cond" truecount="2" falsecount="0"/>
        <line num="55" count="1" type="stmt"/>
        <line num="58" count="1" type="stmt"/>
        <line num="63" count="1" type="stmt"/>
        <line num="64" count="1" type="stmt"/>
        <line num="66" count="0" type="stmt"/>
        <line num="77" count="3" type="stmt"/>
        <line num="78" count="4" type="stmt"/>
        <line num="79" count="4" type="stmt"/>
        <line num="80" count="4" type="cond" truecount="2" falsecount="0"/>
        <line num="81" count="3" type="stmt"/>
        <line num="82" count="3" type="cond" truecount="3" falsecount="1"/>
        <line num="83" count="3" type="stmt"/>
        <line num="84" count="3" type="cond" truecount="2" falsecount="0"/>
        <line num="86" count="2" type="stmt"/>
        <line num="87" count="3" type="cond" truecount="3" falsecount="1"/>
        <line num="88" count="3" type="stmt"/>
        <line num="89" count="3" type="cond" truecount="2" falsecount="0"/>
        <line num="90" count="1" type="stmt"/>
        <line num="95" count="1" type="stmt"/>
        <line num="96" count="1" type="cond" truecount="1" falsecount="1"/>
        <line num="98" count="0" type="stmt"/>
        <line num="99" count="0" type="stmt"/>
        <line num="101" count="1" type="stmt"/>
        <line num="103" count="1" type="stmt"/>
        <line num="104" count="2" type="stmt"/>
        <line num="105" count="2" type="stmt"/>
        <line num="107" count="1" type="stmt"/>
        <line num="109" count="0" type="stmt"/>
        <line num="120" count="3" type="stmt"/>
        <line num="121" count="2" type="stmt"/>
        <line num="122" count="2" type="stmt"/>
        <line num="123" count="2" type="cond" truecount="1" falsecount="1"/>
        <line num="125" count="2" type="stmt"/>
        <line num="127" count="3" type="stmt"/>
        <line num="129" count="2" type="stmt"/>
        <line num="131" count="0" type="stmt"/>
        <line num="142" count="3" type="stmt"/>
        <line num="143" count="120" type="stmt"/>
        <line num="144" count="120" type="stmt"/>
        <line num="145" count="120" type="cond" truecount="2" falsecount="0"/>
        <line num="147" count="99" type="stmt"/>
        <line num="149" count="99" type="cond" truecount="5" falsecount="0"/>
        <line num="150" count="3" type="stmt"/>
        <line num="153" count="96" type="cond" truecount="4" falsecount="0"/>
        <line num="154" count="2" type="stmt"/>
        <line num="158" count="94" type="cond" truecount="2" falsecount="0"/>
        <line num="159" count="1" type="stmt"/>
        <line num="162" count="93" type="stmt"/>
        <line num="163" count="93" type="stmt"/>
        <line num="164" count="93" type="cond" truecount="2" falsecount="0"/>
        <line num="165" count="1" type="stmt"/>
        <line num="169" count="92" type="cond" truecount="2" falsecount="0"/>
        <line num="170" count="12" type="stmt"/>
        <line num="174" count="80" type="stmt"/>
        <line num="175" count="80" type="stmt"/>
        <line num="176" count="80" type="cond" truecount="4" falsecount="0"/>
        <line num="177" count="20" type="stmt"/>
        <line num="180" count="60" type="stmt"/>
        <line num="182" count="60" type="stmt"/>
        <line num="184" count="60" type="stmt"/>
        <line num="186" count="0" type="stmt"/>
        <line num="188" count="0" type="stmt"/>
        <line num="199" count="3" type="stmt"/>
        <line num="200" count="2" type="stmt"/>
        <line num="201" count="2" type="stmt"/>
        <line num="202" count="2" type="cond" truecount="2" falsecount="0"/>
        <line num="206" count="1" type="stmt"/>
        <line num="217" count="2" type="stmt"/>
        <line num="218" count="1" type="stmt"/>
        <line num="219" count="0" type="stmt"/>
        <line num="221" count="0" type="stmt"/>
        <line num="234" count="3" type="stmt"/>
        <line num="235" count="12" type="stmt"/>
        <line num="238" count="12" type="stmt"/>
        <line num="239" count="12" type="cond" truecount="2" falsecount="0"/>
        <line num="240" count="2" type="stmt"/>
        <line num="243" count="10" type="cond" truecount="2" falsecount="0"/>
        <line num="245" count="2" type="stmt"/>
        <line num="246" count="2" type="cond" truecount="2" falsecount="0"/>
        <line num="248" count="1" type="stmt"/>
        <line num="249" count="1" type="stmt"/>
        <line num="252" count="8" type="stmt"/>
        <line num="253" count="8" type="cond" truecount="2" falsecount="0"/>
        <line num="257" count="7" type="stmt"/>
        <line num="258" count="7" type="stmt"/>
        <line num="259" count="7" type="stmt"/>
        <line num="261" count="7" type="cond" truecount="2" falsecount="0"/>
        <line num="262" count="4" type="stmt"/>
        <line num="264" count="7" type="cond" truecount="2" falsecount="0"/>
        <line num="265" count="4" type="stmt"/>
        <line num="269" count="7" type="stmt"/>
        <line num="283" count="15" type="stmt"/>
        <line num="284" count="7" type="stmt"/>
        <line num="286" count="0" type="stmt"/>
        <line num="288" count="7" type="stmt"/>
        <line num="291" count="0" type="stmt"/>
        <line num="292" count="0" type="stmt"/>
        <line num="304" count="3" type="stmt"/>
        <line num="305" count="5" type="stmt"/>
        <line num="307" count="5" type="cond" truecount="2" falsecount="0"/>
        <line num="309" count="1" type="stmt"/>
        <line num="310" count="1" type="cond" truecount="1" falsecount="1"/>
        <line num="314" count="4" type="stmt"/>
        <line num="315" count="4" type="cond" truecount="2" falsecount="0"/>
        <line num="318" count="2" type="stmt"/>
        <line num="319" count="2" type="cond" truecount="1" falsecount="1"/>
        <line num="320" count="0" type="stmt"/>
        <line num="324" count="2" type="stmt"/>
        <line num="325" count="2" type="cond" truecount="2" falsecount="0"/>
        <line num="326" count="1" type="stmt"/>
        <line num="335" count="1" type="stmt"/>
        <line num="352" count="1" type="stmt"/>
        <line num="354" count="1" type="stmt"/>
        <line num="358" count="0" type="stmt"/>
        <line num="370" count="3" type="stmt"/>
        <line num="371" count="6" type="stmt"/>
        <line num="373" count="6" type="stmt"/>
        <line num="376" count="6" type="stmt"/>
        <line num="377" count="6" type="cond" truecount="2" falsecount="0"/>
        <line num="380" count="4" type="cond" truecount="2" falsecount="0"/>
        <line num="382" count="2" type="stmt"/>
        <line num="383" count="2" type="cond" truecount="2" falsecount="0"/>
        <line num="386" count="4" type="stmt"/>
        <line num="387" count="2" type="cond" truecount="2" falsecount="0"/>
        <line num="390" count="4" type="stmt"/>
        <line num="397" count="2" type="stmt"/>
        <line num="420" count="2" type="stmt"/>
        <line num="427" count="2" type="stmt"/>
        <line num="430" count="0" type="stmt"/>
        <line num="442" count="3" type="stmt"/>
        <line num="443" count="8" type="stmt"/>
        <line num="445" count="8" type="stmt"/>
        <line num="451" count="8" type="stmt"/>
        <line num="452" count="8" type="cond" truecount="2" falsecount="0"/>
        <line num="455" count="6" type="cond" truecount="2" falsecount="0"/>
        <line num="457" count="3" type="stmt"/>
        <line num="458" count="3" type="cond" truecount="2" falsecount="0"/>
        <line num="460" count="6" type="stmt"/>
        <line num="461" count="3" type="stmt"/>
        <line num="462" count="3" type="cond" truecount="2" falsecount="0"/>
        <line num="466" count="4" type="stmt"/>
        <line num="467" count="4" type="cond" truecount="2" falsecount="0"/>
        <line num="468" count="2" type="stmt"/>
        <line num="470" count="4" type="stmt"/>
        <line num="478" count="2" type="stmt"/>
        <line num="501" count="2" type="stmt"/>
        <line num="507" count="2" type="stmt"/>
        <line num="508" count="2" type="stmt"/>
        <line num="511" count="0" type="stmt"/>
        <line num="522" count="3" type="stmt"/>
        <line num="523" count="4" type="stmt"/>
        <line num="524" count="4" type="stmt"/>
        <line num="525" count="4" type="stmt"/>
        <line num="526" count="4" type="cond" truecount="2" falsecount="0"/>
        <line num="527" count="1" type="stmt"/>
        <line num="528" count="1" type="cond" truecount="1" falsecount="1"/>
        <line num="532" count="3" type="cond" truecount="2" falsecount="0"/>
        <line num="535" count="2" type="stmt"/>
        <line num="537" count="2" type="cond" truecount="2" falsecount="0"/>
        <line num="538" count="1" type="stmt"/>
        <line num="539" count="1" type="stmt"/>
        <line num="541" count="0" type="stmt"/>
        <line num="552" count="3" type="stmt"/>
        <line num="553" count="4" type="stmt"/>
        <line num="555" count="4" type="stmt"/>
        <line num="556" count="4" type="cond" truecount="2" falsecount="0"/>
        <line num="559" count="3" type="stmt"/>
        <line num="561" count="3" type="cond" truecount="2" falsecount="0"/>
        <line num="562" count="1" type="stmt"/>
        <line num="565" count="5" type="cond" truecount="1" falsecount="1"/>
        <line num="566" count="0" type="stmt"/>
        <line num="569" count="2" type="stmt"/>
        <line num="570" count="2" type="cond" truecount="2" falsecount="0"/>
        <line num="571" count="1" type="stmt"/>
        <line num="575" count="1" type="stmt"/>
        <line num="581" count="1" type="cond" truecount="1" falsecount="1"/>
        <line num="582" count="1" type="stmt"/>
        <line num="584" count="0" type="stmt"/>
        <line num="587" count="0" type="stmt"/>
      </file>
      <file name="users.js" path="D:\SCUOLA\Universita\Magistrale\Primo_anno\SoftEng\ezwallet\code\controllers\users.js">
        <metrics statements="186" coveredstatements="162" conditionals="104" coveredconditionals="79" methods="19" coveredmethods="19"/>
        <line num="13" count="3" type="stmt"/>
        <line num="14" count="3" type="stmt"/>
        <line num="15" count="3" type="stmt"/>
        <line num="16" count="3" type="cond" truecount="2" falsecount="0"/>
        <line num="17" count="2" type="stmt"/>
        <line num="18" count="2" type="stmt"/>
        <line num="20" count="0" type="stmt"/>
        <line num="31" count="3" type="stmt"/>
        <line num="32" count="4" type="stmt"/>
        <line num="33" count="4" type="stmt"/>
        <line num="35" count="4" type="stmt"/>
        <line num="36" count="4" type="cond" truecount="1" falsecount="1"/>
        <line num="38" count="0" type="stmt"/>
        <line num="39" count="0" type="cond" truecount="0" falsecount="2"/>
        <line num="41" count="0" type="stmt"/>
        <line num="43" count="4" type="stmt"/>
        <line num="44" count="4" type="cond" truecount="2" falsecount="0"/>
        <line num="46" count="3" type="stmt"/>
        <line num="47" count="3" type="cond" truecount="2" falsecount="0"/>
        <line num="49" count="2" type="stmt"/>
        <line num="51" count="1" type="stmt"/>
        <line num="55" count="0" type="stmt"/>
        <line num="69" count="3" type="stmt"/>
        <line num="70" count="35" type="stmt"/>
        <line num="71" count="35" type="stmt"/>
        <line num="72" count="35" type="cond" truecount="1" falsecount="1"/>
        <line num="73" count="35" type="stmt"/>
        <line num="74" count="35" type="stmt"/>
        <line num="75" count="35" type="cond" truecount="4" falsecount="0"/>
        <line num="77" count="33" type="stmt"/>
        <line num="78" count="33" type="cond" truecount="1" falsecount="1"/>
        <line num="79" count="33" type="stmt"/>
        <line num="80" count="33" type="cond" truecount="2" falsecount="0"/>
        <line num="82" count="32" type="stmt"/>
        <line num="83" count="32" type="cond" truecount="2" falsecount="0"/>
        <line num="85" count="31" type="cond" truecount="1" falsecount="1"/>
        <line num="87" count="31" type="stmt"/>
        <line num="88" count="31" type="stmt"/>
        <line num="89" count="62" type="cond" truecount="1" falsecount="1"/>
        <line num="92" count="31" type="stmt"/>
        <line num="93" count="31" type="stmt"/>
        <line num="94" count="31" type="stmt"/>
        <line num="97" count="31" type="stmt"/>
        <line num="98" count="62" type="stmt"/>
        <line num="99" count="62" type="cond" truecount="1" falsecount="1"/>
        <line num="100" count="0" type="stmt"/>
        <line num="101" count="0" type="stmt"/>
        <line num="103" count="62" type="stmt"/>
        <line num="104" count="62" type="cond" truecount="1" falsecount="1"/>
        <line num="105" count="0" type="stmt"/>
        <line num="106" count="0" type="stmt"/>
        <line num="108" count="62" type="stmt"/>
        <line num="111" count="31" type="cond" truecount="1" falsecount="1"/>
        <line num="113" count="31" type="stmt"/>
        <line num="114" count="31" type="stmt"/>
        <line num="117" count="31" type="stmt"/>
        <line num="119" count="0" type="stmt"/>
        <line num="131" count="3" type="stmt"/>
        <line num="132" count="2" type="stmt"/>
        <line num="133" count="2" type="stmt"/>
        <line num="134" count="2" type="cond" truecount="2" falsecount="0"/>
        <line num="135" count="1" type="stmt"/>
        <line num="136" count="2" type="stmt"/>
        <line num="137" count="4" type="stmt"/>
        <line num="140" count="0" type="stmt"/>
        <line num="152" count="3" type="stmt"/>
        <line num="153" count="3" type="stmt"/>
        <line num="154" count="3" type="stmt"/>
        <line num="155" count="3" type="stmt"/>
        <line num="156" count="3" type="stmt"/>
        <line num="157" count="3" type="cond" truecount="2" falsecount="0"/>
        <line num="158" count="4" type="stmt"/>
        <line num="159" count="2" type="cond" truecount="2" falsecount="0"/>
        <line num="160" count="1" type="stmt"/>
        <line num="161" count="1" type="cond" truecount="1" falsecount="1"/>
        <line num="163" count="2" type="stmt"/>
        <line num="164" count="2" type="cond" truecount="1" falsecount="1"/>
        <line num="165" count="4" type="stmt"/>
        <line num="167" count="0" type="stmt"/>
        <line num="182" count="3" type="stmt"/>
        <line num="183" count="6" type="stmt"/>
        <line num="184" count="6" type="stmt"/>
        <line num="185" count="6" type="stmt"/>
        <line num="188" count="6" type="stmt"/>
        <line num="189" count="6" type="cond" truecount="2" falsecount="0"/>
        <line num="190" count="5" type="cond" truecount="2" falsecount="0"/>
        <line num="191" count="8" type="stmt"/>
        <line num="192" count="4" type="cond" truecount="1" falsecount="1"/>
        <line num="194" count="1" type="stmt"/>
        <line num="195" count="1" type="cond" truecount="1" falsecount="1"/>
        <line num="199" count="4" type="cond" truecount="2" falsecount="0"/>
        <line num="202" count="3" type="stmt"/>
        <line num="203" count="3" type="stmt"/>
        <line num="204" count="4" type="cond" truecount="2" falsecount="0"/>
        <line num="208" count="2" type="stmt"/>
        <line num="209" count="2" type="stmt"/>
        <line num="210" count="2" type="stmt"/>
        <line num="213" count="2" type="stmt"/>
        <line num="214" count="3" type="stmt"/>
        <line num="215" count="3" type="cond" truecount="2" falsecount="0"/>
        <line num="216" count="1" type="stmt"/>
        <line num="217" count="1" type="stmt"/>
        <line num="220" count="2" type="stmt"/>
        <line num="221" count="2" type="cond" truecount="2" falsecount="0"/>
        <line num="222" count="1" type="stmt"/>
        <line num="223" count="1" type="stmt"/>
        <line num="226" count="1" type="stmt"/>
        <line num="230" count="2" type="cond" truecount="2" falsecount="0"/>
        <line num="238" count="1" type="stmt"/>
        <line num="242" count="1" type="stmt"/>
        <line num="243" count="3" type="stmt"/>
        <line num="245" count="0" type="stmt"/>
        <line num="259" count="3" type="stmt"/>
        <line num="260" count="4" type="stmt"/>
        <line num="261" count="4" type="stmt"/>
        <line num="262" count="4" type="stmt"/>
        <line num="265" count="4" type="stmt"/>
        <line num="266" count="4" type="cond" truecount="2" falsecount="0"/>
        <line num="267" count="3" type="cond" truecount="2" falsecount="0"/>
        <line num="268" count="4" type="stmt"/>
        <line num="269" count="2" type="cond" truecount="1" falsecount="1"/>
        <line num="271" count="1" type="stmt"/>
        <line num="272" count="1" type="cond" truecount="1" falsecount="1"/>
        <line num="275" count="2" type="cond" truecount="1" falsecount="1"/>
        <line num="277" count="2" type="stmt"/>
        <line num="278" count="2" type="stmt"/>
        <line num="279" count="3" type="cond" truecount="1" falsecount="1"/>
        <line num="283" count="2" type="stmt"/>
        <line num="284" count="2" type="stmt"/>
        <line num="285" count="2" type="stmt"/>
        <line num="288" count="2" type="stmt"/>
        <line num="289" count="3" type="stmt"/>
        <line num="290" count="3" type="cond" truecount="2" falsecount="0"/>
        <line num="291" count="1" type="stmt"/>
        <line num="292" count="1" type="stmt"/>
        <line num="295" count="2" type="stmt"/>
        <line num="296" count="2" type="cond" truecount="4" falsecount="0"/>
        <line num="297" count="1" type="stmt"/>
        <line num="298" count="1" type="stmt"/>
        <line num="301" count="1" type="stmt"/>
        <line num="305" count="2" type="cond" truecount="2" falsecount="0"/>
        <line num="306" count="1" type="cond" truecount="1" falsecount="1"/>
        <line num="307" count="0" type="cond" truecount="0" falsecount="2"/>
        <line num="308" count="0" type="stmt"/>
        <line num="310" count="0" type="stmt"/>
        <line num="312" count="1" type="stmt"/>
        <line num="317" count="1" type="stmt"/>
        <line num="319" count="0" type="stmt"/>
        <line num="332" count="3" type="stmt"/>
        <line num="333" count="5" type="stmt"/>
        <line num="335" count="5" type="stmt"/>
        <line num="336" count="5" type="stmt"/>
        <line num="337" count="5" type="cond" truecount="2" falsecount="0"/>
        <line num="338" count="1" type="stmt"/>
        <line num="341" count="4" type="cond" truecount="2" falsecount="0"/>
        <line num="343" count="3" type="stmt"/>
        <line num="344" count="3" type="cond" truecount="2" falsecount="0"/>
        <line num="345" count="2" type="cond" truecount="2" falsecount="0"/>
        <line num="348" count="1" type="stmt"/>
        <line num="351" count="1" type="stmt"/>
        <line num="352" count="1" type="cond" truecount="1" falsecount="1"/>
        <line num="353" count="0" type="stmt"/>
        <line num="354" count="0" type="stmt"/>
        <line num="355" count="0" type="cond" truecount="0" falsecount="2"/>
        <line num="356" count="0" type="stmt"/>
        <line num="358" count="0" type="stmt"/>
        <line num="362" count="1" type="stmt"/>
        <line num="363" count="1" type="stmt"/>
        <line num="366" count="1" type="stmt"/>
        <line num="367" count="1" type="stmt"/>
        <line num="369" count="0" type="stmt"/>
        <line num="380" count="3" type="stmt"/>
        <line num="381" count="4" type="stmt"/>
        <line num="383" count="4" type="stmt"/>
        <line num="384" count="4" type="cond" truecount="2" falsecount="0"/>
        <line num="386" count="3" type="stmt"/>
        <line num="387" count="3" type="stmt"/>
        <line num="388" count="3" type="cond" truecount="2" falsecount="0"/>
        <line num="389" count="4" type="stmt"/>
        <line num="390" count="2" type="cond" truecount="2" falsecount="0"/>
        <line num="391" count="1" type="stmt"/>
        <line num="392" count="1" type="cond" truecount="1" falsecount="1"/>
        <line num="393" count="1" type="stmt"/>
        <line num="395" count="1" type="stmt"/>
        <line num="396" count="1" type="stmt"/>
        <line num="398" count="0" type="stmt"/>
      </file>
      <file name="utils.js" path="D:\SCUOLA\Universita\Magistrale\Primo_anno\SoftEng\ezwallet\code\controllers\utils.js">
        <metrics statements="133" coveredstatements="117" conditionals="134" coveredconditionals="118" methods="7" coveredmethods="7"/>
        <line num="13" count="4" type="stmt"/>
        <line num="14" count="14" type="stmt"/>
        <line num="15" count="14" type="stmt"/>
        <line num="17" count="14" type="cond" truecount="2" falsecount="0"/>
        <line num="18" count="3" type="stmt"/>
        <line num="22" count="11" type="cond" truecount="2" falsecount="0"/>
        <line num="23" count="1" type="stmt"/>
        <line num="27" count="10" type="cond" truecount="4" falsecount="0"/>
        <line num="28" count="3" type="stmt"/>
        <line num="29" count="3" type="stmt"/>
        <line num="30" count="3" type="stmt"/>
        <line num="34" count="7" type="cond" truecount="2" falsecount="0"/>
        <line num="35" count="1" type="stmt"/>
        <line num="39" count="6" type="cond" truecount="2" falsecount="0"/>
        <line num="40" count="2" type="stmt"/>
        <line num="44" count="4" type="stmt"/>
        <line num="75" count="4" type="stmt"/>
        <line num="76" count="323" type="stmt"/>
        <line num="77" count="323" type="cond" truecount="4" falsecount="0"/>
        <line num="78" count="13" type="stmt"/>
        <line num="80" count="310" type="stmt"/>
        <line num="81" count="310" type="stmt"/>
        <line num="82" count="309" type="stmt"/>
        <line num="83" count="308" type="cond" truecount="4" falsecount="1"/>
        <line num="84" count="0" type="stmt"/>
        <line num="86" count="308" type="cond" truecount="5" falsecount="0"/>
        <line num="87" count="1" type="stmt"/>
        <line num="89" count="307" type="cond" truecount="5" falsecount="0"/>
        <line num="90" count="1" type="stmt"/>
        <line num="92" count="306" type="cond" truecount="4" falsecount="1"/>
        <line num="94" count="138" type="cond" truecount="2" falsecount="0"/>
        <line num="95" count="26" type="stmt"/>
        <line num="97" count="112" type="stmt"/>
        <line num="99" count="115" type="cond" truecount="2" falsecount="0"/>
        <line num="100" count="11" type="stmt"/>
        <line num="102" count="104" type="stmt"/>
        <line num="104" count="17" type="stmt"/>
        <line num="105" count="15" type="cond" truecount="2" falsecount="0"/>
        <line num="106" count="3" type="stmt"/>
        <line num="108" count="12" type="stmt"/>
        <line num="110" count="38" type="stmt"/>
        <line num="112" count="0" type="stmt"/>
        <line num="114" count="266" type="stmt"/>
        <line num="116" count="2" type="cond" truecount="1" falsecount="1"/>
        <line num="117" count="2" type="stmt"/>
        <line num="118" count="2" type="stmt"/>
        <line num="119" count="1" type="stmt"/>
        <line num="125" count="1" type="stmt"/>
        <line num="126" count="1" type="stmt"/>
        <line num="127" count="1" type="cond" truecount="1" falsecount="4"/>
        <line num="129" count="0" type="cond" truecount="0" falsecount="2"/>
        <line num="130" count="0" type="stmt"/>
        <line num="132" count="0" type="stmt"/>
        <line num="134" count="0" type="cond" truecount="0" falsecount="2"/>
        <line num="135" count="0" type="stmt"/>
        <line num="137" count="0" type="stmt"/>
        <line num="139" count="0" type="cond" truecount="0" falsecount="2"/>
        <line num="140" count="0" type="stmt"/>
        <line num="142" count="0" type="stmt"/>
        <line num="144" count="1" type="stmt"/>
        <line num="146" count="0" type="stmt"/>
        <line num="148" count="1" type="stmt"/>
        <line num="150" count="1" type="cond" truecount="1" falsecount="1"/>
        <line num="151" count="1" type="stmt"/>
        <line num="153" count="0" type="stmt"/>
        <line num="157" count="0" type="stmt"/>
        <line num="169" count="4" type="stmt"/>
        <line num="171" count="12" type="stmt"/>
        <line num="172" count="12" type="stmt"/>
        <line num="175" count="12" type="cond" truecount="2" falsecount="0"/>
        <line num="176" count="11" type="stmt"/>
        <line num="177" count="11" type="cond" truecount="2" falsecount="0"/>
        <line num="178" count="1" type="stmt"/>
        <line num="182" count="11" type="stmt"/>
        <line num="183" count="11" type="stmt"/>
        <line num="185" count="11" type="stmt"/>
        <line num="187" count="11" type="cond" truecount="4" falsecount="0"/>
        <line num="188" count="2" type="stmt"/>
        <line num="189" count="2" type="stmt"/>
        <line num="191" count="9" type="cond" truecount="4" falsecount="0"/>
        <line num="192" count="1" type="stmt"/>
        <line num="193" count="1" type="stmt"/>
        <line num="195" count="8" type="cond" truecount="2" falsecount="2"/>
        <line num="196" count="0" type="stmt"/>
        <line num="197" count="0" type="stmt"/>
        <line num="199" count="8" type="cond" truecount="4" falsecount="0"/>
        <line num="200" count="2" type="stmt"/>
        <line num="201" count="2" type="stmt"/>
        <line num="203" count="6" type="cond" truecount="4" falsecount="0"/>
        <line num="204" count="2" type="stmt"/>
        <line num="205" count="2" type="stmt"/>
        <line num="208" count="4" type="stmt"/>
        <line num="214" count="33" type="stmt"/>
        <line num="216" count="33" type="stmt"/>
        <line num="217" count="32" type="stmt"/>
        <line num="218" count="32" type="stmt"/>
        <line num="219" count="32" type="stmt"/>
        <line num="220" count="32" type="stmt"/>
        <line num="221" count="32" type="stmt"/>
        <line num="222" count="32" type="stmt"/>
        <line num="223" count="32" type="cond" truecount="5" falsecount="0"/>
        <line num="224" count="25" type="stmt"/>
        <line num="226" count="7" type="stmt"/>
        <line num="230" count="1" type="stmt"/>
        <line num="235" count="22" type="cond" truecount="4" falsecount="0"/>
        <line num="237" count="1" type="stmt"/>
        <line num="240" count="21" type="cond" truecount="4" falsecount="0"/>
        <line num="242" count="1" type="stmt"/>
        <line num="245" count="20" type="cond" truecount="4" falsecount="0"/>
        <line num="247" count="2" type="stmt"/>
        <line num="250" count="18" type="cond" truecount="5" falsecount="0"/>
        <line num="252" count="3" type="stmt"/>
        <line num="255" count="15" type="cond" truecount="4" falsecount="0"/>
        <line num="257" count="6" type="stmt"/>
        <line num="258" count="6" type="stmt"/>
        <line num="259" count="6" type="cond" truecount="2" falsecount="0"/>
        <line num="260" count="2" type="stmt"/>
        <line num="263" count="13" type="stmt"/>
        <line num="269" count="19" type="cond" truecount="4" falsecount="0"/>
        <line num="270" count="3" type="stmt"/>
        <line num="273" count="16" type="cond" truecount="4" falsecount="0"/>
        <line num="274" count="3" type="stmt"/>
        <line num="277" count="13" type="cond" truecount="4" falsecount="0"/>
        <line num="278" count="2" type="stmt"/>
        <line num="281" count="11" type="cond" truecount="4" falsecount="0"/>
        <line num="282" count="1" type="stmt"/>
        <line num="285" count="10" type="cond" truecount="2" falsecount="0"/>
        <line num="286" count="1" type="stmt"/>
        <line num="289" count="9" type="cond" truecount="2" falsecount="0"/>
        <line num="290" count="1" type="stmt"/>
        <line num="293" count="8" type="cond" truecount="5" falsecount="0"/>
        <line num="294" count="1" type="stmt"/>
        <line num="297" count="7" type="stmt"/>
      </file>
    </package>
    <package name="code.models">
      <metrics statements="8" coveredstatements="8" conditionals="0" coveredconditionals="0" methods="0" coveredmethods="0"/>
      <file name="User.js" path="D:\SCUOLA\Universita\Magistrale\Primo_anno\SoftEng\ezwallet\code\models\User.js">
        <metrics statements="4" coveredstatements="4" conditionals="0" coveredconditionals="0" methods="0" coveredmethods="0"/>
        <line num="3" count="4" type="stmt"/>
        <line num="30" count="4" type="stmt"/>
        <line num="51" count="4" type="stmt"/>
        <line num="52" count="4" type="stmt"/>
      </file>
      <file name="model.js" path="D:\SCUOLA\Universita\Magistrale\Primo_anno\SoftEng\ezwallet\code\models\model.js">
        <metrics statements="4" coveredstatements="4" conditionals="0" coveredconditionals="0" methods="0" coveredmethods="0"/>
        <line num="3" count="3" type="stmt"/>
        <line num="18" count="3" type="stmt"/>
        <line num="40" count="3" type="stmt"/>
        <line num="41" count="3" type="stmt"/>
      </file>
    </package>
    <package name="code.routes">
      <metrics statements="32" coveredstatements="32" conditionals="0" coveredconditionals="0" methods="0" coveredmethods="0"/>
      <file name="route.js" path="D:\SCUOLA\Universita\Magistrale\Primo_anno\SoftEng\ezwallet\code\routes\route.js">
        <metrics statements="32" coveredstatements="32" conditionals="0" coveredconditionals="0" methods="0" coveredmethods="0"/>
        <line num="13" count="3" type="stmt"/>
        <line num="18" count="3" type="stmt"/>
        <line num="19" count="3" type="stmt"/>
        <line num="20" count="3" type="stmt"/>
        <line num="25" count="3" type="stmt"/>
        <line num="26" count="3" type="stmt"/>
        <line num="27" count="3" type="stmt"/>
        <line num="28" count="3" type="stmt"/>
        <line num="29" count="3" type="stmt"/>
        <line num="30" count="3" type="stmt"/>
        <line num="31" count="3" type="stmt"/>
        <line num="32" count="3" type="stmt"/>
        <line num="33" count="3" type="stmt"/>
        <line num="34" count="3" type="stmt"/>
        <line num="35" count="3" type="stmt"/>
        <line num="36" count="3" type="stmt"/>
        <line num="41" count="3" type="stmt"/>
        <line num="42" count="3" type="stmt"/>
        <line num="43" count="3" type="stmt"/>
        <line num="44" count="3" type="stmt"/>
        <line num="45" count="3" type="stmt"/>
        <line num="46" count="3" type="stmt"/>
        <line num="47" count="3" type="stmt"/>
        <line num="48" count="3" type="stmt"/>
        <line num="49" count="3" type="stmt"/>
        <line num="50" count="3" type="stmt"/>
        <line num="51" count="3" type="stmt"/>
        <line num="52" count="3" type="stmt"/>
        <line num="53" count="3" type="stmt"/>
        <line num="54" count="3" type="stmt"/>
        <line num="55" count="3" type="stmt"/>
        <line num="60" count="3" type="stmt"/>
      </file>
    </package>
  </project>
</coverage>
