{"D:\\SCUOLA\\Universita\\Magistrale\\Primo_anno\\SoftEng\\ezwallet\\code\\app.js": {"path":"D:\\SCUOLA\\Universita\\Magistrale\\Primo_anno\\SoftEng\\ezwallet\\code\\app.js","statementMap":{"0":{"start":{"line":7,"column":12},"end":{"line":7,"column":21}},"1":{"start":{"line":8,"column":13},"end":{"line":8,"column":37}},"2":{"start":{"line":10,"column":0},"end":{"line":10,"column":34}},"3":{"start":{"line":12,"column":0},"end":{"line":12,"column":16}},"4":{"start":{"line":13,"column":0},"end":{"line":13,"column":24}},"5":{"start":{"line":14,"column":0},"end":{"line":14,"column":24}},"6":{"start":{"line":15,"column":0},"end":{"line":15,"column":24}}},"fnMap":{},"branchMap":{"0":{"loc":{"start":{"line":8,"column":13},"end":{"line":8,"column":37}},"type":"binary-expr","locations":[{"start":{"line":8,"column":13},"end":{"line":8,"column":29}},{"start":{"line":8,"column":33},"end":{"line":8,"column":37}}],"line":8}},"s":{"0":3,"1":3,"2":3,"3":3,"4":3,"5":3,"6":3},"f":{},"b":{"0":[3,3]},"_coverageSchema":"1a1c01bbd47fc00a2c39e90264f33305004495a9","hash":"be8e0a3f6fb7d1faae28bcf69e919da42d5d1788"}
,"D:\\SCUOLA\\Universita\\Magistrale\\Primo_anno\\SoftEng\\ezwallet\\code\\controllers\\auth.js": {"path":"D:\\SCUOLA\\Universita\\Magistrale\\Primo_anno\\SoftEng\\ezwallet\\code\\controllers\\auth.js","statementMap":{"0":{"start":{"line":7,"column":25},"end":{"line":7,"column":53}},"1":{"start":{"line":8,"column":4},"end":{"line":8,"column":36}},"2":{"start":{"line":18,"column":24},"end":{"line":40,"column":1}},"3":{"start":{"line":19,"column":4},"end":{"line":39,"column":5}},"4":{"start":{"line":20,"column":23},"end":{"line":20,"column":50}},"5":{"start":{"line":21,"column":20},"end":{"line":21,"column":44}},"6":{"start":{"line":22,"column":23},"end":{"line":22,"column":50}},"7":{"start":{"line":23,"column":8},"end":{"line":23,"column":105}},"8":{"start":{"line":23,"column":41},"end":{"line":23,"column":105}},"9":{"start":{"line":24,"column":8},"end":{"line":24,"column":125}},"10":{"start":{"line":24,"column":62},"end":{"line":24,"column":125}},"11":{"start":{"line":25,"column":8},"end":{"line":25,"column":94}},"12":{"start":{"line":25,"column":33},"end":{"line":25,"column":94}},"13":{"start":{"line":27,"column":29},"end":{"line":27,"column":100}},"14":{"start":{"line":28,"column":8},"end":{"line":28,"column":95}},"15":{"start":{"line":28,"column":26},"end":{"line":28,"column":95}},"16":{"start":{"line":30,"column":31},"end":{"line":30,"column":62}},"17":{"start":{"line":31,"column":24},"end":{"line":35,"column":10}},"18":{"start":{"line":36,"column":8},"end":{"line":36,"column":73}},"19":{"start":{"line":38,"column":8},"end":{"line":38,"column":50}},"20":{"start":{"line":49,"column":29},"end":{"line":73,"column":1}},"21":{"start":{"line":50,"column":4},"end":{"line":71,"column":5}},"22":{"start":{"line":51,"column":23},"end":{"line":51,"column":50}},"23":{"start":{"line":52,"column":20},"end":{"line":52,"column":44}},"24":{"start":{"line":53,"column":23},"end":{"line":53,"column":50}},"25":{"start":{"line":54,"column":8},"end":{"line":54,"column":105}},"26":{"start":{"line":54,"column":41},"end":{"line":54,"column":105}},"27":{"start":{"line":55,"column":8},"end":{"line":55,"column":126}},"28":{"start":{"line":55,"column":62},"end":{"line":55,"column":126}},"29":{"start":{"line":56,"column":8},"end":{"line":56,"column":94}},"30":{"start":{"line":56,"column":33},"end":{"line":56,"column":94}},"31":{"start":{"line":58,"column":29},"end":{"line":58,"column":100}},"32":{"start":{"line":59,"column":8},"end":{"line":59,"column":95}},"33":{"start":{"line":59,"column":26},"end":{"line":59,"column":95}},"34":{"start":{"line":61,"column":31},"end":{"line":61,"column":62}},"35":{"start":{"line":62,"column":24},"end":{"line":67,"column":10}},"36":{"start":{"line":68,"column":8},"end":{"line":68,"column":74}},"37":{"start":{"line":70,"column":8},"end":{"line":70,"column":50}},"38":{"start":{"line":83,"column":21},"end":{"line":117,"column":1}},"39":{"start":{"line":84,"column":32},"end":{"line":84,"column":40}},"40":{"start":{"line":85,"column":4},"end":{"line":85,"column":90}},"41":{"start":{"line":85,"column":26},"end":{"line":85,"column":90}},"42":{"start":{"line":86,"column":4},"end":{"line":86,"column":104}},"43":{"start":{"line":86,"column":40},"end":{"line":86,"column":104}},"44":{"start":{"line":87,"column":4},"end":{"line":87,"column":90}},"45":{"start":{"line":87,"column":29},"end":{"line":87,"column":90}},"46":{"start":{"line":88,"column":19},"end":{"line":88,"column":30}},"47":{"start":{"line":89,"column":4},"end":{"line":116,"column":5}},"48":{"start":{"line":90,"column":29},"end":{"line":90,"column":72}},"49":{"start":{"line":91,"column":8},"end":{"line":91,"column":93}},"50":{"start":{"line":91,"column":27},"end":{"line":91,"column":93}},"51":{"start":{"line":92,"column":22},"end":{"line":92,"column":75}},"52":{"start":{"line":93,"column":8},"end":{"line":93,"column":76}},"53":{"start":{"line":93,"column":20},"end":{"line":93,"column":76}},"54":{"start":{"line":95,"column":28},"end":{"line":100,"column":55}},"55":{"start":{"line":102,"column":29},"end":{"line":107,"column":55}},"56":{"start":{"line":109,"column":8},"end":{"line":109,"column":48}},"57":{"start":{"line":110,"column":26},"end":{"line":110,"column":51}},"58":{"start":{"line":111,"column":8},"end":{"line":111,"column":157}},"59":{"start":{"line":112,"column":8},"end":{"line":112,"column":168}},"60":{"start":{"line":113,"column":8},"end":{"line":113,"column":95}},"61":{"start":{"line":115,"column":8},"end":{"line":115,"column":51}},"62":{"start":{"line":127,"column":22},"end":{"line":142,"column":1}},"63":{"start":{"line":128,"column":25},"end":{"line":128,"column":49}},"64":{"start":{"line":129,"column":4},"end":{"line":129,"column":76}},"65":{"start":{"line":129,"column":23},"end":{"line":129,"column":76}},"66":{"start":{"line":130,"column":4},"end":{"line":141,"column":5}},"67":{"start":{"line":132,"column":21},"end":{"line":132,"column":71}},"68":{"start":{"line":133,"column":8},"end":{"line":133,"column":72}},"69":{"start":{"line":133,"column":19},"end":{"line":133,"column":72}},"70":{"start":{"line":134,"column":8},"end":{"line":134,"column":32}},"71":{"start":{"line":135,"column":8},"end":{"line":135,"column":114}},"72":{"start":{"line":136,"column":8},"end":{"line":136,"column":115}},"73":{"start":{"line":137,"column":26},"end":{"line":137,"column":43}},"74":{"start":{"line":138,"column":8},"end":{"line":138,"column":66}},"75":{"start":{"line":140,"column":8},"end":{"line":140,"column":51}}},"fnMap":{"0":{"name":"isValidEmail","decl":{"start":{"line":6,"column":9},"end":{"line":6,"column":21}},"loc":{"start":{"line":6,"column":28},"end":{"line":9,"column":1}},"line":6},"1":{"name":"(anonymous_1)","decl":{"start":{"line":18,"column":24},"end":{"line":18,"column":25}},"loc":{"start":{"line":18,"column":44},"end":{"line":40,"column":1}},"line":18},"2":{"name":"(anonymous_2)","decl":{"start":{"line":49,"column":29},"end":{"line":49,"column":30}},"loc":{"start":{"line":49,"column":49},"end":{"line":73,"column":1}},"line":49},"3":{"name":"(anonymous_3)","decl":{"start":{"line":83,"column":21},"end":{"line":83,"column":22}},"loc":{"start":{"line":83,"column":41},"end":{"line":117,"column":1}},"line":83},"4":{"name":"(anonymous_4)","decl":{"start":{"line":127,"column":22},"end":{"line":127,"column":23}},"loc":{"start":{"line":127,"column":42},"end":{"line":142,"column":1}},"line":127}},"branchMap":{"0":{"loc":{"start":{"line":20,"column":23},"end":{"line":20,"column":50}},"type":"binary-expr","locations":[{"start":{"line":20,"column":23},"end":{"line":20,"column":31}},{"start":{"line":20,"column":33},"end":{"line":20,"column":50}}],"line":20},"1":{"loc":{"start":{"line":21,"column":20},"end":{"line":21,"column":44}},"type":"binary-expr","locations":[{"start":{"line":21,"column":20},"end":{"line":21,"column":28}},{"start":{"line":21,"column":30},"end":{"line":21,"column":44}}],"line":21},"2":{"loc":{"start":{"line":22,"column":23},"end":{"line":22,"column":50}},"type":"binary-expr","locations":[{"start":{"line":22,"column":23},"end":{"line":22,"column":31}},{"start":{"line":22,"column":33},"end":{"line":22,"column":50}}],"line":22},"3":{"loc":{"start":{"line":23,"column":8},"end":{"line":23,"column":105}},"type":"if","locations":[{"start":{"line":23,"column":8},"end":{"line":23,"column":105}},{"start":{},"end":{}}],"line":23},"4":{"loc":{"start":{"line":23,"column":11},"end":{"line":23,"column":39}},"type":"binary-expr","locations":[{"start":{"line":23,"column":11},"end":{"line":23,"column":20}},{"start":{"line":23,"column":22},"end":{"line":23,"column":28}},{"start":{"line":23,"column":30},"end":{"line":23,"column":39}}],"line":23},"5":{"loc":{"start":{"line":24,"column":8},"end":{"line":24,"column":125}},"type":"if","locations":[{"start":{"line":24,"column":8},"end":{"line":24,"column":125}},{"start":{},"end":{}}],"line":24},"6":{"loc":{"start":{"line":24,"column":11},"end":{"line":24,"column":60}},"type":"binary-expr","locations":[{"start":{"line":24,"column":11},"end":{"line":24,"column":27}},{"start":{"line":24,"column":29},"end":{"line":24,"column":42}},{"start":{"line":24,"column":44},"end":{"line":24,"column":60}}],"line":24},"7":{"loc":{"start":{"line":25,"column":8},"end":{"line":25,"column":94}},"type":"if","locations":[{"start":{"line":25,"column":8},"end":{"line":25,"column":94}},{"start":{},"end":{}}],"line":25},"8":{"loc":{"start":{"line":28,"column":8},"end":{"line":28,"column":95}},"type":"if","locations":[{"start":{"line":28,"column":8},"end":{"line":28,"column":95}},{"start":{},"end":{}}],"line":28},"9":{"loc":{"start":{"line":51,"column":23},"end":{"line":51,"column":50}},"type":"binary-expr","locations":[{"start":{"line":51,"column":23},"end":{"line":51,"column":31}},{"start":{"line":51,"column":33},"end":{"line":51,"column":50}}],"line":51},"10":{"loc":{"start":{"line":52,"column":20},"end":{"line":52,"column":44}},"type":"binary-expr","locations":[{"start":{"line":52,"column":20},"end":{"line":52,"column":28}},{"start":{"line":52,"column":30},"end":{"line":52,"column":44}}],"line":52},"11":{"loc":{"start":{"line":53,"column":23},"end":{"line":53,"column":50}},"type":"binary-expr","locations":[{"start":{"line":53,"column":23},"end":{"line":53,"column":31}},{"start":{"line":53,"column":33},"end":{"line":53,"column":50}}],"line":53},"12":{"loc":{"start":{"line":54,"column":8},"end":{"line":54,"column":105}},"type":"if","locations":[{"start":{"line":54,"column":8},"end":{"line":54,"column":105}},{"start":{},"end":{}}],"line":54},"13":{"loc":{"start":{"line":54,"column":11},"end":{"line":54,"column":39}},"type":"binary-expr","locations":[{"start":{"line":54,"column":11},"end":{"line":54,"column":20}},{"start":{"line":54,"column":22},"end":{"line":54,"column":28}},{"start":{"line":54,"column":30},"end":{"line":54,"column":39}}],"line":54},"14":{"loc":{"start":{"line":55,"column":8},"end":{"line":55,"column":126}},"type":"if","locations":[{"start":{"line":55,"column":8},"end":{"line":55,"column":126}},{"start":{},"end":{}}],"line":55},"15":{"loc":{"start":{"line":55,"column":11},"end":{"line":55,"column":60}},"type":"binary-expr","locations":[{"start":{"line":55,"column":11},"end":{"line":55,"column":27}},{"start":{"line":55,"column":29},"end":{"line":55,"column":42}},{"start":{"line":55,"column":44},"end":{"line":55,"column":60}}],"line":55},"16":{"loc":{"start":{"line":56,"column":8},"end":{"line":56,"column":94}},"type":"if","locations":[{"start":{"line":56,"column":8},"end":{"line":56,"column":94}},{"start":{},"end":{}}],"line":56},"17":{"loc":{"start":{"line":59,"column":8},"end":{"line":59,"column":95}},"type":"if","locations":[{"start":{"line":59,"column":8},"end":{"line":59,"column":95}},{"start":{},"end":{}}],"line":59},"18":{"loc":{"start":{"line":85,"column":4},"end":{"line":85,"column":90}},"type":"if","locations":[{"start":{"line":85,"column":4},"end":{"line":85,"column":90}},{"start":{},"end":{}}],"line":85},"19":{"loc":{"start":{"line":85,"column":7},"end":{"line":85,"column":24}},"type":"binary-expr","locations":[{"start":{"line":85,"column":7},"end":{"line":85,"column":13}},{"start":{"line":85,"column":15},"end":{"line":85,"column":24}}],"line":85},"20":{"loc":{"start":{"line":86,"column":4},"end":{"line":86,"column":104}},"type":"if","locations":[{"start":{"line":86,"column":4},"end":{"line":86,"column":104}},{"start":{},"end":{}}],"line":86},"21":{"loc":{"start":{"line":86,"column":7},"end":{"line":86,"column":38}},"type":"binary-expr","locations":[{"start":{"line":86,"column":7},"end":{"line":86,"column":20}},{"start":{"line":86,"column":22},"end":{"line":86,"column":38}}],"line":86},"22":{"loc":{"start":{"line":87,"column":4},"end":{"line":87,"column":90}},"type":"if","locations":[{"start":{"line":87,"column":4},"end":{"line":87,"column":90}},{"start":{},"end":{}}],"line":87},"23":{"loc":{"start":{"line":91,"column":8},"end":{"line":91,"column":93}},"type":"if","locations":[{"start":{"line":91,"column":8},"end":{"line":91,"column":93}},{"start":{},"end":{}}],"line":91},"24":{"loc":{"start":{"line":93,"column":8},"end":{"line":93,"column":76}},"type":"if","locations":[{"start":{"line":93,"column":8},"end":{"line":93,"column":76}},{"start":{},"end":{}}],"line":93},"25":{"loc":{"start":{"line":129,"column":4},"end":{"line":129,"column":76}},"type":"if","locations":[{"start":{"line":129,"column":4},"end":{"line":129,"column":76}},{"start":{},"end":{}}],"line":129},"26":{"loc":{"start":{"line":133,"column":8},"end":{"line":133,"column":72}},"type":"if","locations":[{"start":{"line":133,"column":8},"end":{"line":133,"column":72}},{"start":{},"end":{}}],"line":133}},"s":{"0":484,"1":484,"2":3,"3":179,"4":179,"5":179,"6":179,"7":179,"8":1,"9":178,"10":1,"11":177,"12":1,"13":176,"14":176,"15":2,"16":174,"17":174,"18":174,"19":0,"20":3,"21":107,"22":107,"23":107,"24":107,"25":107,"26":1,"27":106,"28":1,"29":105,"30":1,"31":104,"32":104,"33":1,"34":103,"35":103,"36":103,"37":0,"38":3,"39":203,"40":203,"41":0,"42":203,"43":1,"44":202,"45":0,"46":202,"47":202,"48":202,"49":202,"50":1,"51":201,"52":201,"53":1,"54":200,"55":200,"56":200,"57":200,"58":200,"59":200,"60":200,"61":0,"62":3,"63":3,"64":3,"65":1,"66":2,"67":2,"68":2,"69":1,"70":1,"71":1,"72":1,"73":1,"74":1,"75":0},"f":{"0":484,"1":179,"2":107,"3":203,"4":3},"b":{"0":[179,179],"1":[179,179],"2":[179,179],"3":[1,178],"4":[179,178,178],"5":[1,177],"6":[178,177,177],"7":[1,176],"8":[2,174],"9":[107,107],"10":[107,107],"11":[107,107],"12":[1,106],"13":[107,106,106],"14":[1,105],"15":[106,105,105],"16":[1,104],"17":[1,103],"18":[0,203],"19":[203,203],"20":[1,202],"21":[203,202],"22":[0,202],"23":[1,201],"24":[1,200],"25":[1,2],"26":[1,1]},"_coverageSchema":"1a1c01bbd47fc00a2c39e90264f33305004495a9","hash":"0a2794f25d3244335341ab6342f1786b7ea94244"}
,"D:\\SCUOLA\\Universita\\Magistrale\\Primo_anno\\SoftEng\\ezwallet\\code\\controllers\\controller.js": {"path":"D:\\SCUOLA\\Universita\\Magistrale\\Primo_anno\\SoftEng\\ezwallet\\code\\controllers\\controller.js","statementMap":{"0":{"start":{"line":10,"column":30},"end":{"line":26,"column":1}},"1":{"start":{"line":11,"column":4},"end":{"line":25,"column":5}},"2":{"start":{"line":12,"column":26},"end":{"line":12,"column":66}},"3":{"start":{"line":13,"column":8},"end":{"line":13,"column":89}},"4":{"start":{"line":13,"column":35},"end":{"line":13,"column":89}},"5":{"start":{"line":14,"column":19},"end":{"line":14,"column":42}},"6":{"start":{"line":15,"column":20},"end":{"line":15,"column":44}},"7":{"start":{"line":16,"column":8},"end":{"line":16,"column":93}},"8":{"start":{"line":16,"column":29},"end":{"line":16,"column":93}},"9":{"start":{"line":17,"column":8},"end":{"line":17,"column":104}},"10":{"start":{"line":17,"column":40},"end":{"line":17,"column":104}},"11":{"start":{"line":18,"column":23},"end":{"line":18,"column":61}},"12":{"start":{"line":19,"column":8},"end":{"line":19,"column":86}},"13":{"start":{"line":19,"column":22},"end":{"line":19,"column":86}},"14":{"start":{"line":20,"column":31},"end":{"line":20,"column":60}},"15":{"start":{"line":21,"column":19},"end":{"line":21,"column":46}},"16":{"start":{"line":22,"column":8},"end":{"line":22,"column":123}},"17":{"start":{"line":24,"column":8},"end":{"line":24,"column":51}},"18":{"start":{"line":36,"column":30},"end":{"line":68,"column":1}},"19":{"start":{"line":37,"column":4},"end":{"line":67,"column":5}},"20":{"start":{"line":38,"column":19},"end":{"line":38,"column":57}},"21":{"start":{"line":39,"column":8},"end":{"line":39,"column":77}},"22":{"start":{"line":39,"column":29},"end":{"line":39,"column":77}},"23":{"start":{"line":40,"column":21},"end":{"line":40,"column":36}},"24":{"start":{"line":41,"column":24},"end":{"line":41,"column":47}},"25":{"start":{"line":42,"column":26},"end":{"line":42,"column":50}},"26":{"start":{"line":43,"column":8},"end":{"line":45,"column":9}},"27":{"start":{"line":44,"column":12},"end":{"line":44,"column":77}},"28":{"start":{"line":46,"column":8},"end":{"line":46,"column":112}},"29":{"start":{"line":46,"column":48},"end":{"line":46,"column":112}},"30":{"start":{"line":48,"column":18},"end":{"line":48,"column":58}},"31":{"start":{"line":49,"column":8},"end":{"line":51,"column":9}},"32":{"start":{"line":50,"column":12},"end":{"line":50,"column":72}},"33":{"start":{"line":53,"column":22},"end":{"line":53,"column":66}},"34":{"start":{"line":54,"column":8},"end":{"line":56,"column":9}},"35":{"start":{"line":55,"column":12},"end":{"line":55,"column":81}},"36":{"start":{"line":58,"column":23},"end":{"line":62,"column":9}},"37":{"start":{"line":63,"column":22},"end":{"line":63,"column":103}},"38":{"start":{"line":64,"column":8},"end":{"line":64,"column":160}},"39":{"start":{"line":66,"column":8},"end":{"line":66,"column":54}},"40":{"start":{"line":77,"column":30},"end":{"line":111,"column":1}},"41":{"start":{"line":78,"column":4},"end":{"line":110,"column":5}},"42":{"start":{"line":79,"column":19},"end":{"line":79,"column":57}},"43":{"start":{"line":80,"column":8},"end":{"line":80,"column":77}},"44":{"start":{"line":80,"column":29},"end":{"line":80,"column":77}},"45":{"start":{"line":81,"column":20},"end":{"line":81,"column":34}},"46":{"start":{"line":82,"column":8},"end":{"line":82,"column":102}},"47":{"start":{"line":82,"column":39},"end":{"line":82,"column":102}},"48":{"start":{"line":83,"column":33},"end":{"line":83,"column":72}},"49":{"start":{"line":84,"column":8},"end":{"line":84,"column":103}},"50":{"start":{"line":84,"column":35},"end":{"line":84,"column":103}},"51":{"start":{"line":86,"column":8},"end":{"line":92,"column":9}},"52":{"start":{"line":87,"column":12},"end":{"line":87,"column":93}},"53":{"start":{"line":87,"column":30},"end":{"line":87,"column":93}},"54":{"start":{"line":88,"column":22},"end":{"line":88,"column":59}},"55":{"start":{"line":89,"column":12},"end":{"line":91,"column":13}},"56":{"start":{"line":90,"column":16},"end":{"line":90,"column":76}},"57":{"start":{"line":95,"column":24},"end":{"line":95,"column":102}},"58":{"start":{"line":96,"column":8},"end":{"line":100,"column":9}},"59":{"start":{"line":98,"column":12},"end":{"line":98,"column":83}},"60":{"start":{"line":99,"column":12},"end":{"line":99,"column":58}},"61":{"start":{"line":99,"column":36},"end":{"line":99,"column":56}},"62":{"start":{"line":101,"column":22},"end":{"line":101,"column":81}},"63":{"start":{"line":103,"column":8},"end":{"line":106,"column":9}},"64":{"start":{"line":104,"column":12},"end":{"line":104,"column":81}},"65":{"start":{"line":105,"column":12},"end":{"line":105,"column":52}},"66":{"start":{"line":107,"column":8},"end":{"line":107,"column":150}},"67":{"start":{"line":109,"column":8},"end":{"line":109,"column":54}},"68":{"start":{"line":120,"column":29},"end":{"line":133,"column":1}},"69":{"start":{"line":121,"column":4},"end":{"line":132,"column":5}},"70":{"start":{"line":122,"column":25},"end":{"line":122,"column":64}},"71":{"start":{"line":123,"column":8},"end":{"line":123,"column":89}},"72":{"start":{"line":123,"column":35},"end":{"line":123,"column":89}},"73":{"start":{"line":125,"column":19},"end":{"line":125,"column":51}},"74":{"start":{"line":127,"column":21},"end":{"line":127,"column":87}},"75":{"start":{"line":127,"column":35},"end":{"line":127,"column":86}},"76":{"start":{"line":129,"column":8},"end":{"line":129,"column":109}},"77":{"start":{"line":131,"column":8},"end":{"line":131,"column":54}},"78":{"start":{"line":142,"column":33},"end":{"line":190,"column":1}},"79":{"start":{"line":143,"column":4},"end":{"line":189,"column":5}},"80":{"start":{"line":144,"column":25},"end":{"line":144,"column":91}},"81":{"start":{"line":145,"column":8},"end":{"line":145,"column":89}},"82":{"start":{"line":145,"column":35},"end":{"line":145,"column":89}},"83":{"start":{"line":147,"column":43},"end":{"line":147,"column":51}},"84":{"start":{"line":149,"column":8},"end":{"line":151,"column":9}},"85":{"start":{"line":150,"column":12},"end":{"line":150,"column":72}},"86":{"start":{"line":153,"column":8},"end":{"line":155,"column":9}},"87":{"start":{"line":154,"column":12},"end":{"line":154,"column":70}},"88":{"start":{"line":158,"column":8},"end":{"line":160,"column":9}},"89":{"start":{"line":159,"column":12},"end":{"line":159,"column":77}},"90":{"start":{"line":162,"column":21},"end":{"line":162,"column":40}},"91":{"start":{"line":163,"column":22},"end":{"line":163,"column":60}},"92":{"start":{"line":164,"column":8},"end":{"line":166,"column":9}},"93":{"start":{"line":165,"column":12},"end":{"line":165,"column":82}},"94":{"start":{"line":169,"column":8},"end":{"line":171,"column":9}},"95":{"start":{"line":170,"column":12},"end":{"line":170,"column":93}},"96":{"start":{"line":174,"column":18},"end":{"line":174,"column":60}},"97":{"start":{"line":175,"column":18},"end":{"line":175,"column":58}},"98":{"start":{"line":176,"column":8},"end":{"line":178,"column":9}},"99":{"start":{"line":177,"column":12},"end":{"line":177,"column":84}},"100":{"start":{"line":180,"column":33},"end":{"line":180,"column":77}},"101":{"start":{"line":182,"column":8},"end":{"line":186,"column":40}},"102":{"start":{"line":184,"column":16},"end":{"line":184,"column":114}},"103":{"start":{"line":186,"column":28},"end":{"line":186,"column":37}},"104":{"start":{"line":188,"column":8},"end":{"line":188,"column":61}},"105":{"start":{"line":199,"column":34},"end":{"line":223,"column":1}},"106":{"start":{"line":200,"column":4},"end":{"line":222,"column":5}},"107":{"start":{"line":201,"column":19},"end":{"line":201,"column":57}},"108":{"start":{"line":202,"column":8},"end":{"line":202,"column":77}},"109":{"start":{"line":202,"column":29},"end":{"line":202,"column":77}},"110":{"start":{"line":206,"column":8},"end":{"line":219,"column":44}},"111":{"start":{"line":217,"column":23},"end":{"line":217,"column":161}},"112":{"start":{"line":217,"column":39},"end":{"line":217,"column":160}},"113":{"start":{"line":218,"column":12},"end":{"line":218,"column":110}},"114":{"start":{"line":219,"column":28},"end":{"line":219,"column":41}},"115":{"start":{"line":221,"column":8},"end":{"line":221,"column":61}},"116":{"start":{"line":234,"column":37},"end":{"line":294,"column":1}},"117":{"start":{"line":235,"column":4},"end":{"line":293,"column":5}},"118":{"start":{"line":238,"column":22},"end":{"line":238,"column":82}},"119":{"start":{"line":239,"column":8},"end":{"line":241,"column":9}},"120":{"start":{"line":240,"column":12},"end":{"line":240,"column":82}},"121":{"start":{"line":243,"column":8},"end":{"line":289,"column":9}},"122":{"start":{"line":245,"column":28},"end":{"line":245,"column":66}},"123":{"start":{"line":246,"column":12},"end":{"line":246,"column":91}},"124":{"start":{"line":246,"column":38},"end":{"line":246,"column":91}},"125":{"start":{"line":248,"column":23},"end":{"line":248,"column":88}},"126":{"start":{"line":249,"column":12},"end":{"line":249,"column":111}},"127":{"start":{"line":252,"column":27},"end":{"line":252,"column":93}},"128":{"start":{"line":253,"column":12},"end":{"line":253,"column":89}},"129":{"start":{"line":253,"column":37},"end":{"line":253,"column":89}},"130":{"start":{"line":257,"column":31},"end":{"line":257,"column":60}},"131":{"start":{"line":258,"column":29},"end":{"line":258,"column":56}},"132":{"start":{"line":259,"column":27},"end":{"line":259,"column":60}},"133":{"start":{"line":261,"column":12},"end":{"line":263,"column":13}},"134":{"start":{"line":262,"column":16},"end":{"line":262,"column":53}},"135":{"start":{"line":264,"column":12},"end":{"line":266,"column":13}},"136":{"start":{"line":265,"column":16},"end":{"line":265,"column":47}},"137":{"start":{"line":269,"column":23},"end":{"line":287,"column":14}},"138":{"start":{"line":283,"column":27},"end":{"line":283,"column":165}},"139":{"start":{"line":283,"column":43},"end":{"line":283,"column":164}},"140":{"start":{"line":284,"column":16},"end":{"line":284,"column":28}},"141":{"start":{"line":286,"column":16},"end":{"line":286,"column":29}},"142":{"start":{"line":288,"column":12},"end":{"line":288,"column":111}},"143":{"start":{"line":291,"column":8},"end":{"line":291,"column":26}},"144":{"start":{"line":292,"column":8},"end":{"line":292,"column":61}},"145":{"start":{"line":304,"column":47},"end":{"line":360,"column":1}},"146":{"start":{"line":305,"column":4},"end":{"line":359,"column":5}},"147":{"start":{"line":307,"column":8},"end":{"line":316,"column":9}},"148":{"start":{"line":309,"column":28},"end":{"line":309,"column":66}},"149":{"start":{"line":310,"column":12},"end":{"line":310,"column":91}},"150":{"start":{"line":310,"column":38},"end":{"line":310,"column":91}},"151":{"start":{"line":314,"column":27},"end":{"line":314,"column":93}},"152":{"start":{"line":315,"column":12},"end":{"line":315,"column":89}},"153":{"start":{"line":315,"column":37},"end":{"line":315,"column":89}},"154":{"start":{"line":318,"column":21},"end":{"line":318,"column":74}},"155":{"start":{"line":319,"column":8},"end":{"line":321,"column":9}},"156":{"start":{"line":320,"column":12},"end":{"line":320,"column":83}},"157":{"start":{"line":324,"column":25},"end":{"line":324,"column":80}},"158":{"start":{"line":325,"column":8},"end":{"line":327,"column":9}},"159":{"start":{"line":326,"column":12},"end":{"line":326,"column":73}},"160":{"start":{"line":335,"column":21},"end":{"line":351,"column":10}},"161":{"start":{"line":352,"column":19},"end":{"line":352,"column":169}},"162":{"start":{"line":352,"column":35},"end":{"line":352,"column":168}},"163":{"start":{"line":354,"column":8},"end":{"line":354,"column":106}},"164":{"start":{"line":358,"column":8},"end":{"line":358,"column":54}},"165":{"start":{"line":370,"column":38},"end":{"line":432,"column":1}},"166":{"start":{"line":371,"column":4},"end":{"line":431,"column":5}},"167":{"start":{"line":373,"column":26},"end":{"line":373,"column":41}},"168":{"start":{"line":376,"column":29},"end":{"line":376,"column":73}},"169":{"start":{"line":377,"column":8},"end":{"line":377,"column":83}},"170":{"start":{"line":377,"column":28},"end":{"line":377,"column":83}},"171":{"start":{"line":380,"column":8},"end":{"line":388,"column":9}},"172":{"start":{"line":382,"column":28},"end":{"line":382,"column":66}},"173":{"start":{"line":383,"column":12},"end":{"line":383,"column":91}},"174":{"start":{"line":383,"column":38},"end":{"line":383,"column":91}},"175":{"start":{"line":386,"column":28},"end":{"line":386,"column":124}},"176":{"start":{"line":386,"column":109},"end":{"line":386,"column":121}},"177":{"start":{"line":387,"column":12},"end":{"line":387,"column":91}},"178":{"start":{"line":387,"column":38},"end":{"line":387,"column":91}},"179":{"start":{"line":390,"column":23},"end":{"line":390,"column":73}},"180":{"start":{"line":390,"column":60},"end":{"line":390,"column":72}},"181":{"start":{"line":397,"column":19},"end":{"line":418,"column":10}},"182":{"start":{"line":420,"column":31},"end":{"line":426,"column":11}},"183":{"start":{"line":420,"column":49},"end":{"line":426,"column":9}},"184":{"start":{"line":427,"column":8},"end":{"line":427,"column":116}},"185":{"start":{"line":430,"column":8},"end":{"line":430,"column":54}},"186":{"start":{"line":442,"column":48},"end":{"line":513,"column":1}},"187":{"start":{"line":443,"column":4},"end":{"line":512,"column":5}},"188":{"start":{"line":445,"column":26},"end":{"line":445,"column":41}},"189":{"start":{"line":451,"column":29},"end":{"line":451,"column":73}},"190":{"start":{"line":452,"column":8},"end":{"line":452,"column":83}},"191":{"start":{"line":452,"column":28},"end":{"line":452,"column":83}},"192":{"start":{"line":455,"column":8},"end":{"line":463,"column":9}},"193":{"start":{"line":457,"column":21},"end":{"line":457,"column":59}},"194":{"start":{"line":458,"column":12},"end":{"line":458,"column":81}},"195":{"start":{"line":458,"column":33},"end":{"line":458,"column":81}},"196":{"start":{"line":460,"column":25},"end":{"line":460,"column":65}},"197":{"start":{"line":460,"column":57},"end":{"line":460,"column":64}},"198":{"start":{"line":461,"column":21},"end":{"line":461,"column":73}},"199":{"start":{"line":462,"column":12},"end":{"line":462,"column":81}},"200":{"start":{"line":462,"column":33},"end":{"line":462,"column":81}},"201":{"start":{"line":466,"column":31},"end":{"line":466,"column":92}},"202":{"start":{"line":467,"column":8},"end":{"line":469,"column":9}},"203":{"start":{"line":468,"column":12},"end":{"line":468,"column":70}},"204":{"start":{"line":470,"column":23},"end":{"line":470,"column":73}},"205":{"start":{"line":470,"column":60},"end":{"line":470,"column":72}},"206":{"start":{"line":478,"column":19},"end":{"line":499,"column":17}},"207":{"start":{"line":501,"column":31},"end":{"line":507,"column":66}},"208":{"start":{"line":501,"column":49},"end":{"line":507,"column":13}},"209":{"start":{"line":507,"column":31},"end":{"line":507,"column":64}},"210":{"start":{"line":508,"column":8},"end":{"line":508,"column":116}},"211":{"start":{"line":511,"column":8},"end":{"line":511,"column":54}},"212":{"start":{"line":522,"column":33},"end":{"line":543,"column":1}},"213":{"start":{"line":523,"column":4},"end":{"line":542,"column":5}},"214":{"start":{"line":524,"column":21},"end":{"line":524,"column":40}},"215":{"start":{"line":525,"column":23},"end":{"line":525,"column":78}},"216":{"start":{"line":526,"column":8},"end":{"line":529,"column":9}},"217":{"start":{"line":527,"column":28},"end":{"line":527,"column":66}},"218":{"start":{"line":528,"column":12},"end":{"line":528,"column":91}},"219":{"start":{"line":528,"column":38},"end":{"line":528,"column":91}},"220":{"start":{"line":532,"column":8},"end":{"line":532,"column":93}},"221":{"start":{"line":532,"column":26},"end":{"line":532,"column":93}},"222":{"start":{"line":535,"column":26},"end":{"line":535,"column":69}},"223":{"start":{"line":537,"column":8},"end":{"line":537,"column":97}},"224":{"start":{"line":537,"column":36},"end":{"line":537,"column":97}},"225":{"start":{"line":538,"column":19},"end":{"line":538,"column":70}},"226":{"start":{"line":539,"column":8},"end":{"line":539,"column":133}},"227":{"start":{"line":541,"column":8},"end":{"line":541,"column":54}},"228":{"start":{"line":552,"column":34},"end":{"line":589,"column":1}},"229":{"start":{"line":553,"column":4},"end":{"line":588,"column":5}},"230":{"start":{"line":555,"column":26},"end":{"line":555,"column":69}},"231":{"start":{"line":556,"column":8},"end":{"line":556,"column":87}},"232":{"start":{"line":556,"column":34},"end":{"line":556,"column":87}},"233":{"start":{"line":559,"column":20},"end":{"line":559,"column":41}},"234":{"start":{"line":561,"column":8},"end":{"line":563,"column":9}},"235":{"start":{"line":562,"column":12},"end":{"line":562,"column":91}},"236":{"start":{"line":565,"column":8},"end":{"line":567,"column":9}},"237":{"start":{"line":565,"column":27},"end":{"line":565,"column":36}},"238":{"start":{"line":566,"column":12},"end":{"line":566,"column":88}},"239":{"start":{"line":569,"column":35},"end":{"line":569,"column":81}},"240":{"start":{"line":570,"column":8},"end":{"line":572,"column":9}},"241":{"start":{"line":571,"column":12},"end":{"line":571,"column":89}},"242":{"start":{"line":575,"column":21},"end":{"line":579,"column":10}},"243":{"start":{"line":581,"column":8},"end":{"line":584,"column":90}},"244":{"start":{"line":582,"column":12},"end":{"line":582,"column":138}},"245":{"start":{"line":584,"column":12},"end":{"line":584,"column":90}},"246":{"start":{"line":587,"column":8},"end":{"line":587,"column":54}}},"fnMap":{"0":{"name":"(anonymous_0)","decl":{"start":{"line":10,"column":30},"end":{"line":10,"column":31}},"loc":{"start":{"line":10,"column":50},"end":{"line":26,"column":1}},"line":10},"1":{"name":"(anonymous_1)","decl":{"start":{"line":36,"column":30},"end":{"line":36,"column":31}},"loc":{"start":{"line":36,"column":50},"end":{"line":68,"column":1}},"line":36},"2":{"name":"(anonymous_2)","decl":{"start":{"line":77,"column":30},"end":{"line":77,"column":31}},"loc":{"start":{"line":77,"column":50},"end":{"line":111,"column":1}},"line":77},"3":{"name":"(anonymous_3)","decl":{"start":{"line":99,"column":31},"end":{"line":99,"column":32}},"loc":{"start":{"line":99,"column":36},"end":{"line":99,"column":56}},"line":99},"4":{"name":"(anonymous_4)","decl":{"start":{"line":120,"column":29},"end":{"line":120,"column":30}},"loc":{"start":{"line":120,"column":49},"end":{"line":133,"column":1}},"line":120},"5":{"name":"(anonymous_5)","decl":{"start":{"line":127,"column":30},"end":{"line":127,"column":31}},"loc":{"start":{"line":127,"column":35},"end":{"line":127,"column":86}},"line":127},"6":{"name":"(anonymous_6)","decl":{"start":{"line":142,"column":33},"end":{"line":142,"column":34}},"loc":{"start":{"line":142,"column":53},"end":{"line":190,"column":1}},"line":142},"7":{"name":"(anonymous_7)","decl":{"start":{"line":183,"column":18},"end":{"line":183,"column":19}},"loc":{"start":{"line":183,"column":26},"end":{"line":185,"column":13}},"line":183},"8":{"name":"(anonymous_8)","decl":{"start":{"line":186,"column":19},"end":{"line":186,"column":20}},"loc":{"start":{"line":186,"column":26},"end":{"line":186,"column":39}},"line":186},"9":{"name":"(anonymous_9)","decl":{"start":{"line":199,"column":34},"end":{"line":199,"column":35}},"loc":{"start":{"line":199,"column":54},"end":{"line":223,"column":1}},"line":199},"10":{"name":"(anonymous_10)","decl":{"start":{"line":216,"column":16},"end":{"line":216,"column":17}},"loc":{"start":{"line":216,"column":28},"end":{"line":219,"column":9}},"line":216},"11":{"name":"(anonymous_11)","decl":{"start":{"line":217,"column":34},"end":{"line":217,"column":35}},"loc":{"start":{"line":217,"column":39},"end":{"line":217,"column":160}},"line":217},"12":{"name":"(anonymous_12)","decl":{"start":{"line":219,"column":17},"end":{"line":219,"column":18}},"loc":{"start":{"line":219,"column":26},"end":{"line":219,"column":43}},"line":219},"13":{"name":"(anonymous_13)","decl":{"start":{"line":234,"column":37},"end":{"line":234,"column":38}},"loc":{"start":{"line":234,"column":57},"end":{"line":294,"column":1}},"line":234},"14":{"name":"(anonymous_14)","decl":{"start":{"line":282,"column":20},"end":{"line":282,"column":21}},"loc":{"start":{"line":282,"column":32},"end":{"line":285,"column":13}},"line":282},"15":{"name":"(anonymous_15)","decl":{"start":{"line":283,"column":38},"end":{"line":283,"column":39}},"loc":{"start":{"line":283,"column":43},"end":{"line":283,"column":164}},"line":283},"16":{"name":"(anonymous_16)","decl":{"start":{"line":285,"column":21},"end":{"line":285,"column":22}},"loc":{"start":{"line":285,"column":30},"end":{"line":287,"column":13}},"line":285},"17":{"name":"(anonymous_17)","decl":{"start":{"line":304,"column":47},"end":{"line":304,"column":48}},"loc":{"start":{"line":304,"column":67},"end":{"line":360,"column":1}},"line":304},"18":{"name":"(anonymous_18)","decl":{"start":{"line":352,"column":30},"end":{"line":352,"column":31}},"loc":{"start":{"line":352,"column":35},"end":{"line":352,"column":168}},"line":352},"19":{"name":"(anonymous_19)","decl":{"start":{"line":370,"column":38},"end":{"line":370,"column":39}},"loc":{"start":{"line":370,"column":58},"end":{"line":432,"column":1}},"line":370},"20":{"name":"(anonymous_20)","decl":{"start":{"line":386,"column":99},"end":{"line":386,"column":100}},"loc":{"start":{"line":386,"column":109},"end":{"line":386,"column":121}},"line":386},"21":{"name":"(anonymous_21)","decl":{"start":{"line":390,"column":50},"end":{"line":390,"column":51}},"loc":{"start":{"line":390,"column":60},"end":{"line":390,"column":72}},"line":390},"22":{"name":"(anonymous_22)","decl":{"start":{"line":420,"column":40},"end":{"line":420,"column":41}},"loc":{"start":{"line":420,"column":49},"end":{"line":426,"column":9}},"line":420},"23":{"name":"(anonymous_23)","decl":{"start":{"line":442,"column":48},"end":{"line":442,"column":49}},"loc":{"start":{"line":442,"column":68},"end":{"line":513,"column":1}},"line":442},"24":{"name":"(anonymous_24)","decl":{"start":{"line":460,"column":52},"end":{"line":460,"column":53}},"loc":{"start":{"line":460,"column":57},"end":{"line":460,"column":64}},"line":460},"25":{"name":"(anonymous_25)","decl":{"start":{"line":470,"column":50},"end":{"line":470,"column":51}},"loc":{"start":{"line":470,"column":60},"end":{"line":470,"column":72}},"line":470},"26":{"name":"(anonymous_26)","decl":{"start":{"line":501,"column":40},"end":{"line":501,"column":41}},"loc":{"start":{"line":501,"column":49},"end":{"line":507,"column":13}},"line":501},"27":{"name":"(anonymous_27)","decl":{"start":{"line":507,"column":23},"end":{"line":507,"column":24}},"loc":{"start":{"line":507,"column":31},"end":{"line":507,"column":64}},"line":507},"28":{"name":"(anonymous_28)","decl":{"start":{"line":522,"column":33},"end":{"line":522,"column":34}},"loc":{"start":{"line":522,"column":53},"end":{"line":543,"column":1}},"line":522},"29":{"name":"(anonymous_29)","decl":{"start":{"line":552,"column":34},"end":{"line":552,"column":35}},"loc":{"start":{"line":552,"column":54},"end":{"line":589,"column":1}},"line":552},"30":{"name":"(anonymous_30)","decl":{"start":{"line":565,"column":21},"end":{"line":565,"column":22}},"loc":{"start":{"line":565,"column":27},"end":{"line":565,"column":36}},"line":565}},"branchMap":{"0":{"loc":{"start":{"line":13,"column":8},"end":{"line":13,"column":89}},"type":"if","locations":[{"start":{"line":13,"column":8},"end":{"line":13,"column":89}},{"start":{},"end":{}}],"line":13},"1":{"loc":{"start":{"line":14,"column":19},"end":{"line":14,"column":42}},"type":"binary-expr","locations":[{"start":{"line":14,"column":19},"end":{"line":14,"column":27}},{"start":{"line":14,"column":29},"end":{"line":14,"column":42}}],"line":14},"2":{"loc":{"start":{"line":15,"column":20},"end":{"line":15,"column":44}},"type":"binary-expr","locations":[{"start":{"line":15,"column":20},"end":{"line":15,"column":28}},{"start":{"line":15,"column":30},"end":{"line":15,"column":44}}],"line":15},"3":{"loc":{"start":{"line":16,"column":8},"end":{"line":16,"column":93}},"type":"if","locations":[{"start":{"line":16,"column":8},"end":{"line":16,"column":93}},{"start":{},"end":{}}],"line":16},"4":{"loc":{"start":{"line":16,"column":12},"end":{"line":16,"column":27}},"type":"binary-expr","locations":[{"start":{"line":16,"column":12},"end":{"line":16,"column":17}},{"start":{"line":16,"column":21},"end":{"line":16,"column":27}}],"line":16},"5":{"loc":{"start":{"line":17,"column":8},"end":{"line":17,"column":104}},"type":"if","locations":[{"start":{"line":17,"column":8},"end":{"line":17,"column":104}},{"start":{},"end":{}}],"line":17},"6":{"loc":{"start":{"line":17,"column":11},"end":{"line":17,"column":38}},"type":"binary-expr","locations":[{"start":{"line":17,"column":11},"end":{"line":17,"column":23}},{"start":{"line":17,"column":25},"end":{"line":17,"column":38}}],"line":17},"7":{"loc":{"start":{"line":19,"column":8},"end":{"line":19,"column":86}},"type":"if","locations":[{"start":{"line":19,"column":8},"end":{"line":19,"column":86}},{"start":{},"end":{}}],"line":19},"8":{"loc":{"start":{"line":39,"column":8},"end":{"line":39,"column":77}},"type":"if","locations":[{"start":{"line":39,"column":8},"end":{"line":39,"column":77}},{"start":{},"end":{}}],"line":39},"9":{"loc":{"start":{"line":41,"column":24},"end":{"line":41,"column":47}},"type":"binary-expr","locations":[{"start":{"line":41,"column":24},"end":{"line":41,"column":32}},{"start":{"line":41,"column":34},"end":{"line":41,"column":47}}],"line":41},"10":{"loc":{"start":{"line":42,"column":26},"end":{"line":42,"column":50}},"type":"binary-expr","locations":[{"start":{"line":42,"column":26},"end":{"line":42,"column":34}},{"start":{"line":42,"column":36},"end":{"line":42,"column":50}}],"line":42},"11":{"loc":{"start":{"line":43,"column":8},"end":{"line":45,"column":9}},"type":"if","locations":[{"start":{"line":43,"column":8},"end":{"line":45,"column":9}},{"start":{},"end":{}}],"line":43},"12":{"loc":{"start":{"line":43,"column":12},"end":{"line":43,"column":35}},"type":"binary-expr","locations":[{"start":{"line":43,"column":12},"end":{"line":43,"column":21}},{"start":{"line":43,"column":25},"end":{"line":43,"column":35}}],"line":43},"13":{"loc":{"start":{"line":46,"column":8},"end":{"line":46,"column":112}},"type":"if","locations":[{"start":{"line":46,"column":8},"end":{"line":46,"column":112}},{"start":{},"end":{}}],"line":46},"14":{"loc":{"start":{"line":46,"column":11},"end":{"line":46,"column":46}},"type":"binary-expr","locations":[{"start":{"line":46,"column":11},"end":{"line":46,"column":27}},{"start":{"line":46,"column":29},"end":{"line":46,"column":46}}],"line":46},"15":{"loc":{"start":{"line":49,"column":8},"end":{"line":51,"column":9}},"type":"if","locations":[{"start":{"line":49,"column":8},"end":{"line":51,"column":9}},{"start":{},"end":{}}],"line":49},"16":{"loc":{"start":{"line":54,"column":8},"end":{"line":56,"column":9}},"type":"if","locations":[{"start":{"line":54,"column":8},"end":{"line":56,"column":9}},{"start":{},"end":{}}],"line":54},"17":{"loc":{"start":{"line":80,"column":8},"end":{"line":80,"column":77}},"type":"if","locations":[{"start":{"line":80,"column":8},"end":{"line":80,"column":77}},{"start":{},"end":{}}],"line":80},"18":{"loc":{"start":{"line":82,"column":8},"end":{"line":82,"column":102}},"type":"if","locations":[{"start":{"line":82,"column":8},"end":{"line":82,"column":102}},{"start":{},"end":{}}],"line":82},"19":{"loc":{"start":{"line":82,"column":11},"end":{"line":82,"column":37}},"type":"binary-expr","locations":[{"start":{"line":82,"column":11},"end":{"line":82,"column":17}},{"start":{"line":82,"column":21},"end":{"line":82,"column":37}}],"line":82},"20":{"loc":{"start":{"line":84,"column":8},"end":{"line":84,"column":103}},"type":"if","locations":[{"start":{"line":84,"column":8},"end":{"line":84,"column":103}},{"start":{},"end":{}}],"line":84},"21":{"loc":{"start":{"line":87,"column":12},"end":{"line":87,"column":93}},"type":"if","locations":[{"start":{"line":87,"column":12},"end":{"line":87,"column":93}},{"start":{},"end":{}}],"line":87},"22":{"loc":{"start":{"line":87,"column":15},"end":{"line":87,"column":28}},"type":"binary-expr","locations":[{"start":{"line":87,"column":15},"end":{"line":87,"column":17}},{"start":{"line":87,"column":19},"end":{"line":87,"column":28}}],"line":87},"23":{"loc":{"start":{"line":89,"column":12},"end":{"line":91,"column":13}},"type":"if","locations":[{"start":{"line":89,"column":12},"end":{"line":91,"column":13}},{"start":{},"end":{}}],"line":89},"24":{"loc":{"start":{"line":96,"column":8},"end":{"line":100,"column":9}},"type":"if","locations":[{"start":{"line":96,"column":8},"end":{"line":100,"column":9}},{"start":{},"end":{}}],"line":96},"25":{"loc":{"start":{"line":123,"column":8},"end":{"line":123,"column":89}},"type":"if","locations":[{"start":{"line":123,"column":8},"end":{"line":123,"column":89}},{"start":{},"end":{}}],"line":123},"26":{"loc":{"start":{"line":145,"column":8},"end":{"line":145,"column":89}},"type":"if","locations":[{"start":{"line":145,"column":8},"end":{"line":145,"column":89}},{"start":{},"end":{}}],"line":145},"27":{"loc":{"start":{"line":149,"column":8},"end":{"line":151,"column":9}},"type":"if","locations":[{"start":{"line":149,"column":8},"end":{"line":151,"column":9}},{"start":{},"end":{}}],"line":149},"28":{"loc":{"start":{"line":149,"column":11},"end":{"line":149,"column":76}},"type":"binary-expr","locations":[{"start":{"line":149,"column":11},"end":{"line":149,"column":32}},{"start":{"line":149,"column":36},"end":{"line":149,"column":55}},{"start":{"line":149,"column":59},"end":{"line":149,"column":76}}],"line":149},"29":{"loc":{"start":{"line":153,"column":8},"end":{"line":155,"column":9}},"type":"if","locations":[{"start":{"line":153,"column":8},"end":{"line":155,"column":9}},{"start":{},"end":{}}],"line":153},"30":{"loc":{"start":{"line":153,"column":11},"end":{"line":153,"column":51}},"type":"binary-expr","locations":[{"start":{"line":153,"column":11},"end":{"line":153,"column":31}},{"start":{"line":153,"column":35},"end":{"line":153,"column":51}}],"line":153},"31":{"loc":{"start":{"line":158,"column":8},"end":{"line":160,"column":9}},"type":"if","locations":[{"start":{"line":158,"column":8},"end":{"line":160,"column":9}},{"start":{},"end":{}}],"line":158},"32":{"loc":{"start":{"line":164,"column":8},"end":{"line":166,"column":9}},"type":"if","locations":[{"start":{"line":164,"column":8},"end":{"line":166,"column":9}},{"start":{},"end":{}}],"line":164},"33":{"loc":{"start":{"line":169,"column":8},"end":{"line":171,"column":9}},"type":"if","locations":[{"start":{"line":169,"column":8},"end":{"line":171,"column":9}},{"start":{},"end":{}}],"line":169},"34":{"loc":{"start":{"line":176,"column":8},"end":{"line":178,"column":9}},"type":"if","locations":[{"start":{"line":176,"column":8},"end":{"line":178,"column":9}},{"start":{},"end":{}}],"line":176},"35":{"loc":{"start":{"line":176,"column":11},"end":{"line":176,"column":19}},"type":"binary-expr","locations":[{"start":{"line":176,"column":11},"end":{"line":176,"column":13}},{"start":{"line":176,"column":17},"end":{"line":176,"column":19}}],"line":176},"36":{"loc":{"start":{"line":202,"column":8},"end":{"line":202,"column":77}},"type":"if","locations":[{"start":{"line":202,"column":8},"end":{"line":202,"column":77}},{"start":{},"end":{}}],"line":202},"37":{"loc":{"start":{"line":239,"column":8},"end":{"line":241,"column":9}},"type":"if","locations":[{"start":{"line":239,"column":8},"end":{"line":241,"column":9}},{"start":{},"end":{}}],"line":239},"38":{"loc":{"start":{"line":243,"column":8},"end":{"line":289,"column":9}},"type":"if","locations":[{"start":{"line":243,"column":8},"end":{"line":289,"column":9}},{"start":{"line":250,"column":15},"end":{"line":289,"column":9}}],"line":243},"39":{"loc":{"start":{"line":246,"column":12},"end":{"line":246,"column":91}},"type":"if","locations":[{"start":{"line":246,"column":12},"end":{"line":246,"column":91}},{"start":{},"end":{}}],"line":246},"40":{"loc":{"start":{"line":253,"column":12},"end":{"line":253,"column":89}},"type":"if","locations":[{"start":{"line":253,"column":12},"end":{"line":253,"column":89}},{"start":{},"end":{}}],"line":253},"41":{"loc":{"start":{"line":261,"column":12},"end":{"line":263,"column":13}},"type":"if","locations":[{"start":{"line":261,"column":12},"end":{"line":263,"column":13}},{"start":{},"end":{}}],"line":261},"42":{"loc":{"start":{"line":264,"column":12},"end":{"line":266,"column":13}},"type":"if","locations":[{"start":{"line":264,"column":12},"end":{"line":266,"column":13}},{"start":{},"end":{}}],"line":264},"43":{"loc":{"start":{"line":307,"column":8},"end":{"line":316,"column":9}},"type":"if","locations":[{"start":{"line":307,"column":8},"end":{"line":316,"column":9}},{"start":{"line":312,"column":12},"end":{"line":316,"column":9}}],"line":307},"44":{"loc":{"start":{"line":310,"column":12},"end":{"line":310,"column":91}},"type":"if","locations":[{"start":{"line":310,"column":12},"end":{"line":310,"column":91}},{"start":{},"end":{}}],"line":310},"45":{"loc":{"start":{"line":315,"column":12},"end":{"line":315,"column":89}},"type":"if","locations":[{"start":{"line":315,"column":12},"end":{"line":315,"column":89}},{"start":{},"end":{}}],"line":315},"46":{"loc":{"start":{"line":319,"column":8},"end":{"line":321,"column":9}},"type":"if","locations":[{"start":{"line":319,"column":8},"end":{"line":321,"column":9}},{"start":{},"end":{}}],"line":319},"47":{"loc":{"start":{"line":325,"column":8},"end":{"line":327,"column":9}},"type":"if","locations":[{"start":{"line":325,"column":8},"end":{"line":327,"column":9}},{"start":{},"end":{}}],"line":325},"48":{"loc":{"start":{"line":377,"column":8},"end":{"line":377,"column":83}},"type":"if","locations":[{"start":{"line":377,"column":8},"end":{"line":377,"column":83}},{"start":{},"end":{}}],"line":377},"49":{"loc":{"start":{"line":380,"column":8},"end":{"line":388,"column":9}},"type":"if","locations":[{"start":{"line":380,"column":8},"end":{"line":388,"column":9}},{"start":{"line":384,"column":13},"end":{"line":388,"column":9}}],"line":380},"50":{"loc":{"start":{"line":383,"column":12},"end":{"line":383,"column":91}},"type":"if","locations":[{"start":{"line":383,"column":12},"end":{"line":383,"column":91}},{"start":{},"end":{}}],"line":383},"51":{"loc":{"start":{"line":387,"column":12},"end":{"line":387,"column":91}},"type":"if","locations":[{"start":{"line":387,"column":12},"end":{"line":387,"column":91}},{"start":{},"end":{}}],"line":387},"52":{"loc":{"start":{"line":452,"column":8},"end":{"line":452,"column":83}},"type":"if","locations":[{"start":{"line":452,"column":8},"end":{"line":452,"column":83}},{"start":{},"end":{}}],"line":452},"53":{"loc":{"start":{"line":455,"column":8},"end":{"line":463,"column":9}},"type":"if","locations":[{"start":{"line":455,"column":8},"end":{"line":463,"column":9}},{"start":{"line":459,"column":13},"end":{"line":463,"column":9}}],"line":455},"54":{"loc":{"start":{"line":458,"column":12},"end":{"line":458,"column":81}},"type":"if","locations":[{"start":{"line":458,"column":12},"end":{"line":458,"column":81}},{"start":{},"end":{}}],"line":458},"55":{"loc":{"start":{"line":462,"column":12},"end":{"line":462,"column":81}},"type":"if","locations":[{"start":{"line":462,"column":12},"end":{"line":462,"column":81}},{"start":{},"end":{}}],"line":462},"56":{"loc":{"start":{"line":467,"column":8},"end":{"line":469,"column":9}},"type":"if","locations":[{"start":{"line":467,"column":8},"end":{"line":469,"column":9}},{"start":{},"end":{}}],"line":467},"57":{"loc":{"start":{"line":526,"column":8},"end":{"line":529,"column":9}},"type":"if","locations":[{"start":{"line":526,"column":8},"end":{"line":529,"column":9}},{"start":{},"end":{}}],"line":526},"58":{"loc":{"start":{"line":528,"column":12},"end":{"line":528,"column":91}},"type":"if","locations":[{"start":{"line":528,"column":12},"end":{"line":528,"column":91}},{"start":{},"end":{}}],"line":528},"59":{"loc":{"start":{"line":532,"column":8},"end":{"line":532,"column":93}},"type":"if","locations":[{"start":{"line":532,"column":8},"end":{"line":532,"column":93}},{"start":{},"end":{}}],"line":532},"60":{"loc":{"start":{"line":537,"column":8},"end":{"line":537,"column":97}},"type":"if","locations":[{"start":{"line":537,"column":8},"end":{"line":537,"column":97}},{"start":{},"end":{}}],"line":537},"61":{"loc":{"start":{"line":556,"column":8},"end":{"line":556,"column":87}},"type":"if","locations":[{"start":{"line":556,"column":8},"end":{"line":556,"column":87}},{"start":{},"end":{}}],"line":556},"62":{"loc":{"start":{"line":561,"column":8},"end":{"line":563,"column":9}},"type":"if","locations":[{"start":{"line":561,"column":8},"end":{"line":563,"column":9}},{"start":{},"end":{}}],"line":561},"63":{"loc":{"start":{"line":565,"column":8},"end":{"line":567,"column":9}},"type":"if","locations":[{"start":{"line":565,"column":8},"end":{"line":567,"column":9}},{"start":{},"end":{}}],"line":565},"64":{"loc":{"start":{"line":570,"column":8},"end":{"line":572,"column":9}},"type":"if","locations":[{"start":{"line":570,"column":8},"end":{"line":572,"column":9}},{"start":{},"end":{}}],"line":570},"65":{"loc":{"start":{"line":581,"column":8},"end":{"line":584,"column":90}},"type":"if","locations":[{"start":{"line":581,"column":8},"end":{"line":584,"column":90}},{"start":{"line":584,"column":12},"end":{"line":584,"column":90}}],"line":581}},"s":{"0":3,"1":79,"2":79,"3":79,"4":1,"5":78,"6":78,"7":78,"8":0,"9":78,"10":0,"11":78,"12":78,"13":0,"14":78,"15":78,"16":78,"17":0,"18":3,"19":4,"20":4,"21":4,"22":1,"23":3,"24":3,"25":3,"26":3,"27":0,"28":3,"29":0,"30":3,"31":3,"32":1,"33":2,"34":2,"35":1,"36":1,"37":1,"38":1,"39":0,"40":3,"41":4,"42":4,"43":4,"44":1,"45":3,"46":3,"47":0,"48":3,"49":3,"50":1,"51":2,"52":3,"53":0,"54":3,"55":3,"56":1,"57":1,"58":1,"59":0,"60":0,"61":0,"62":1,"63":1,"64":2,"65":2,"66":1,"67":0,"68":3,"69":2,"70":2,"71":2,"72":0,"73":2,"74":2,"75":3,"76":2,"77":0,"78":3,"79":120,"80":120,"81":120,"82":21,"83":99,"84":99,"85":3,"86":96,"87":2,"88":94,"89":1,"90":93,"91":93,"92":93,"93":1,"94":92,"95":12,"96":80,"97":80,"98":80,"99":20,"100":60,"101":60,"102":60,"103":0,"104":0,"105":3,"106":2,"107":2,"108":2,"109":1,"110":1,"111":1,"112":2,"113":1,"114":0,"115":0,"116":3,"117":12,"118":12,"119":12,"120":2,"121":10,"122":2,"123":2,"124":1,"125":1,"126":1,"127":8,"128":8,"129":1,"130":7,"131":7,"132":7,"133":7,"134":4,"135":7,"136":4,"137":7,"138":7,"139":15,"140":7,"141":0,"142":7,"143":0,"144":0,"145":3,"146":5,"147":5,"148":1,"149":1,"150":1,"151":4,"152":4,"153":2,"154":2,"155":2,"156":0,"157":2,"158":2,"159":1,"160":1,"161":1,"162":1,"163":1,"164":0,"165":3,"166":6,"167":6,"168":6,"169":6,"170":2,"171":4,"172":2,"173":2,"174":1,"175":2,"176":4,"177":2,"178":1,"179":2,"180":4,"181":2,"182":2,"183":2,"184":2,"185":0,"186":3,"187":8,"188":8,"189":8,"190":8,"191":2,"192":6,"193":3,"194":3,"195":1,"196":3,"197":6,"198":3,"199":3,"200":1,"201":4,"202":4,"203":2,"204":2,"205":4,"206":2,"207":2,"208":2,"209":2,"210":2,"211":0,"212":3,"213":4,"214":4,"215":4,"216":4,"217":1,"218":1,"219":1,"220":3,"221":1,"222":2,"223":2,"224":1,"225":1,"226":1,"227":0,"228":3,"229":4,"230":4,"231":4,"232":1,"233":3,"234":3,"235":1,"236":2,"237":5,"238":0,"239":2,"240":2,"241":1,"242":1,"243":1,"244":1,"245":0,"246":0},"f":{"0":79,"1":4,"2":4,"3":0,"4":2,"5":3,"6":120,"7":60,"8":0,"9":2,"10":1,"11":2,"12":0,"13":12,"14":7,"15":15,"16":0,"17":5,"18":1,"19":6,"20":4,"21":4,"22":2,"23":8,"24":6,"25":4,"26":2,"27":2,"28":4,"29":4,"30":5},"b":{"0":[1,78],"1":[78,78],"2":[78,78],"3":[0,78],"4":[78,78],"5":[0,78],"6":[78,78],"7":[0,78],"8":[1,3],"9":[3,3],"10":[3,3],"11":[0,3],"12":[3,3],"13":[0,3],"14":[3,3],"15":[1,2],"16":[1,1],"17":[1,3],"18":[0,3],"19":[3,3],"20":[1,2],"21":[0,3],"22":[3,3],"23":[1,2],"24":[0,1],"25":[0,2],"26":[21,99],"27":[3,96],"28":[99,98,97],"29":[2,94],"30":[96,95],"31":[1,93],"32":[1,92],"33":[12,80],"34":[20,60],"35":[80,80],"36":[1,1],"37":[2,10],"38":[2,8],"39":[1,1],"40":[1,7],"41":[4,3],"42":[4,3],"43":[1,4],"44":[1,0],"45":[2,2],"46":[0,2],"47":[1,1],"48":[2,4],"49":[2,2],"50":[1,1],"51":[1,1],"52":[2,6],"53":[3,3],"54":[1,2],"55":[1,2],"56":[2,2],"57":[1,3],"58":[1,0],"59":[1,2],"60":[1,1],"61":[1,3],"62":[1,2],"63":[0,2],"64":[1,1],"65":[1,0]},"_coverageSchema":"1a1c01bbd47fc00a2c39e90264f33305004495a9","hash":"ae56c3307f5b1018feb44f2e919a7a5098f9d291"}
,"D:\\SCUOLA\\Universita\\Magistrale\\Primo_anno\\SoftEng\\ezwallet\\code\\controllers\\users.js": {"path":"D:\\SCUOLA\\Universita\\Magistrale\\Primo_anno\\SoftEng\\ezwallet\\code\\controllers\\users.js","statementMap":{"0":{"start":{"line":13,"column":24},"end":{"line":22,"column":1}},"1":{"start":{"line":14,"column":4},"end":{"line":21,"column":5}},"2":{"start":{"line":15,"column":26},"end":{"line":15,"column":67}},"3":{"start":{"line":16,"column":8},"end":{"line":16,"column":89}},"4":{"start":{"line":16,"column":35},"end":{"line":16,"column":89}},"5":{"start":{"line":17,"column":22},"end":{"line":17,"column":75}},"6":{"start":{"line":18,"column":8},"end":{"line":18,"column":98}},"7":{"start":{"line":20,"column":8},"end":{"line":20,"column":53}},"8":{"start":{"line":31,"column":23},"end":{"line":57,"column":1}},"9":{"start":{"line":32,"column":21},"end":{"line":32,"column":40}},"10":{"start":{"line":33,"column":4},"end":{"line":56,"column":5}},"11":{"start":{"line":35,"column":25},"end":{"line":35,"column":85}},"12":{"start":{"line":36,"column":8},"end":{"line":53,"column":9}},"13":{"start":{"line":38,"column":22},"end":{"line":38,"column":102}},"14":{"start":{"line":39,"column":12},"end":{"line":39,"column":76}},"15":{"start":{"line":39,"column":22},"end":{"line":39,"column":76}},"16":{"start":{"line":41,"column":12},"end":{"line":41,"column":108}},"17":{"start":{"line":43,"column":30},"end":{"line":43,"column":71}},"18":{"start":{"line":44,"column":12},"end":{"line":52,"column":13}},"19":{"start":{"line":46,"column":26},"end":{"line":46,"column":106}},"20":{"start":{"line":47,"column":16},"end":{"line":47,"column":80}},"21":{"start":{"line":47,"column":26},"end":{"line":47,"column":80}},"22":{"start":{"line":49,"column":16},"end":{"line":49,"column":112}},"23":{"start":{"line":51,"column":16},"end":{"line":51,"column":62}},"24":{"start":{"line":55,"column":8},"end":{"line":55,"column":52}},"25":{"start":{"line":69,"column":27},"end":{"line":121,"column":1}},"26":{"start":{"line":70,"column":4},"end":{"line":120,"column":5}},"27":{"start":{"line":71,"column":19},"end":{"line":71,"column":58}},"28":{"start":{"line":72,"column":8},"end":{"line":72,"column":77}},"29":{"start":{"line":72,"column":29},"end":{"line":72,"column":77}},"30":{"start":{"line":73,"column":21},"end":{"line":73,"column":34}},"31":{"start":{"line":74,"column":24},"end":{"line":74,"column":45}},"32":{"start":{"line":75,"column":8},"end":{"line":75,"column":103}},"33":{"start":{"line":75,"column":40},"end":{"line":75,"column":103}},"34":{"start":{"line":77,"column":20},"end":{"line":77,"column":87}},"35":{"start":{"line":78,"column":8},"end":{"line":78,"column":72}},"36":{"start":{"line":78,"column":18},"end":{"line":78,"column":72}},"37":{"start":{"line":79,"column":20},"end":{"line":79,"column":91}},"38":{"start":{"line":80,"column":8},"end":{"line":80,"column":81}},"39":{"start":{"line":80,"column":18},"end":{"line":80,"column":81}},"40":{"start":{"line":82,"column":28},"end":{"line":82,"column":67}},"41":{"start":{"line":83,"column":8},"end":{"line":83,"column":105}},"42":{"start":{"line":83,"column":26},"end":{"line":83,"column":105}},"43":{"start":{"line":85,"column":8},"end":{"line":85,"column":72}},"44":{"start":{"line":85,"column":30},"end":{"line":85,"column":44}},"45":{"start":{"line":85,"column":47},"end":{"line":85,"column":72}},"46":{"start":{"line":87,"column":27},"end":{"line":87,"column":64}},"47":{"start":{"line":88,"column":8},"end":{"line":90,"column":9}},"48":{"start":{"line":89,"column":12},"end":{"line":89,"column":101}},"49":{"start":{"line":89,"column":41},"end":{"line":89,"column":101}},"50":{"start":{"line":92,"column":29},"end":{"line":92,"column":31}},"51":{"start":{"line":93,"column":36},"end":{"line":93,"column":38}},"52":{"start":{"line":94,"column":37},"end":{"line":94,"column":39}},"53":{"start":{"line":97,"column":8},"end":{"line":109,"column":9}},"54":{"start":{"line":98,"column":23},"end":{"line":98,"column":63}},"55":{"start":{"line":99,"column":12},"end":{"line":102,"column":13}},"56":{"start":{"line":100,"column":16},"end":{"line":100,"column":51}},"57":{"start":{"line":101,"column":16},"end":{"line":101,"column":25}},"58":{"start":{"line":103,"column":24},"end":{"line":103,"column":95}},"59":{"start":{"line":104,"column":12},"end":{"line":107,"column":13}},"60":{"start":{"line":105,"column":16},"end":{"line":105,"column":50}},"61":{"start":{"line":106,"column":16},"end":{"line":106,"column":25}},"62":{"start":{"line":108,"column":12},"end":{"line":108,"column":48}},"63":{"start":{"line":111,"column":8},"end":{"line":111,"column":137}},"64":{"start":{"line":111,"column":38},"end":{"line":111,"column":137}},"65":{"start":{"line":113,"column":23},"end":{"line":113,"column":77}},"66":{"start":{"line":114,"column":22},"end":{"line":114,"column":43}},"67":{"start":{"line":117,"column":8},"end":{"line":117,"column":221}},"68":{"start":{"line":119,"column":8},"end":{"line":119,"column":52}},"69":{"start":{"line":131,"column":25},"end":{"line":142,"column":1}},"70":{"start":{"line":132,"column":4},"end":{"line":141,"column":5}},"71":{"start":{"line":133,"column":19},"end":{"line":133,"column":57}},"72":{"start":{"line":134,"column":8},"end":{"line":134,"column":77}},"73":{"start":{"line":134,"column":29},"end":{"line":134,"column":77}},"74":{"start":{"line":135,"column":23},"end":{"line":135,"column":81}},"75":{"start":{"line":136,"column":8},"end":{"line":138,"column":73}},"76":{"start":{"line":136,"column":61},"end":{"line":138,"column":13}},"77":{"start":{"line":137,"column":61},"end":{"line":137,"column":77}},"78":{"start":{"line":140,"column":8},"end":{"line":140,"column":50}},"79":{"start":{"line":152,"column":24},"end":{"line":169,"column":1}},"80":{"start":{"line":153,"column":4},"end":{"line":168,"column":5}},"81":{"start":{"line":154,"column":23},"end":{"line":154,"column":34}},"82":{"start":{"line":155,"column":21},"end":{"line":155,"column":36}},"83":{"start":{"line":156,"column":21},"end":{"line":156,"column":79}},"84":{"start":{"line":157,"column":8},"end":{"line":157,"column":78}},"85":{"start":{"line":157,"column":19},"end":{"line":157,"column":78}},"86":{"start":{"line":158,"column":19},"end":{"line":158,"column":96}},"87":{"start":{"line":158,"column":86},"end":{"line":158,"column":93}},"88":{"start":{"line":159,"column":8},"end":{"line":162,"column":9}},"89":{"start":{"line":160,"column":28},"end":{"line":160,"column":66}},"90":{"start":{"line":161,"column":12},"end":{"line":161,"column":98}},"91":{"start":{"line":161,"column":38},"end":{"line":161,"column":98}},"92":{"start":{"line":163,"column":19},"end":{"line":163,"column":82}},"93":{"start":{"line":164,"column":8},"end":{"line":164,"column":72}},"94":{"start":{"line":164,"column":18},"end":{"line":164,"column":72}},"95":{"start":{"line":165,"column":8},"end":{"line":165,"column":175}},"96":{"start":{"line":165,"column":97},"end":{"line":165,"column":113}},"97":{"start":{"line":167,"column":8},"end":{"line":167,"column":57}},"98":{"start":{"line":182,"column":26},"end":{"line":247,"column":1}},"99":{"start":{"line":183,"column":4},"end":{"line":246,"column":5}},"100":{"start":{"line":184,"column":26},"end":{"line":184,"column":41}},"101":{"start":{"line":185,"column":29},"end":{"line":185,"column":50}},"102":{"start":{"line":188,"column":29},"end":{"line":188,"column":73}},"103":{"start":{"line":189,"column":8},"end":{"line":189,"column":83}},"104":{"start":{"line":189,"column":28},"end":{"line":189,"column":83}},"105":{"start":{"line":190,"column":8},"end":{"line":196,"column":9}},"106":{"start":{"line":191,"column":21},"end":{"line":191,"column":107}},"107":{"start":{"line":191,"column":97},"end":{"line":191,"column":104}},"108":{"start":{"line":192,"column":12},"end":{"line":192,"column":81}},"109":{"start":{"line":192,"column":33},"end":{"line":192,"column":81}},"110":{"start":{"line":194,"column":21},"end":{"line":194,"column":59}},"111":{"start":{"line":195,"column":12},"end":{"line":195,"column":81}},"112":{"start":{"line":195,"column":33},"end":{"line":195,"column":81}},"113":{"start":{"line":199,"column":8},"end":{"line":199,"column":84}},"114":{"start":{"line":199,"column":26},"end":{"line":199,"column":84}},"115":{"start":{"line":202,"column":27},"end":{"line":202,"column":64}},"116":{"start":{"line":203,"column":8},"end":{"line":205,"column":9}},"117":{"start":{"line":204,"column":12},"end":{"line":204,"column":101}},"118":{"start":{"line":204,"column":41},"end":{"line":204,"column":101}},"119":{"start":{"line":208,"column":29},"end":{"line":208,"column":31}},"120":{"start":{"line":209,"column":30},"end":{"line":209,"column":32}},"121":{"start":{"line":210,"column":27},"end":{"line":210,"column":29}},"122":{"start":{"line":213,"column":8},"end":{"line":227,"column":9}},"123":{"start":{"line":214,"column":23},"end":{"line":214,"column":63}},"124":{"start":{"line":215,"column":12},"end":{"line":218,"column":13}},"125":{"start":{"line":216,"column":16},"end":{"line":216,"column":44}},"126":{"start":{"line":217,"column":16},"end":{"line":217,"column":25}},"127":{"start":{"line":220,"column":24},"end":{"line":220,"column":95}},"128":{"start":{"line":221,"column":12},"end":{"line":224,"column":13}},"129":{"start":{"line":222,"column":16},"end":{"line":222,"column":43}},"130":{"start":{"line":223,"column":16},"end":{"line":223,"column":25}},"131":{"start":{"line":226,"column":12},"end":{"line":226,"column":45}},"132":{"start":{"line":230,"column":8},"end":{"line":230,"column":132}},"133":{"start":{"line":230,"column":33},"end":{"line":230,"column":132}},"134":{"start":{"line":238,"column":23},"end":{"line":241,"column":9}},"135":{"start":{"line":242,"column":8},"end":{"line":242,"column":86}},"136":{"start":{"line":243,"column":8},"end":{"line":243,"column":253}},"137":{"start":{"line":243,"column":114},"end":{"line":243,"column":130}},"138":{"start":{"line":245,"column":8},"end":{"line":245,"column":41}},"139":{"start":{"line":259,"column":31},"end":{"line":321,"column":1}},"140":{"start":{"line":260,"column":4},"end":{"line":320,"column":5}},"141":{"start":{"line":261,"column":26},"end":{"line":261,"column":41}},"142":{"start":{"line":262,"column":29},"end":{"line":262,"column":50}},"143":{"start":{"line":265,"column":29},"end":{"line":265,"column":73}},"144":{"start":{"line":266,"column":8},"end":{"line":266,"column":83}},"145":{"start":{"line":266,"column":28},"end":{"line":266,"column":83}},"146":{"start":{"line":267,"column":8},"end":{"line":273,"column":9}},"147":{"start":{"line":268,"column":21},"end":{"line":268,"column":107}},"148":{"start":{"line":268,"column":97},"end":{"line":268,"column":104}},"149":{"start":{"line":269,"column":12},"end":{"line":269,"column":81}},"150":{"start":{"line":269,"column":33},"end":{"line":269,"column":81}},"151":{"start":{"line":271,"column":21},"end":{"line":271,"column":59}},"152":{"start":{"line":272,"column":12},"end":{"line":272,"column":81}},"153":{"start":{"line":272,"column":33},"end":{"line":272,"column":81}},"154":{"start":{"line":275,"column":8},"end":{"line":275,"column":87}},"155":{"start":{"line":275,"column":26},"end":{"line":275,"column":87}},"156":{"start":{"line":277,"column":27},"end":{"line":277,"column":64}},"157":{"start":{"line":278,"column":8},"end":{"line":280,"column":9}},"158":{"start":{"line":279,"column":12},"end":{"line":279,"column":101}},"159":{"start":{"line":279,"column":41},"end":{"line":279,"column":101}},"160":{"start":{"line":283,"column":25},"end":{"line":283,"column":27}},"161":{"start":{"line":284,"column":30},"end":{"line":284,"column":32}},"162":{"start":{"line":285,"column":30},"end":{"line":285,"column":32}},"163":{"start":{"line":288,"column":8},"end":{"line":302,"column":9}},"164":{"start":{"line":289,"column":23},"end":{"line":289,"column":63}},"165":{"start":{"line":290,"column":12},"end":{"line":293,"column":13}},"166":{"start":{"line":291,"column":16},"end":{"line":291,"column":44}},"167":{"start":{"line":292,"column":16},"end":{"line":292,"column":25}},"168":{"start":{"line":295,"column":24},"end":{"line":295,"column":95}},"169":{"start":{"line":296,"column":12},"end":{"line":299,"column":13}},"170":{"start":{"line":297,"column":16},"end":{"line":297,"column":39}},"171":{"start":{"line":298,"column":16},"end":{"line":298,"column":25}},"172":{"start":{"line":301,"column":12},"end":{"line":301,"column":40}},"173":{"start":{"line":305,"column":8},"end":{"line":305,"column":133}},"174":{"start":{"line":305,"column":36},"end":{"line":305,"column":133}},"175":{"start":{"line":306,"column":8},"end":{"line":311,"column":9}},"176":{"start":{"line":307,"column":12},"end":{"line":309,"column":13}},"177":{"start":{"line":308,"column":16},"end":{"line":308,"column":102}},"178":{"start":{"line":310,"column":12},"end":{"line":310,"column":53}},"179":{"start":{"line":312,"column":23},"end":{"line":316,"column":16}},"180":{"start":{"line":317,"column":8},"end":{"line":317,"column":229}},"181":{"start":{"line":317,"column":98},"end":{"line":317,"column":114}},"182":{"start":{"line":319,"column":8},"end":{"line":319,"column":41}},"183":{"start":{"line":332,"column":26},"end":{"line":371,"column":1}},"184":{"start":{"line":333,"column":4},"end":{"line":370,"column":5}},"185":{"start":{"line":335,"column":24},"end":{"line":335,"column":35}},"186":{"start":{"line":336,"column":25},"end":{"line":336,"column":66}},"187":{"start":{"line":337,"column":8},"end":{"line":338,"column":65}},"188":{"start":{"line":338,"column":12},"end":{"line":338,"column":65}},"189":{"start":{"line":341,"column":8},"end":{"line":341,"column":81}},"190":{"start":{"line":341,"column":28},"end":{"line":341,"column":81}},"191":{"start":{"line":343,"column":29},"end":{"line":343,"column":78}},"192":{"start":{"line":344,"column":8},"end":{"line":344,"column":80}},"193":{"start":{"line":344,"column":26},"end":{"line":344,"column":80}},"194":{"start":{"line":345,"column":8},"end":{"line":345,"column":115}},"195":{"start":{"line":345,"column":51},"end":{"line":345,"column":115}},"196":{"start":{"line":348,"column":25},"end":{"line":348,"column":30}},"197":{"start":{"line":351,"column":28},"end":{"line":351,"column":107}},"198":{"start":{"line":352,"column":8},"end":{"line":360,"column":9}},"199":{"start":{"line":353,"column":12},"end":{"line":353,"column":30}},"200":{"start":{"line":354,"column":24},"end":{"line":354,"column":52}},"201":{"start":{"line":355,"column":12},"end":{"line":359,"column":13}},"202":{"start":{"line":356,"column":16},"end":{"line":356,"column":66}},"203":{"start":{"line":358,"column":16},"end":{"line":358,"column":110}},"204":{"start":{"line":362,"column":21},"end":{"line":362,"column":91}},"205":{"start":{"line":363,"column":8},"end":{"line":363,"column":39}},"206":{"start":{"line":366,"column":8},"end":{"line":366,"column":63}},"207":{"start":{"line":367,"column":8},"end":{"line":367,"column":160}},"208":{"start":{"line":369,"column":8},"end":{"line":369,"column":49}},"209":{"start":{"line":380,"column":27},"end":{"line":400,"column":1}},"210":{"start":{"line":381,"column":4},"end":{"line":399,"column":5}},"211":{"start":{"line":383,"column":23},"end":{"line":383,"column":34}},"212":{"start":{"line":384,"column":8},"end":{"line":384,"column":85}},"213":{"start":{"line":384,"column":27},"end":{"line":384,"column":85}},"214":{"start":{"line":386,"column":21},"end":{"line":386,"column":34}},"215":{"start":{"line":387,"column":22},"end":{"line":387,"column":61}},"216":{"start":{"line":388,"column":8},"end":{"line":388,"column":74}},"217":{"start":{"line":388,"column":19},"end":{"line":388,"column":74}},"218":{"start":{"line":389,"column":24},"end":{"line":389,"column":115}},"219":{"start":{"line":389,"column":100},"end":{"line":389,"column":112}},"220":{"start":{"line":390,"column":8},"end":{"line":394,"column":9}},"221":{"start":{"line":391,"column":30},"end":{"line":391,"column":71}},"222":{"start":{"line":392,"column":12},"end":{"line":393,"column":70}},"223":{"start":{"line":393,"column":16},"end":{"line":393,"column":70}},"224":{"start":{"line":395,"column":8},"end":{"line":395,"column":43}},"225":{"start":{"line":396,"column":8},"end":{"line":396,"column":126}},"226":{"start":{"line":398,"column":8},"end":{"line":398,"column":49}}},"fnMap":{"0":{"name":"(anonymous_0)","decl":{"start":{"line":13,"column":24},"end":{"line":13,"column":25}},"loc":{"start":{"line":13,"column":44},"end":{"line":22,"column":1}},"line":13},"1":{"name":"(anonymous_1)","decl":{"start":{"line":31,"column":23},"end":{"line":31,"column":24}},"loc":{"start":{"line":31,"column":43},"end":{"line":57,"column":1}},"line":31},"2":{"name":"(anonymous_2)","decl":{"start":{"line":69,"column":27},"end":{"line":69,"column":28}},"loc":{"start":{"line":69,"column":47},"end":{"line":121,"column":1}},"line":69},"3":{"name":"(anonymous_3)","decl":{"start":{"line":85,"column":25},"end":{"line":85,"column":26}},"loc":{"start":{"line":85,"column":30},"end":{"line":85,"column":44}},"line":85},"4":{"name":"(anonymous_4)","decl":{"start":{"line":131,"column":25},"end":{"line":131,"column":26}},"loc":{"start":{"line":131,"column":45},"end":{"line":142,"column":1}},"line":131},"5":{"name":"(anonymous_5)","decl":{"start":{"line":136,"column":53},"end":{"line":136,"column":54}},"loc":{"start":{"line":136,"column":61},"end":{"line":138,"column":13}},"line":136},"6":{"name":"(anonymous_6)","decl":{"start":{"line":137,"column":53},"end":{"line":137,"column":54}},"loc":{"start":{"line":137,"column":61},"end":{"line":137,"column":77}},"line":137},"7":{"name":"(anonymous_7)","decl":{"start":{"line":152,"column":24},"end":{"line":152,"column":25}},"loc":{"start":{"line":152,"column":44},"end":{"line":169,"column":1}},"line":152},"8":{"name":"(anonymous_8)","decl":{"start":{"line":158,"column":81},"end":{"line":158,"column":82}},"loc":{"start":{"line":158,"column":86},"end":{"line":158,"column":93}},"line":158},"9":{"name":"(anonymous_9)","decl":{"start":{"line":165,"column":89},"end":{"line":165,"column":90}},"loc":{"start":{"line":165,"column":97},"end":{"line":165,"column":113}},"line":165},"10":{"name":"(anonymous_10)","decl":{"start":{"line":182,"column":26},"end":{"line":182,"column":27}},"loc":{"start":{"line":182,"column":46},"end":{"line":247,"column":1}},"line":182},"11":{"name":"(anonymous_11)","decl":{"start":{"line":191,"column":92},"end":{"line":191,"column":93}},"loc":{"start":{"line":191,"column":97},"end":{"line":191,"column":104}},"line":191},"12":{"name":"(anonymous_12)","decl":{"start":{"line":243,"column":106},"end":{"line":243,"column":107}},"loc":{"start":{"line":243,"column":114},"end":{"line":243,"column":130}},"line":243},"13":{"name":"(anonymous_13)","decl":{"start":{"line":259,"column":31},"end":{"line":259,"column":32}},"loc":{"start":{"line":259,"column":51},"end":{"line":321,"column":1}},"line":259},"14":{"name":"(anonymous_14)","decl":{"start":{"line":268,"column":92},"end":{"line":268,"column":93}},"loc":{"start":{"line":268,"column":97},"end":{"line":268,"column":104}},"line":268},"15":{"name":"(anonymous_15)","decl":{"start":{"line":317,"column":90},"end":{"line":317,"column":91}},"loc":{"start":{"line":317,"column":98},"end":{"line":317,"column":114}},"line":317},"16":{"name":"(anonymous_16)","decl":{"start":{"line":332,"column":26},"end":{"line":332,"column":27}},"loc":{"start":{"line":332,"column":46},"end":{"line":371,"column":1}},"line":332},"17":{"name":"(anonymous_17)","decl":{"start":{"line":380,"column":27},"end":{"line":380,"column":28}},"loc":{"start":{"line":380,"column":47},"end":{"line":400,"column":1}},"line":380},"18":{"name":"(anonymous_18)","decl":{"start":{"line":389,"column":90},"end":{"line":389,"column":91}},"loc":{"start":{"line":389,"column":100},"end":{"line":389,"column":112}},"line":389}},"branchMap":{"0":{"loc":{"start":{"line":16,"column":8},"end":{"line":16,"column":89}},"type":"if","locations":[{"start":{"line":16,"column":8},"end":{"line":16,"column":89}},{"start":{},"end":{}}],"line":16},"1":{"loc":{"start":{"line":36,"column":8},"end":{"line":53,"column":9}},"type":"if","locations":[{"start":{"line":36,"column":8},"end":{"line":53,"column":9}},{"start":{"line":42,"column":15},"end":{"line":53,"column":9}}],"line":36},"2":{"loc":{"start":{"line":39,"column":12},"end":{"line":39,"column":76}},"type":"if","locations":[{"start":{"line":39,"column":12},"end":{"line":39,"column":76}},{"start":{},"end":{}}],"line":39},"3":{"loc":{"start":{"line":44,"column":12},"end":{"line":52,"column":13}},"type":"if","locations":[{"start":{"line":44,"column":12},"end":{"line":52,"column":13}},{"start":{"line":50,"column":19},"end":{"line":52,"column":13}}],"line":44},"4":{"loc":{"start":{"line":47,"column":16},"end":{"line":47,"column":80}},"type":"if","locations":[{"start":{"line":47,"column":16},"end":{"line":47,"column":80}},{"start":{},"end":{}}],"line":47},"5":{"loc":{"start":{"line":72,"column":8},"end":{"line":72,"column":77}},"type":"if","locations":[{"start":{"line":72,"column":8},"end":{"line":72,"column":77}},{"start":{},"end":{}}],"line":72},"6":{"loc":{"start":{"line":75,"column":8},"end":{"line":75,"column":103}},"type":"if","locations":[{"start":{"line":75,"column":8},"end":{"line":75,"column":103}},{"start":{},"end":{}}],"line":75},"7":{"loc":{"start":{"line":75,"column":11},"end":{"line":75,"column":38}},"type":"binary-expr","locations":[{"start":{"line":75,"column":11},"end":{"line":75,"column":16}},{"start":{"line":75,"column":20},"end":{"line":75,"column":38}}],"line":75},"8":{"loc":{"start":{"line":78,"column":8},"end":{"line":78,"column":72}},"type":"if","locations":[{"start":{"line":78,"column":8},"end":{"line":78,"column":72}},{"start":{},"end":{}}],"line":78},"9":{"loc":{"start":{"line":80,"column":8},"end":{"line":80,"column":81}},"type":"if","locations":[{"start":{"line":80,"column":8},"end":{"line":80,"column":81}},{"start":{},"end":{}}],"line":80},"10":{"loc":{"start":{"line":83,"column":8},"end":{"line":83,"column":105}},"type":"if","locations":[{"start":{"line":83,"column":8},"end":{"line":83,"column":105}},{"start":{},"end":{}}],"line":83},"11":{"loc":{"start":{"line":85,"column":8},"end":{"line":85,"column":72}},"type":"if","locations":[{"start":{"line":85,"column":8},"end":{"line":85,"column":72}},{"start":{},"end":{}}],"line":85},"12":{"loc":{"start":{"line":89,"column":12},"end":{"line":89,"column":101}},"type":"if","locations":[{"start":{"line":89,"column":12},"end":{"line":89,"column":101}},{"start":{},"end":{}}],"line":89},"13":{"loc":{"start":{"line":99,"column":12},"end":{"line":102,"column":13}},"type":"if","locations":[{"start":{"line":99,"column":12},"end":{"line":102,"column":13}},{"start":{},"end":{}}],"line":99},"14":{"loc":{"start":{"line":104,"column":12},"end":{"line":107,"column":13}},"type":"if","locations":[{"start":{"line":104,"column":12},"end":{"line":107,"column":13}},{"start":{},"end":{}}],"line":104},"15":{"loc":{"start":{"line":111,"column":8},"end":{"line":111,"column":137}},"type":"if","locations":[{"start":{"line":111,"column":8},"end":{"line":111,"column":137}},{"start":{},"end":{}}],"line":111},"16":{"loc":{"start":{"line":134,"column":8},"end":{"line":134,"column":77}},"type":"if","locations":[{"start":{"line":134,"column":8},"end":{"line":134,"column":77}},{"start":{},"end":{}}],"line":134},"17":{"loc":{"start":{"line":157,"column":8},"end":{"line":157,"column":78}},"type":"if","locations":[{"start":{"line":157,"column":8},"end":{"line":157,"column":78}},{"start":{},"end":{}}],"line":157},"18":{"loc":{"start":{"line":159,"column":8},"end":{"line":162,"column":9}},"type":"if","locations":[{"start":{"line":159,"column":8},"end":{"line":162,"column":9}},{"start":{},"end":{}}],"line":159},"19":{"loc":{"start":{"line":161,"column":12},"end":{"line":161,"column":98}},"type":"if","locations":[{"start":{"line":161,"column":12},"end":{"line":161,"column":98}},{"start":{},"end":{}}],"line":161},"20":{"loc":{"start":{"line":164,"column":8},"end":{"line":164,"column":72}},"type":"if","locations":[{"start":{"line":164,"column":8},"end":{"line":164,"column":72}},{"start":{},"end":{}}],"line":164},"21":{"loc":{"start":{"line":189,"column":8},"end":{"line":189,"column":83}},"type":"if","locations":[{"start":{"line":189,"column":8},"end":{"line":189,"column":83}},{"start":{},"end":{}}],"line":189},"22":{"loc":{"start":{"line":190,"column":8},"end":{"line":196,"column":9}},"type":"if","locations":[{"start":{"line":190,"column":8},"end":{"line":196,"column":
[...]
{},"end":{}}],"line":22},"2":{"loc":{"start":{"line":27,"column":4},"end":{"line":31,"column":5}},"type":"if","locations":[{"start":{"line":27,"column":4},"end":{"line":31,"column":5}},{"start":{},"end":{}}],"line":27},"3":{"loc":{"start":{"line":27,"column":8},"end":{"line":27,"column":20}},"type":"binary-expr","locations":[{"start":{"line":27,"column":8},"end":{"line":27,"column":12}},{"start":{"line":27,"column":16},"end":{"line":27,"column":20}}],"line":27},"4":{"loc":{"start":{"line":34,"column":4},"end":{"line":36,"column":5}},"type":"if","locations":[{"start":{"line":34,"column":4},"end":{"line":36,"column":5}},{"start":{},"end":{}}],"line":34},"5":{"loc":{"start":{"line":39,"column":4},"end":{"line":41,"column":5}},"type":"if","locations":[{"start":{"line":39,"column":4},"end":{"line":41,"column":5}},{"start":{},"end":{}}],"line":39},"6":{"loc":{"start":{"line":77,"column":4},"end":{"line":79,"column":5}},"type":"if","locations":[{"start":{"line":77,"column":4},"end":{"line":79,"column":5}},{"start":{},"end":{}}],"line":77},"7":{"loc":{"start":{"line":77,"column":8},"end":{"line":77,"column":51}},"type":"binary-expr","locations":[{"start":{"line":77,"column":8},"end":{"line":77,"column":27}},{"start":{"line":77,"column":31},"end":{"line":77,"column":51}}],"line":77},"8":{"loc":{"start":{"line":83,"column":8},"end":{"line":85,"column":9}},"type":"if","locations":[{"start":{"line":83,"column":8},"end":{"line":85,"column":9}},{"start":{},"end":{}}],"line":83},"9":{"loc":{"start":{"line":83,"column":12},"end":{"line":83,"column":97}},"type":"binary-expr","locations":[{"start":{"line":83,"column":12},"end":{"line":83,"column":40}},{"start":{"line":83,"column":44},"end":{"line":83,"column":69}},{"start":{"line":83,"column":73},"end":{"line":83,"column":97}}],"line":83},"10":{"loc":{"start":{"line":86,"column":8},"end":{"line":88,"column":9}},"type":"if","locations":[{"start":{"line":86,"column":8},"end":{"line":88,"column":9}},{"start":{},"end":{}}],"line":86},"11":{"loc":{"start":{"line":86,"column":12},"end":{"line":86,"column":100}},"type":"binary-expr","locations":[{"start":{"line":86,"column":12},"end":{"line":86,"column":41}},{"start":{"line":86,"column":45},"end":{"line":86,"column":71}},{"start":{"line":86,"column":75},"end":{"line":86,"column":100}}],"line":86},"12":{"loc":{"start":{"line":89,"column":8},"end":{"line":91,"column":9}},"type":"if","locations":[{"start":{"line":89,"column":8},"end":{"line":91,"column":9}},{"start":{},"end":{}}],"line":89},"13":{"loc":{"start":{"line":89,"column":12},"end":{"line":89,"column":186}},"type":"binary-expr","locations":[{"start":{"line":89,"column":12},"end":{"line":89,"column":72}},{"start":{"line":89,"column":76},"end":{"line":89,"column":130}},{"start":{"line":89,"column":134},"end":{"line":89,"column":186}}],"line":89},"14":{"loc":{"start":{"line":92,"column":8},"end":{"line":113,"column":9}},"type":"switch","locations":[{"start":{"line":93,"column":12},"end":{"line":97,"column":22}},{"start":{"line":98,"column":12},"end":{"line":102,"column":22}},{"start":{"line":103,"column":12},"end":{"line":108,"column":22}},{"start":{"line":109,"column":12},"end":{"line":110,"column":22}},{"start":{"line":111,"column":12},"end":{"line":112,"column":73}}],"line":92},"15":{"loc":{"start":{"line":94,"column":16},"end":{"line":96,"column":17}},"type":"if","locations":[{"start":{"line":94,"column":16},"end":{"line":96,"column":17}},{"start":{},"end":{}}],"line":94},"16":{"loc":{"start":{"line":99,"column":16},"end":{"line":101,"column":17}},"type":"if","locations":[{"start":{"line":99,"column":16},"end":{"line":101,"column":17}},{"start":{},"end":{}}],"line":99},"17":{"loc":{"start":{"line":105,"column":16},"end":{"line":107,"column":17}},"type":"if","locations":[{"start":{"line":105,"column":16},"end":{"line":107,"column":17}},{"start":{},"end":{}}],"line":105},"18":{"loc":{"start":{"line":116,"column":8},"end":{"line":158,"column":9}},"type":"if","locations":[{"start":{"line":116,"column":8},"end":{"line":158,"column":9}},{"start":{"line":156,"column":15},"end":{"line":158,"column":9}}],"line":116},"19":{"loc":{"start":{"line":127,"column":16},"end":{"line":147,"column":17}},"type":"switch","locations":[{"start":{"line":128,"column":20},"end":{"line":132,"column":30}},{"start":{"line":133,"column":20},"end":{"line":137,"column":30}},{"start":{"line":138,"column":20},"end":{"line":142,"column":30}},{"start":{"line":143,"column":20},"end":{"line":144,"column":30}},{"start":{"line":145,"column":20},"end":{"line":146,"column":81}}],"line":127},"20":{"loc":{"start":{"line":129,"column":24},"end":{"line":131,"column":25}},"type":"if","locations":[{"start":{"line":129,"column":24},"end":{"line":131,"column":25}},{"start":{},"end":{}}],"line":129},"21":{"loc":{"start":{"line":134,"column":24},"end":{"line":136,"column":25}},"type":"if","locations":[{"start":{"line":134,"column":24},"end":{"line":136,"column":25}},{"start":{},"end":{}}],"line":134},"22":{"loc":{"start":{"line":139,"column":24},"end":{"line":141,"column":25}},"type":"if","locations":[{"start":{"line":139,"column":24},"end":{"line":141,"column":25}},{"start":{},"end":{}}],"line":139},"23":{"loc":{"start":{"line":150,"column":16},"end":{"line":154,"column":17}},"type":"if","locations":[{"start":{"line":150,"column":16},"end":{"line":154,"column":17}},{"start":{"line":152,"column":23},"end":{"line":154,"column":17}}],"line":150},"24":{"loc":{"start":{"line":175,"column":4},"end":{"line":180,"column":5}},"type":"if","locations":[{"start":{"line":175,"column":4},"end":{"line":180,"column":5}},{"start":{},"end":{}}],"line":175},"25":{"loc":{"start":{"line":177,"column":8},"end":{"line":179,"column":9}},"type":"if","locations":[{"start":{"line":177,"column":8},"end":{"line":179,"column":9}},{"start":{},"end":{}}],"line":177},"26":{"loc":{"start":{"line":187,"column":4},"end":{"line":190,"column":5}},"type":"if","locations":[{"start":{"line":187,"column":4},"end":{"line":190,"column":5}},{"start":{},"end":{}}],"line":187},"27":{"loc":{"start":{"line":187,"column":9},"end":{"line":187,"column":19}},"type":"binary-expr","locations":[{"start":{"line":187,"column":9},"end":{"line":187,"column":12}},{"start":{"line":187,"column":16},"end":{"line":187,"column":19}}],"line":187},"28":{"loc":{"start":{"line":191,"column":4},"end":{"line":194,"column":5}},"type":"if","locations":[{"start":{"line":191,"column":4},"end":{"line":194,"column":5}},{"start":{},"end":{}}],"line":191},"29":{"loc":{"start":{"line":191,"column":9},"end":{"line":191,"column":24}},"type":"binary-expr","locations":[{"start":{"line":191,"column":9},"end":{"line":191,"column":17}},{"start":{"line":191,"column":21},"end":{"line":191,"column":24}}],"line":191},"30":{"loc":{"start":{"line":195,"column":4},"end":{"line":198,"column":5}},"type":"if","locations":[{"start":{"line":195,"column":4},"end":{"line":198,"column":5}},{"start":{},"end":{}}],"line":195},"31":{"loc":{"start":{"line":195,"column":9},"end":{"line":195,"column":24}},"type":"binary-expr","locations":[{"start":{"line":195,"column":9},"end":{"line":195,"column":17}},{"start":{"line":195,"column":21},"end":{"line":195,"column":24}}],"line":195},"32":{"loc":{"start":{"line":199,"column":4},"end":{"line":202,"column":5}},"type":"if","locations":[{"start":{"line":199,"column":4},"end":{"line":202,"column":5}},{"start":{},"end":{}}],"line":199},"33":{"loc":{"start":{"line":199,"column":8},"end":{"line":199,"column":19}},"type":"binary-expr","locations":[{"start":{"line":199,"column":8},"end":{"line":199,"column":11}},{"start":{"line":199,"column":15},"end":{"line":199,"column":19}}],"line":199},"34":{"loc":{"start":{"line":203,"column":4},"end":{"line":206,"column":5}},"type":"if","locations":[{"start":{"line":203,"column":4},"end":{"line":206,"column":5}},{"start":{},"end":{}}],"line":203},"35":{"loc":{"start":{"line":203,"column":8},"end":{"line":203,"column":19}},"type":"binary-expr","locations":[{"start":{"line":203,"column":8},"end":{"line":203,"column":12}},{"start":{"line":203,"column":16},"end":{"line":203,"column":19}}],"line":203},"36":{"loc":{"start":{"line":223,"column":8},"end":{"line":226,"column":25}},"type":"if","locations":[{"start":{"line":223,"column":8},"end":{"line":226,"column":25}},{"start":{"line":226,"column":12},"end":{"line":226,"column":25}}],"line":223},"37":{"loc":{"start":{"line":223,"column":11},"end":{"line":223,"column":48}},"type":"binary-expr","locations":[{"start":{"line":223,"column":11},"end":{"line":223,"column":23}},{"start":{"line":223,"column":27},"end":{"line":223,"column":35}},{"start":{"line":223,"column":39},"end":{"line":223,"column":48}}],"line":223},"38":{"loc":{"start":{"line":235,"column":4},"end":{"line":238,"column":5}},"type":"if","locations":[{"start":{"line":235,"column":4},"end":{"line":238,"column":5}},{"start":{},"end":{}}],"line":235},"39":{"loc":{"start":{"line":235,"column":7},"end":{"line":235,"column":31}},"type":"binary-expr","locations":[{"start":{"line":235,"column":7},"end":{"line":235,"column":11}},{"start":{"line":235,"column":15},"end":{"line":235,"column":31}}],"line":235},"40":{"loc":{"start":{"line":240,"column":4},"end":{"line":243,"column":5}},"type":"if","locations":[{"start":{"line":240,"column":4},"end":{"line":243,"column":5}},{"start":{},"end":{}}],"line":240},"41":{"loc":{"start":{"line":240,"column":7},"end":{"line":240,"column":31}},"type":"binary-expr","locations":[{"start":{"line":240,"column":7},"end":{"line":240,"column":11}},{"start":{"line":240,"column":15},"end":{"line":240,"column":31}}],"line":240},"42":{"loc":{"start":{"line":245,"column":4},"end":{"line":248,"column":5}},"type":"if","locations":[{"start":{"line":245,"column":4},"end":{"line":248,"column":5}},{"start":{},"end":{}}],"line":245},"43":{"loc":{"start":{"line":245,"column":7},"end":{"line":245,"column":31}},"type":"binary-expr","locations":[{"start":{"line":245,"column":7},"end":{"line":245,"column":11}},{"start":{"line":245,"column":15},"end":{"line":245,"column":31}}],"line":245},"44":{"loc":{"start":{"line":250,"column":4},"end":{"line":253,"column":5}},"type":"if","locations":[{"start":{"line":250,"column":4},"end":{"line":253,"column":5}},{"start":{},"end":{}}],"line":250},"45":{"loc":{"start":{"line":250,"column":8},"end":{"line":250,"column":30}},"type":"binary-expr","locations":[{"start":{"line":250,"column":8},"end":{"line":250,"column":12}},{"start":{"line":250,"column":17},"end":{"line":250,"column":21}},{"start":{"line":250,"column":25},"end":{"line":250,"column":29}}],"line":250},"46":{"loc":{"start":{"line":255,"column":4},"end":{"line":261,"column":5}},"type":"if","locations":[{"start":{"line":255,"column":4},"end":{"line":261,"column":5}},{"start":{},"end":{}}],"line":255},"47":{"loc":{"start":{"line":255,"column":8},"end":{"line":255,"column":20}},"type":"binary-expr","locations":[{"start":{"line":255,"column":8},"end":{"line":255,"column":12}},{"start":{"line":255,"column":16},"end":{"line":255,"column":20}}],"line":255},"48":{"loc":{"start":{"line":259,"column":8},"end":{"line":260,"column":25}},"type":"if","locations":[{"start":{"line":259,"column":8},"end":{"line":260,"column":25}},{"start":{},"end":{}}],"line":259},"49":{"loc":{"start":{"line":269,"column":4},"end":{"line":271,"column":5}},"type":"if","locations":[{"start":{"line":269,"column":4},"end":{"line":271,"column":5}},{"start":{},"end":{}}],"line":269},"50":{"loc":{"start":{"line":269,"column":7},"end":{"line":269,"column":40}},"type":"binary-expr","locations":[{"start":{"line":269,"column":8},"end":{"line":269,"column":24}},{"start":{"line":269,"column":29},"end":{"line":269,"column":40}}],"line":269},"51":{"loc":{"start":{"line":273,"column":4},"end":{"line":275,"column":5}},"type":"if","locations":[{"start":{"line":273,"column":4},"end":{"line":275,"column":5}},{"start":{},"end":{}}],"line":273},"52":{"loc":{"start":{"line":273,"column":7},"end":{"line":273,"column":40}},"type":"binary-expr","locations":[{"start":{"line":273,"column":8},"end":{"line":273,"column":24}},{"start":{"line":273,"column":29},"end":{"line":273,"column":40}}],"line":273},"53":{"loc":{"start":{"line":277,"column":4},"end":{"line":279,"column":5}},"type":"if","locations":[{"start":{"line":277,"column":4},"end":{"line":279,"column":5}},{"start":{},"end":{}}],"line":277},"54":{"loc":{"start":{"line":277,"column":7},"end":{"line":277,"column":37}},"type":"binary-expr","locations":[{"start":{"line":277,"column":7},"end":{"line":277,"column":17}},{"start":{"line":277,"column":21},"end":{"line":277,"column":37}}],"line":277},"55":{"loc":{"start":{"line":281,"column":4},"end":{"line":283,"column":5}},"type":"if","locations":[{"start":{"line":281,"column":4},"end":{"line":283,"column":5}},{"start":{},"end":{}}],"line":281},"56":{"loc":{"start":{"line":281,"column":7},"end":{"line":281,"column":37}},"type":"binary-expr","locations":[{"start":{"line":281,"column":7},"end":{"line":281,"column":17}},{"start":{"line":281,"column":21},"end":{"line":281,"column":37}}],"line":281},"57":{"loc":{"start":{"line":285,"column":4},"end":{"line":287,"column":5}},"type":"if","locations":[{"start":{"line":285,"column":4},"end":{"line":287,"column":5}},{"start":{},"end":{}}],"line":285},"58":{"loc":{"start":{"line":289,"column":4},"end":{"line":291,"column":5}},"type":"if","locations":[{"start":{"line":289,"column":4},"end":{"line":291,"column":5}},{"start":{},"end":{}}],"line":289},"59":{"loc":{"start":{"line":293,"column":4},"end":{"line":295,"column":5}},"type":"if","locations":[{"start":{"line":293,"column":4},"end":{"line":295,"column":5}},{"start":{},"end":{}}],"line":293},"60":{"loc":{"start":{"line":293,"column":7},"end":{"line":293,"column":74}},"type":"binary-expr","locations":[{"start":{"line":293,"column":8},"end":{"line":293,"column":41}},{"start":{"line":293,"column":47},"end":{"line":293,"column":58}},{"start":{"line":293,"column":62},"end":{"line":293,"column":73}}],"line":293}},"s":{"0":4,"1":14,"2":14,"3":14,"4":3,"5":11,"6":1,"7":10,"8":3,"9":3,"10":3,"11":7,"12":1,"13":6,"14":2,"15":4,"16":4,"17":323,"18":323,"19":13,"20":310,"21":310,"22":309,"23":308,"24":0,"25":308,"26":1,"27":307,"28":1,"29":306,"30":138,"31":26,"32":112,"33":115,"34":11,"35":104,"36":15,"37":17,"38":15,"39":3,"40":12,"41":38,"42":0,"43":266,"44":2,"45":2,"46":2,"47":1,"48":1,"49":1,"50":1,"51":0,"52":0,"53":0,"54":0,"55":0,"56":0,"57":0,"58":0,"59":0,"60":1,"61":0,"62":1,"63":1,"64":1,"65":0,"66":0,"67":4,"68":12,"69":12,"70":12,"71":11,"72":11,"73":1,"74":11,"75":11,"76":11,"77":11,"78":2,"79":2,"80":9,"81":1,"82":1,"83":8,"84":0,"85":0,"86":8,"87":2,"88":2,"89":6,"90":2,"91":2,"92":4,"93":33,"94":33,"95":32,"96":32,"97":32,"98":32,"99":32,"100":32,"101":32,"102":25,"103":7,"104":1,"105":22,"106":1,"107":21,"108":1,"109":20,"110":2,"111":18,"112":3,"113":15,"114":6,"115":6,"116":6,"117":2,"118":13,"119":19,"120":3,"121":16,"122":3,"123":13,"124":2,"125":11,"126":1,"127":10,"128":1,"129":9,"130":1,"131":8,"132":1,"133":7},"f":{"0":14,"1":323,"2":17,"3":12,"4":33,"5":22,"6":19},"b":{"0":[3,11],"1":[1,10],"2":[3,7],"3":[10,4],"4":[1,6],"5":[2,4],"6":[13,310],"7":[323,310],"8":[0,308],"9":[308,308,308],"10":[1,307],"11":[308,308,307],"12":[1,306],"13":[307,307,306],"14":[138,115,15,38,0],"15":[26,112],"16":[11,104],"17":[3,12],"18":[2,0],"19":[0,0,0,1,0],"20":[0,0],"21":[0,0],"22":[0,0],"23":[1,0],"24":[11,1],"25":[1,10],"26":[2,9],"27":[11,4],"28":[1,8],"29":[9,1],"30":[0,8],"31":[8,0],"32":[2,6],"33":[8,2],"34":[2,4],"35":[6,6],"36":[25,7],"37":[32,25,25],"38":[1,21],"39":[22,6],"40":[1,20],"41":[21,11],"42":[2,18],"43":[20,11],"44":[3,15],"45":[18,5,3],"46":[6,9],"47":[15,7],"48":[2,4],"49":[3,16],"50":[19,6],"51":[3,13],"52":[16,6],"53":[2,11],"54":[13,5],"55":[1,10],"56":[11,4],"57":[1,9],"58":[1,8],"59":[1,7],"60":[8,1,1]},"_coverageSchema":"1a1c01bbd47fc00a2c39e90264f33305004495a9","hash":"4cfa45b8b7d0937c55bef41f62caf44de5240a0e"}
,"D:\\SCUOLA\\Universita\\Magistrale\\Primo_anno\\SoftEng\\ezwallet\\code\\models\\User.js": {"path":"D:\\SCUOLA\\Universita\\Magistrale\\Primo_anno\\SoftEng\\ezwallet\\code\\models\\User.js","statementMap":{"0":{"start":{"line":3,"column":26},"end":{"line":28,"column":2}},"1":{"start":{"line":30,"column":27},"end":{"line":49,"column":2}},"2":{"start":{"line":51,"column":14},"end":{"line":51,"column":50}},"3":{"start":{"line":52,"column":13},"end":{"line":52,"column":47}}},"fnMap":{},"branchMap":{},"s":{"0":4,"1":4,"2":4,"3":4},"f":{},"b":{},"_coverageSchema":"1a1c01bbd47fc00a2c39e90264f33305004495a9","hash":"a2342554b4f4c32fc4a0d96fab0cfd399b669ffe"}
,"D:\\SCUOLA\\Universita\\Magistrale\\Primo_anno\\SoftEng\\ezwallet\\code\\models\\model.js": {"path":"D:\\SCUOLA\\Universita\\Magistrale\\Primo_anno\\SoftEng\\ezwallet\\code\\models\\model.js","statementMap":{"0":{"start":{"line":3,"column":25},"end":{"line":16,"column":2}},"1":{"start":{"line":18,"column":26},"end":{"line":38,"column":2}},"2":{"start":{"line":40,"column":19},"end":{"line":40,"column":65}},"3":{"start":{"line":41,"column":21},"end":{"line":41,"column":70}}},"fnMap":{},"branchMap":{},"s":{"0":3,"1":3,"2":3,"3":3},"f":{},"b":{},"_coverageSchema":"1a1c01bbd47fc00a2c39e90264f33305004495a9","hash":"46a2845c0c3fa04110a791003221d7e73af78635"}
,"D:\\SCUOLA\\Universita\\Magistrale\\Primo_anno\\SoftEng\\ezwallet\\code\\routes\\route.js": {"path":"D:\\SCUOLA\\Universita\\Magistrale\\Primo_anno\\SoftEng\\ezwallet\\code\\routes\\route.js","statementMap":{"0":{"start":{"line":13,"column":15},"end":{"line":13,"column":23}},"1":{"start":{"line":18,"column":0},"end":{"line":18,"column":34}},"2":{"start":{"line":19,"column":0},"end":{"line":19,"column":36}},"3":{"start":{"line":20,"column":0},"end":{"line":20,"column":28}},"4":{"start":{"line":25,"column":0},"end":{"line":25,"column":40}},"5":{"start":{"line":26,"column":0},"end":{"line":26,"column":39}},"6":{"start":{"line":27,"column":0},"end":{"line":27,"column":63}},"7":{"start":{"line":28,"column":0},"end":{"line":28,"column":66}},"8":{"start":{"line":29,"column":0},"end":{"line":29,"column":65}},"9":{"start":{"line":30,"column":0},"end":{"line":30,"column":95}},"10":{"start":{"line":31,"column":0},"end":{"line":31,"column":35}},"11":{"start":{"line":32,"column":0},"end":{"line":32,"column":37}},"12":{"start":{"line":33,"column":0},"end":{"line":33,"column":64}},"13":{"start":{"line":34,"column":0},"end":{"line":34,"column":93}},"14":{"start":{"line":35,"column":0},"end":{"line":35,"column":45}},"15":{"start":{"line":36,"column":0},"end":{"line":36,"column":53}},"16":{"start":{"line":41,"column":0},"end":{"line":41,"column":42}},"17":{"start":{"line":42,"column":0},"end":{"line":42,"column":49}},"18":{"start":{"line":43,"column":0},"end":{"line":43,"column":44}},"19":{"start":{"line":44,"column":0},"end":{"line":44,"column":47}},"20":{"start":{"line":45,"column":0},"end":{"line":45,"column":50}},"21":{"start":{"line":46,"column":0},"end":{"line":46,"column":66}},"22":{"start":{"line":47,"column":0},"end":{"line":47,"column":95}},"23":{"start":{"line":48,"column":0},"end":{"line":48,"column":64}},"24":{"start":{"line":49,"column":0},"end":{"line":49,"column":93}},"25":{"start":{"line":50,"column":0},"end":{"line":50,"column":30}},"26":{"start":{"line":51,"column":0},"end":{"line":51,"column":35}},"27":{"start":{"line":52,"column":0},"end":{"line":52,"column":32}},"28":{"start":{"line":53,"column":0},"end":{"line":53,"column":37}},"29":{"start":{"line":54,"column":0},"end":{"line":54,"column":48}},"30":{"start":{"line":55,"column":0},"end":{"line":55,"column":51}},"31":{"start":{"line":60,"column":0},"end":{"line":60,"column":29}}},"fnMap":{},"branchMap":{},"s":{"0":3,"1":3,"2":3,"3":3,"4":3,"5":3,"6":3,"7":3,"8":3,"9":3,"10":3,"11":3,"12":3,"13":3,"14":3,"15":3,"16":3,"17":3,"18":3,"19":3,"20":3,"21":3,"22":3,"23":3,"24":3,"25":3,"26":3,"27":3,"28":3,"29":3,"30":3,"31":3},"f":{},"b":{},"_coverageSchema":"1a1c01bbd47fc00a2c39e90264f33305004495a9","hash":"da5cf8e3266658e17dce0bf153d082295f137932"}
}
