TN:
SF:app.js
FNF:0
FNH:0
DA:7,3
DA:8,3
DA:10,3
DA:12,3
DA:13,3
DA:14,3
DA:15,3
LF:7
LH:7
BRDA:8,0,0,3
BRDA:8,0,1,3
BRF:2
BRH:2
end_of_record
TN:
SF:controllers\auth.js
FN:6,isValidEmail
FN:18,(anonymous_1)
FN:49,(anonymous_2)
FN:83,(anonymous_3)
FN:127,(anonymous_4)
FNF:5
FNH:5
FNDA:484,isValidEmail
FNDA:179,(anonymous_1)
FNDA:107,(anonymous_2)
FNDA:203,(anonymous_3)
FNDA:3,(anonymous_4)
DA:7,484
DA:8,484
DA:18,3
DA:19,179
DA:20,179
DA:21,179
DA:22,179
DA:23,179
DA:24,178
DA:25,177
DA:27,176
DA:28,176
DA:30,174
DA:31,174
DA:36,174
DA:38,0
DA:49,3
DA:50,107
DA:51,107
DA:52,107
DA:53,107
DA:54,107
DA:55,106
DA:56,105
DA:58,104
DA:59,104
DA:61,103
DA:62,103
DA:68,103
DA:70,0
DA:83,3
DA:84,203
DA:85,203
DA:86,203
DA:87,202
DA:88,202
DA:89,202
DA:90,202
DA:91,202
DA:92,201
DA:93,201
DA:95,200
DA:102,200
DA:109,200
DA:110,200
DA:111,200
DA:112,200
DA:113,200
DA:115,0
DA:127,3
DA:128,3
DA:129,3
DA:130,2
DA:132,2
DA:133,2
DA:134,1
DA:135,1
DA:136,1
DA:137,1
DA:138,1
DA:140,0
LF:61
LH:57
BRDA:20,0,0,179
BRDA:20,0,1,179
BRDA:21,1,0,179
BRDA:21,1,1,179
BRDA:22,2,0,179
BRDA:22,2,1,179
BRDA:23,3,0,1
BRDA:23,3,1,178
BRDA:23,4,0,179
BRDA:23,4,1,178
BRDA:23,4,2,178
BRDA:24,5,0,1
BRDA:24,5,1,177
BRDA:24,6,0,178
BRDA:24,6,1,177
BRDA:24,6,2,177
BRDA:25,7,0,1
BRDA:25,7,1,176
BRDA:28,8,0,2
BRDA:28,8,1,174
BRDA:51,9,0,107
BRDA:51,9,1,107
BRDA:52,10,0,107
BRDA:52,10,1,107
BRDA:53,11,0,107
BRDA:53,11,1,107
BRDA:54,12,0,1
BRDA:54,12,1,106
BRDA:54,13,0,107
BRDA:54,13,1,106
BRDA:54,13,2,106
BRDA:55,14,0,1
BRDA:55,14,1,105
BRDA:55,15,0,106
BRDA:55,15,1,105
BRDA:55,15,2,105
BRDA:56,16,0,1
BRDA:56,16,1,104
BRDA:59,17,0,1
BRDA:59,17,1,103
BRDA:85,18,0,0
BRDA:85,18,1,203
BRDA:85,19,0,203
BRDA:85,19,1,203
BRDA:86,20,0,1
BRDA:86,20,1,202
BRDA:86,21,0,203
BRDA:86,21,1,202
BRDA:87,22,0,0
BRDA:87,22,1,202
BRDA:91,23,0,1
BRDA:91,23,1,201
BRDA:93,24,0,1
BRDA:93,24,1,200
BRDA:129,25,0,1
BRDA:129,25,1,2
BRDA:133,26,0,1
BRDA:133,26,1,1
BRF:58
BRH:56
end_of_record
TN:
SF:controllers\controller.js
FN:10,(anonymous_0)
FN:36,(anonymous_1)
FN:77,(anonymous_2)
FN:99,(anonymous_3)
FN:120,(anonymous_4)
FN:127,(anonymous_5)
FN:142,(anonymous_6)
FN:183,(anonymous_7)
FN:186,(anonymous_8)
FN:199,(anonymous_9)
FN:216,(anonymous_10)
FN:217,(anonymous_11)
FN:219,(anonymous_12)
FN:234,(anonymous_13)
FN:282,(anonymous_14)
FN:283,(anonymous_15)
FN:285,(anonymous_16)
FN:304,(anonymous_17)
FN:352,(anonymous_18)
FN:370,(anonymous_19)
FN:386,(anonymous_20)
FN:390,(anonymous_21)
FN:420,(anonymous_22)
FN:442,(anonymous_23)
FN:460,(anonymous_24)
FN:470,(anonymous_25)
FN:501,(anonymous_26)
FN:507,(anonymous_27)
FN:522,(anonymous_28)
FN:552,(anonymous_29)
FN:565,(anonymous_30)
FNF:31
FNH:27
FNDA:79,(anonymous_0)
FNDA:4,(anonymous_1)
FNDA:4,(anonymous_2)
FNDA:0,(anonymous_3)
FNDA:2,(anonymous_4)
FNDA:3,(anonymous_5)
FNDA:120,(anonymous_6)
FNDA:60,(anonymous_7)
FNDA:0,(anonymous_8)
FNDA:2,(anonymous_9)
FNDA:1,(anonymous_10)
FNDA:2,(anonymous_11)
FNDA:0,(anonymous_12)
FNDA:12,(anonymous_13)
FNDA:7,(anonymous_14)
FNDA:15,(anonymous_15)
FNDA:0,(anonymous_16)
FNDA:5,(anonymous_17)
FNDA:1,(anonymous_18)
FNDA:6,(anonymous_19)
FNDA:4,(anonymous_20)
FNDA:4,(anonymous_21)
FNDA:2,(anonymous_22)
FNDA:8,(anonymous_23)
FNDA:6,(anonymous_24)
FNDA:4,(anonymous_25)
FNDA:2,(anonymous_26)
FNDA:2,(anonymous_27)
FNDA:4,(anonymous_28)
FNDA:4,(anonymous_29)
FNDA:5,(anonymous_30)
DA:10,3
DA:11,79
DA:12,79
DA:13,79
DA:14,78
DA:15,78
DA:16,78
DA:17,78
DA:18,78
DA:19,78
DA:20,78
DA:21,78
DA:22,78
DA:24,0
DA:36,3
DA:37,4
DA:38,4
DA:39,4
DA:40,3
DA:41,3
DA:42,3
DA:43,3
DA:44,0
DA:46,3
DA:48,3
DA:49,3
DA:50,1
DA:53,2
DA:54,2
DA:55,1
DA:58,1
DA:63,1
DA:64,1
DA:66,0
DA:77,3
DA:78,4
DA:79,4
DA:80,4
DA:81,3
DA:82,3
DA:83,3
DA:84,3
DA:86,2
DA:87,3
DA:88,3
DA:89,3
DA:90,1
DA:95,1
DA:96,1
DA:98,0
DA:99,0
DA:101,1
DA:103,1
DA:104,2
DA:105,2
DA:107,1
DA:109,0
DA:120,3
DA:121,2
DA:122,2
DA:123,2
DA:125,2
DA:127,3
DA:129,2
DA:131,0
DA:142,3
DA:143,120
DA:144,120
DA:145,120
DA:147,99
DA:149,99
DA:150,3
DA:153,96
DA:154,2
DA:158,94
DA:159,1
DA:162,93
DA:163,93
DA:164,93
DA:165,1
DA:169,92
DA:170,12
DA:174,80
DA:175,80
DA:176,80
DA:177,20
DA:180,60
DA:182,60
DA:184,60
DA:186,0
DA:188,0
DA:199,3
DA:200,2
DA:201,2
DA:202,2
DA:206,1
DA:217,2
DA:218,1
DA:219,0
DA:221,0
DA:234,3
DA:235,12
DA:238,12
DA:239,12
DA:240,2
DA:243,10
DA:245,2
DA:246,2
DA:248,1
DA:249,1
DA:252,8
DA:253,8
DA:257,7
DA:258,7
DA:259,7
DA:261,7
DA:262,4
DA:264,7
DA:265,4
DA:269,7
DA:283,15
DA:284,7
DA:286,0
DA:288,7
DA:291,0
DA:292,0
DA:304,3
DA:305,5
DA:307,5
DA:309,1
DA:310,1
DA:314,4
DA:315,4
DA:318,2
DA:319,2
DA:320,0
DA:324,2
DA:325,2
DA:326,1
DA:335,1
DA:352,1
DA:354,1
DA:358,0
DA:370,3
DA:371,6
DA:373,6
DA:376,6
DA:377,6
DA:380,4
DA:382,2
DA:383,2
DA:386,4
DA:387,2
DA:390,4
DA:397,2
DA:420,2
DA:427,2
DA:430,0
DA:442,3
DA:443,8
DA:445,8
DA:451,8
DA:452,8
DA:455,6
DA:457,3
DA:458,3
DA:460,6
DA:461,3
DA:462,3
DA:466,4
DA:467,4
DA:468,2
DA:470,4
DA:478,2
DA:501,2
DA:507,2
DA:508,2
DA:511,0
DA:522,3
DA:523,4
DA:524,4
DA:525,4
DA:526,4
DA:527,1
DA:528,1
DA:532,3
DA:535,2
DA:537,2
DA:538,1
DA:539,1
DA:541,0
DA:552,3
DA:553,4
DA:555,4
DA:556,4
DA:559,3
DA:561,3
DA:562,1
DA:565,5
DA:566,0
DA:569,2
DA:570,2
DA:571,1
DA:575,1
DA:581,1
DA:582,1
DA:584,0
DA:587,0
LF:208
LH:186
BRDA:13,0,0,1
BRDA:13,0,1,78
BRDA:14,1,0,78
BRDA:14,1,1,78
BRDA:15,2,0,78
BRDA:15,2,1,78
BRDA:16,3,0,0
BRDA:16,3,1,78
BRDA:16,4,0,78
BRDA:16,4,1,78
BRDA:17,5,0,0
BRDA:17,5,1,78
BRDA:17,6,0,78
BRDA:17,6,1,78
BRDA:19,7,0,0
BRDA:19,7,1,78
BRDA:39,8,0,1
BRDA:39,8,1,3
BRDA:41,9,0,3
BRDA:41,9,1,3
BRDA:42,10,0,3
BRDA:42,10,1,3
BRDA:43,11,0,0
BRDA:43,11,1,3
BRDA:43,12,0,3
BRDA:43,12,1,3
BRDA:46,13,0,0
BRDA:46,13,1,3
BRDA:46,14,0,3
BRDA:46,14,1,3
BRDA:49,15,0,1
BRDA:49,15,1,2
BRDA:54,16,0,1
BRDA:54,16,1,1
BRDA:80,17,0,1
BRDA:80,17,1,3
BRDA:82,18,0,0
BRDA:82,18,1,3
BRDA:82,19,0,3
BRDA:82,19,1,3
BRDA:84,20,0,1
BRDA:84,20,1,2
BRDA:87,21,0,0
BRDA:87,21,1,3
BRDA:87,22,0,3
BRDA:87,22,1,3
BRDA:89,23,0,1
BRDA:89,23,1,2
BRDA:96,24,0,0
BRDA:96,24,1,1
BRDA:123,25,0,0
BRDA:123,25,1,2
BRDA:145,26,0,21
BRDA:145,26,1,99
BRDA:149,27,0,3
BRDA:149,27,1,96
BRDA:149,28,0,99
BRDA:149,28,1,98
BRDA:149,28,2,97
BRDA:153,29,0,2
BRDA:153,29,1,94
BRDA:153,30,0,96
BRDA:153,30,1,95
BRDA:158,31,0,1
BRDA:158,31,1,93
BRDA:164,32,0,1
BRDA:164,32,1,92
BRDA:169,33,0,12
BRDA:169,33,1,80
BRDA:176,34,0,20
BRDA:176,34,1,60
BRDA:176,35,0,80
BRDA:176,35,1,80
BRDA:202,36,0,1
BRDA:202,36,1,1
BRDA:239,37,0,2
BRDA:239,37,1,10
BRDA:243,38,0,2
BRDA:243,38,1,8
BRDA:246,39,0,1
BRDA:246,39,1,1
BRDA:253,40,0,1
BRDA:253,40,1,7
BRDA:261,41,0,4
BRDA:261,41,1,3
BRDA:264,42,0,4
BRDA:264,42,1,3
BRDA:307,43,0,1
BRDA:307,43,1,4
BRDA:310,44,0,1
BRDA:310,44,1,0
BRDA:315,45,0,2
BRDA:315,45,1,2
BRDA:319,46,0,0
BRDA:319,46,1,2
BRDA:325,47,0,1
BRDA:325,47,1,1
BRDA:377,48,0,2
BRDA:377,48,1,4
BRDA:380,49,0,2
BRDA:380,49,1,2
BRDA:383,50,0,1
BRDA:383,50,1,1
BRDA:387,51,0,1
BRDA:387,51,1,1
BRDA:452,52,0,2
BRDA:452,52,1,6
BRDA:455,53,0,3
BRDA:455,53,1,3
BRDA:458,54,0,1
BRDA:458,54,1,2
BRDA:462,55,0,1
BRDA:462,55,1,2
BRDA:467,56,0,2
BRDA:467,56,1,2
BRDA:526,57,0,1
BRDA:526,57,1,3
BRDA:528,58,0,1
BRDA:528,58,1,0
BRDA:532,59,0,1
BRDA:532,59,1,2
BRDA:537,60,0,1
BRDA:537,60,1,1
BRDA:556,61,0,1
BRDA:556,61,1,3
BRDA:561,62,0,1
BRDA:561,62,1,2
BRDA:565,63,0,0
BRDA:565,63,1,2
BRDA:570,64,0,1
BRDA:570,64,1,1
BRDA:581,65,0,1
BRDA:581,65,1,0
BRF:133
BRH:119
end_of_record
TN:
SF:controllers\users.js
FN:13,(anonymous_0)
FN:31,(anonymous_1)
FN:69,(anonymous_2)
FN:85,(anonymous_3)
FN:131,(anonymous_4)
FN:136,(anonymous_5)
FN:137,(anonymous_6)
FN:152,(anonymous_7)
FN:158,(anonymous_8)
FN:165,(anonymous_9)
FN:182,(anonymous_10)
FN:191,(anonymous_11)
FN:243,(anonymous_12)
FN:259,(anonymous_13)
FN:268,(anonymous_14)
FN:317,(anonymous_15)
FN:332,(anonymous_16)
FN:380,(anonymous_17)
FN:389,(anonymous_18)
FNF:19
FNH:19
FNDA:3,(anonymous_0)
FNDA:4,(anonymous_1)
FNDA:35,(anonymous_2)
FNDA:31,(anonymous_3)
FNDA:2,(anonymous_4)
FNDA:2,(anonymous_5)
FNDA:4,(anonymous_6)
FNDA:3,(anonymous_7)
FNDA:4,(anonymous_8)
FNDA:4,(anonymous_9)
FNDA:6,(anonymous_10)
FNDA:8,(anonymous_11)
FNDA:3,(anonymous_12)
FNDA:4,(anonymous_13)
FNDA:4,(anonymous_14)
FNDA:1,(anonymous_15)
FNDA:5,(anonymous_16)
FNDA:4,(anonymous_17)
FNDA:4,(anonymous_18)
DA:13,3
DA:14,3
DA:15,3
DA:16,3
DA:17,2
DA:18,2
DA:20,0
DA:31,3
DA:32,4
DA:33,4
DA:35,4
DA:36,4
DA:38,0
DA:39,0
DA:41,0
DA:43,4
DA:44,4
DA:46,3
DA:47,3
DA:49,2
DA:51,1
DA:55,0
DA:69,3
DA:70,35
DA:71,35
DA:72,35
DA:73,35
DA:74,35
DA:75,35
DA:77,33
DA:78,33
DA:79,33
DA:80,33
DA:82,32
DA:83,32
DA:85,31
DA:87,31
DA:88,31
DA:89,62
DA:92,31
DA:93,31
DA:94,31
DA:97,31
DA:98,62
DA:99,62
DA:100,0
DA:101,0
DA:103,62
DA:104,62
DA:105,0
DA:106,0
DA:108,62
DA:111,31
DA:113,31
DA:114,31
DA:117,31
DA:119,0
DA:131,3
DA:132,2
DA:133,2
DA:134,2
DA:135,1
DA:136,2
DA:137,4
DA:140,0
DA:152,3
DA:153,3
DA:154,3
DA:155,3
DA:156,3
DA:157,3
DA:158,4
DA:159,2
DA:160,1
DA:161,1
DA:163,2
DA:164,2
DA:165,4
DA:167,0
DA:182,3
DA:183,6
DA:184,6
DA:185,6
DA:188,6
DA:189,6
DA:190,5
DA:191,8
DA:192,4
DA:194,1
DA:195,1
DA:199,4
DA:202,3
DA:203,3
DA:204,4
DA:208,2
DA:209,2
DA:210,2
DA:213,2
DA:214,3
DA:215,3
DA:216,1
DA:217,1
DA:220,2
DA:221,2
DA:222,1
DA:223,1
DA:226,1
DA:230,2
DA:238,1
DA:242,1
DA:243,3
DA:245,0
DA:259,3
DA:260,4
DA:261,4
DA:262,4
DA:265,4
DA:266,4
DA:267,3
DA:268,4
DA:269,2
DA:271,1
DA:272,1
DA:275,2
DA:277,2
DA:278,2
DA:279,3
DA:283,2
DA:284,2
DA:285,2
DA:288,2
DA:289,3
DA:290,3
DA:291,1
DA:292,1
DA:295,2
DA:296,2
DA:297,1
DA:298,1
DA:301,1
DA:305,2
DA:306,1
DA:307,0
DA:308,0
DA:310,0
DA:312,1
DA:317,1
DA:319,0
DA:332,3
DA:333,5
DA:335,5
DA:336,5
DA:337,5
DA:338,1
DA:341,4
DA:343,3
DA:344,3
DA:345,2
DA:348,1
DA:351,1
DA:352,1
DA:353,0
DA:354,0
DA:355,0
DA:356,0
DA:358,0
DA:362,1
DA:363,1
DA:366,1
DA:367,1
DA:369,0
DA:380,3
DA:381,4
DA:383,4
DA:384,4
DA:386,3
DA:387,3
DA:388,3
DA:389,4
DA:390,2
DA:391,1
DA:392,1
DA:393,1
DA:395,1
DA:396,1
DA:398,0
LF:186
LH:162
BRDA:16,0,0,1
BRDA:16,0,1,2
BRDA:36,1,0,0
BRDA:36,1,1,4
BRDA:39,2,0,0
BRDA:39,2,1,0
BRDA:44,3,0,3
BRDA:44,3,1,1
BRDA:47,4,0,1
BRDA:47,4,1,2
BRDA:72,5,0,0
BRDA:72,5,1,35
BRDA:75,6,0,2
BRDA:75,6,1,33
BRDA:75,7,0,35
BRDA:75,7,1,34
BRDA:78,8,0,0
BRDA:78,8,1,33
BRDA:80,9,0,1
BRDA:80,9,1,32
BRDA:83,10,0,1
BRDA:83,10,1,31
BRDA:85,11,0,0
BRDA:85,11,1,31
BRDA:89,12,0,0
BRDA:89,12,1,62
BRDA:99,13,0,0
BRDA:99,13,1,62
BRDA:104,14,0,0
BRDA:104,14,1,62
BRDA:111,15,0,0
BRDA:111,15,1,31
BRDA:134,16,0,1
BRDA:134,16,1,1
BRDA:157,17,0,1
BRDA:157,17,1,2
BRDA:159,18,0,1
BRDA:159,18,1,1
BRDA:161,19,0,0
BRDA:161,19,1,1
BRDA:164,20,0,0
BRDA:164,20,1,2
BRDA:189,21,0,1
BRDA:189,21,1,5
BRDA:190,22,0,4
BRDA:190,22,1,1
BRDA:192,23,0,0
BRDA:192,23,1,4
BRDA:195,24,0,1
BRDA:195,24,1,0
BRDA:199,25,0,1
BRDA:199,25,1,3
BRDA:204,26,0,1
BRDA:204,26,1,3
BRDA:215,27,0,1
BRDA:215,27,1,2
BRDA:221,28,0,1
BRDA:221,28,1,1
BRDA:230,29,0,1
BRDA:230,29,1,1
BRDA:266,30,0,1
BRDA:266,30,1,3
BRDA:267,31,0,2
BRDA:267,31,1,1
BRDA:269,32,0,0
BRDA:269,32,1,2
BRDA:272,33,0,1
BRDA:272,33,1,0
BRDA:275,34,0,0
BRDA:275,34,1,2
BRDA:279,35,0,0
BRDA:279,35,1,3
BRDA:290,36,0,1
BRDA:290,36,1,2
BRDA:296,37,0,1
BRDA:296,37,1,1
BRDA:296,38,0,2
BRDA:296,38,1,1
BRDA:305,39,0,1
BRDA:305,39,1,1
BRDA:306,40,0,0
BRDA:306,40,1,1
BRDA:307,41,0,0
BRDA:307,41,1,0
BRDA:337,42,0,1
BRDA:337,42,1,4
BRDA:341,43,0,1
BRDA:341,43,1,3
BRDA:344,44,0,1
BRDA:344,44,1,2
BRDA:345,45,0,1
BRDA:345,45,1,1
BRDA:352,46,0,0
BRDA:352,46,1,1
BRDA:355,47,0,0
BRDA:355,47,1,0
BRDA:384,48,0,1
BRDA:384,48,1,3
BRDA:388,49,0,1
BRDA:388,49,1,2
BRDA:390,50,0,1
BRDA:390,50,1,1
BRDA:392,51,0,1
BRDA:392,51,1,0
BRF:104
BRH:79
end_of_record
TN:
SF:controllers\utils.js
FN:13,(anonymous_0)
FN:75,(anonymous_1)
FN:104,(anonymous_2)
FN:169,(anonymous_3)
FN:213,checkDate
FN:234,checkDateParams
FN:267,checkMinMaxParams
FNF:7
FNH:7
FNDA:14,(anonymous_0)
FNDA:323,(anonymous_1)
FNDA:17,(anonymous_2)
FNDA:12,(anonymous_3)
FNDA:33,checkDate
FNDA:22,checkDateParams
FNDA:19,checkMinMaxParams
DA:13,4
DA:14,14
DA:15,14
DA:17,14
DA:18,3
DA:22,11
DA:23,1
DA:27,10
DA:28,3
DA:29,3
DA:30,3
DA:34,7
DA:35,1
DA:39,6
DA:40,2
DA:44,4
DA:75,4
DA:76,323
DA:77,323
DA:78,13
DA:80,310
DA:81,310
DA:82,309
DA:83,308
DA:84,0
DA:86,308
DA:87,1
DA:89,307
DA:90,1
DA:92,306
DA:94,138
DA:95,26
DA:97,112
DA:99,115
DA:100,11
DA:102,104
DA:104,17
DA:105,15
DA:106,3
DA:108,12
DA:110,38
DA:112,0
DA:114,266
DA:116,2
DA:117,2
DA:118,2
DA:119,1
DA:125,1
DA:126,1
DA:127,1
DA:129,0
DA:130,0
DA:132,0
DA:134,0
DA:135,0
DA:137,0
DA:139,0
DA:140,0
DA:142,0
DA:144,1
DA:146,0
DA:148,1
DA:150,1
DA:151,1
DA:153,0
DA:157,0
DA:169,4
DA:171,12
DA:172,12
DA:175,12
DA:176,11
DA:177,11
DA:178,1
DA:182,11
DA:183,11
DA:185,11
DA:187,11
DA:188,2
DA:189,2
DA:191,9
DA:192,1
DA:193,1
DA:195,8
DA:196,0
DA:197,0
DA:199,8
DA:200,2
DA:201,2
DA:203,6
DA:204,2
DA:205,2
DA:208,4
DA:214,33
DA:216,33
DA:217,32
DA:218,32
DA:219,32
DA:220,32
DA:221,32
DA:222,32
DA:223,32
DA:224,25
DA:226,7
DA:230,1
DA:235,22
DA:237,1
DA:240,21
DA:242,1
DA:245,20
DA:247,2
DA:250,18
DA:252,3
DA:255,15
DA:257,6
DA:258,6
DA:259,6
DA:260,2
DA:263,13
DA:269,19
DA:270,3
DA:273,16
DA:274,3
DA:277,13
DA:278,2
DA:281,11
DA:282,1
DA:285,10
DA:286,1
DA:289,9
DA:290,1
DA:293,8
DA:294,1
DA:297,7
LF:133
LH:117
BRDA:17,0,0,3
BRDA:17,0,1,11
BRDA:22,1,0,1
BRDA:22,1,1,10
BRDA:27,2,0,3
BRDA:27,2,1,7
BRDA:27,3,0,10
BRDA:27,3,1,4
BRDA:34,4,0,1
BRDA:34,4,1,6
BRDA:39,5,0,2
BRDA:39,5,1,4
BRDA:77,6,0,13
BRDA:77,6,1,310
BRDA:77,7,0,323
BRDA:77,7,1,310
BRDA:83,8,0,0
BRDA:83,8,1,308
BRDA:83,9,0,308
BRDA:83,9,1,308
BRDA:83,9,2,308
BRDA:86,10,0,1
BRDA:86,10,1,307
BRDA:86,11,0,308
BRDA:86,11,1,308
BRDA:86,11,2,307
BRDA:89,12,0,1
BRDA:89,12,1,306
BRDA:89,13,0,307
BRDA:89,13,1,307
BRDA:89,13,2,306
BRDA:92,14,0,138
BRDA:92,14,1,115
BRDA:92,14,2,15
BRDA:92,14,3,38
BRDA:92,14,4,0
BRDA:94,15,0,26
BRDA:94,15,1,112
BRDA:99,16,0,11
BRDA:99,16,1,104
BRDA:105,17,0,3
BRDA:105,17,1,12
BRDA:116,18,0,2
BRDA:116,18,1,0
BRDA:127,19,0,0
BRDA:127,19,1,0
BRDA:127,19,2,0
BRDA:127,19,3,1
BRDA:127,19,4,0
BRDA:129,20,0,0
BRDA:129,20,1,0
BRDA:134,21,0,0
BRDA:134,21,1,0
BRDA:139,22,0,0
BRDA:139,22,1,0
BRDA:150,23,0,1
BRDA:150,23,1,0
BRDA:175,24,0,11
BRDA:175,24,1,1
BRDA:177,25,0,1
BRDA:177,25,1,10
BRDA:187,26,0,2
BRDA:187,26,1,9
BRDA:187,27,0,11
BRDA:187,27,1,4
BRDA:191,28,0,1
BRDA:191,28,1,8
BRDA:191,29,0,9
BRDA:191,29,1,1
BRDA:195,30,0,0
BRDA:195,30,1,8
BRDA:195,31,0,8
BRDA:195,31,1,0
BRDA:199,32,0,2
BRDA:199,32,1,6
BRDA:199,33,0,8
BRDA:199,33,1,2
BRDA:203,34,0,2
BRDA:203,34,1,4
BRDA:203,35,0,6
BRDA:203,35,1,6
BRDA:223,36,0,25
BRDA:223,36,1,7
BRDA:223,37,0,32
BRDA:223,37,1,25
BRDA:223,37,2,25
BRDA:235,38,0,1
BRDA:235,38,1,21
BRDA:235,39,0,22
BRDA:235,39,1,6
BRDA:240,40,0,1
BRDA:240,40,1,20
BRDA:240,41,0,21
BRDA:240,41,1,11
BRDA:245,42,0,2
BRDA:245,42,1,18
BRDA:245,43,0,20
BRDA:245,43,1,11
BRDA:250,44,0,3
BRDA:250,44,1,15
BRDA:250,45,0,18
BRDA:250,45,1,5
BRDA:250,45,2,3
BRDA:255,46,0,6
BRDA:255,46,1,9
BRDA:255,47,0,15
BRDA:255,47,1,7
BRDA:259,48,0,2
BRDA:259,48,1,4
BRDA:269,49,0,3
BRDA:269,49,1,16
BRDA:269,50,0,19
BRDA:269,50,1,6
BRDA:273,51,0,3
BRDA:273,51,1,13
BRDA:273,52,0,16
BRDA:273,52,1,6
BRDA:277,53,0,2
BRDA:277,53,1,11
BRDA:277,54,0,13
BRDA:277,54,1,5
BRDA:281,55,0,1
BRDA:281,55,1,10
BRDA:281,56,0,11
BRDA:281,56,1,4
BRDA:285,57,0,1
BRDA:285,57,1,9
BRDA:289,58,0,1
BRDA:289,58,1,8
BRDA:293,59,0,1
BRDA:293,59,1,7
BRDA:293,60,0,8
BRDA:293,60,1,1
BRDA:293,60,2,1
BRF:134
BRH:118
end_of_record
TN:
SF:models\User.js
FNF:0
FNH:0
DA:3,4
DA:30,4
DA:51,4
DA:52,4
LF:4
LH:4
BRF:0
BRH:0
end_of_record
TN:
SF:models\model.js
FNF:0
FNH:0
DA:3,3
DA:18,3
DA:40,3
DA:41,3
LF:4
LH:4
BRF:0
BRH:0
end_of_record
TN:
SF:routes\route.js
FNF:0
FNH:0
DA:13,3
DA:18,3
DA:19,3
DA:20,3
DA:25,3
DA:26,3
DA:27,3
DA:28,3
DA:29,3
DA:30,3
DA:31,3
DA:32,3
DA:33,3
DA:34,3
DA:35,3
DA:36,3
DA:41,3
DA:42,3
DA:43,3
DA:44,3
DA:45,3
DA:46,3
DA:47,3
DA:48,3
DA:49,3
DA:50,3
DA:51,3
DA:52,3
DA:53,3
DA:54,3
DA:55,3
DA:60,3
LF:32
LH:32
BRF:0
BRH:0
end_of_record
