TN:
SF:app.js
FNF:0
FNH:0
DA:7,9
DA:8,9
DA:10,9
DA:12,9
DA:13,9
DA:14,9
DA:15,9
LF:7
LH:7
BRDA:8,0,0,9
BRDA:8,0,1,9
BRF:2
BRH:2
end_of_record
TN:
SF:controllers\auth.js
FN:6,isValidEmail
FN:18,(anonymous_1)
FN:49,(anonymous_2)
FN:83,(anonymous_3)
FN:127,(anonymous_4)
FNF:5
FNH:5
FNDA:519,isValidEmail
FNDA:189,(anonymous_1)
FNDA:116,(anonymous_2)
FNDA:227,(anonymous_3)
FNDA:9,(anonymous_4)
DA:7,519
DA:8,519
DA:18,9
DA:19,189
DA:20,189
DA:21,189
DA:22,189
DA:23,189
DA:24,186
DA:25,184
DA:27,181
DA:28,181
DA:30,176
DA:31,176
DA:36,176
DA:38,0
DA:49,9
DA:50,116
DA:51,116
DA:52,116
DA:53,116
DA:54,116
DA:55,113
DA:56,111
DA:58,108
DA:59,108
DA:61,103
DA:62,103
DA:68,103
DA:70,0
DA:83,9
DA:84,227
DA:85,227
DA:86,226
DA:87,224
DA:88,223
DA:89,223
DA:90,223
DA:91,223
DA:92,220
DA:93,220
DA:95,217
DA:102,217
DA:109,217
DA:110,217
DA:111,217
DA:112,217
DA:113,217
DA:115,0
DA:127,9
DA:128,9
DA:129,9
DA:130,6
DA:132,6
DA:133,6
DA:134,3
DA:135,3
DA:136,3
DA:137,3
DA:138,3
DA:140,0
LF:61
LH:57
BRDA:20,0,0,189
BRDA:20,0,1,189
BRDA:21,1,0,189
BRDA:21,1,1,189
BRDA:22,2,0,189
BRDA:22,2,1,189
BRDA:23,3,0,3
BRDA:23,3,1,186
BRDA:23,4,0,189
BRDA:23,4,1,186
BRDA:23,4,2,186
BRDA:24,5,0,2
BRDA:24,5,1,184
BRDA:24,6,0,186
BRDA:24,6,1,184
BRDA:24,6,2,184
BRDA:25,7,0,3
BRDA:25,7,1,181
BRDA:28,8,0,5
BRDA:28,8,1,176
BRDA:51,9,0,116
BRDA:51,9,1,116
BRDA:52,10,0,116
BRDA:52,10,1,116
BRDA:53,11,0,116
BRDA:53,11,1,116
BRDA:54,12,0,3
BRDA:54,12,1,113
BRDA:54,13,0,116
BRDA:54,13,1,113
BRDA:54,13,2,113
BRDA:55,14,0,2
BRDA:55,14,1,111
BRDA:55,15,0,113
BRDA:55,15,1,111
BRDA:55,15,2,111
BRDA:56,16,0,3
BRDA:56,16,1,108
BRDA:59,17,0,5
BRDA:59,17,1,103
BRDA:85,18,0,1
BRDA:85,18,1,226
BRDA:85,19,0,227
BRDA:85,19,1,226
BRDA:86,20,0,2
BRDA:86,20,1,224
BRDA:86,21,0,226
BRDA:86,21,1,224
BRDA:87,22,0,1
BRDA:87,22,1,223
BRDA:91,23,0,3
BRDA:91,23,1,220
BRDA:93,24,0,3
BRDA:93,24,1,217
BRDA:129,25,0,3
BRDA:129,25,1,6
BRDA:133,26,0,3
BRDA:133,26,1,3
BRF:58
BRH:58
end_of_record
TN:
SF:controllers\controller.js
FN:10,(anonymous_0)
FN:36,(anonymous_1)
FN:77,(anonymous_2)
FN:99,(anonymous_3)
FN:120,(anonymous_4)
FN:127,(anonymous_5)
FN:142,(anonymous_6)
FN:183,(anonymous_7)
FN:186,(anonymous_8)
FN:199,(anonymous_9)
FN:216,(anonymous_10)
FN:217,(anonymous_11)
FN:219,(anonymous_12)
FN:234,(anonymous_13)
FN:261,(anonymous_14)
FN:262,(anonymous_15)
FN:264,(anonymous_16)
FN:300,(anonymous_17)
FN:301,(anonymous_18)
FN:303,(anonymous_19)
FN:321,(anonymous_20)
FN:369,(anonymous_21)
FN:387,(anonymous_22)
FN:403,(anonymous_23)
FN:407,(anonymous_24)
FN:436,(anonymous_25)
FN:437,(anonymous_26)
FN:459,(anonymous_27)
FN:477,(anonymous_28)
FN:487,(anonymous_29)
FN:517,(anonymous_30)
FN:518,(anonymous_31)
FN:524,(anonymous_32)
FN:539,(anonymous_33)
FN:577,(anonymous_34)
FN:590,(anonymous_35)
FNF:36
FNH:32
FNDA:86,(anonymous_0)
FNDA:14,(anonymous_1)
FNDA:16,(anonymous_2)
FNDA:4,(anonymous_3)
FNDA:6,(anonymous_4)
FNDA:7,(anonymous_5)
FNDA:139,(anonymous_6)
FNDA:76,(anonymous_7)
FNDA:0,(anonymous_8)
FNDA:6,(anonymous_9)
FNDA:3,(anonymous_10)
FNDA:10,(anonymous_11)
FNDA:0,(anonymous_12)
FNDA:24,(anonymous_13)
FNDA:2,(anonymous_14)
FNDA:7,(anonymous_15)
FNDA:0,(anonymous_16)
FNDA:12,(anonymous_17)
FNDA:21,(anonymous_18)
FNDA:0,(anonymous_19)
FNDA:18,(anonymous_20)
FNDA:9,(anonymous_21)
FNDA:16,(anonymous_22)
FNDA:11,(anonymous_23)
FNDA:12,(anonymous_24)
FNDA:22,(anonymous_25)
FNDA:18,(anonymous_26)
FNDA:20,(anonymous_27)
FNDA:17,(anonymous_28)
FNDA:12,(anonymous_29)
FNDA:20,(anonymous_30)
FNDA:16,(anonymous_31)
FNDA:16,(anonymous_32)
FNDA:15,(anonymous_33)
FNDA:14,(anonymous_34)
FNDA:16,(anonymous_35)
DA:10,9
DA:11,86
DA:12,86
DA:13,86
DA:14,83
DA:15,83
DA:16,83
DA:17,81
DA:18,81
DA:19,81
DA:20,80
DA:21,80
DA:22,80
DA:24,0
DA:36,9
DA:37,14
DA:38,14
DA:39,14
DA:40,11
DA:41,11
DA:42,11
DA:43,11
DA:44,2
DA:46,9
DA:48,9
DA:49,9
DA:50,3
DA:53,6
DA:54,6
DA:55,3
DA:58,3
DA:63,3
DA:64,3
DA:66,0
DA:77,9
DA:78,16
DA:79,16
DA:80,16
DA:81,13
DA:82,13
DA:83,11
DA:84,11
DA:86,8
DA:87,16
DA:88,15
DA:89,15
DA:90,3
DA:95,4
DA:96,4
DA:98,1
DA:99,4
DA:101,4
DA:103,4
DA:104,10
DA:105,10
DA:107,4
DA:109,0
DA:120,9
DA:121,6
DA:122,6
DA:123,6
DA:125,5
DA:127,7
DA:129,5
DA:131,0
DA:142,9
DA:143,139
DA:144,139
DA:145,139
DA:147,130
DA:149,130
DA:150,7
DA:153,123
DA:154,4
DA:158,119
DA:159,3
DA:162,116
DA:163,116
DA:164,116
DA:165,3
DA:169,113
DA:170,14
DA:174,99
DA:175,99
DA:176,99
DA:177,23
DA:180,76
DA:182,76
DA:184,76
DA:186,0
DA:188,0
DA:199,9
DA:200,6
DA:201,6
DA:202,6
DA:206,3
DA:217,10
DA:218,3
DA:219,0
DA:221,0
DA:234,9
DA:235,24
DA:238,24
DA:239,24
DA:240,4
DA:243,20
DA:245,4
DA:246,4
DA:247,2
DA:248,2
DA:262,7
DA:263,2
DA:265,0
DA:267,2
DA:270,16
DA:271,16
DA:275,13
DA:276,13
DA:277,13
DA:279,13
DA:280,7
DA:282,13
DA:283,8
DA:287,13
DA:301,21
DA:302,12
DA:304,0
DA:306,13
DA:309,0
DA:321,9
DA:322,18
DA:324,18
DA:326,8
DA:327,8
DA:331,10
DA:332,10
DA:335,13
DA:336,13
DA:337,4
DA:341,9
DA:342,9
DA:343,4
DA:352,5
DA:369,9
DA:371,5
DA:375,0
DA:387,9
DA:388,16
DA:390,16
DA:393,16
DA:394,16
DA:397,11
DA:399,5
DA:400,5
DA:403,11
DA:404,6
DA:407,12
DA:414,6
DA:436,22
DA:437,18
DA:444,6
DA:447,0
DA:459,9
DA:460,20
DA:462,20
DA:468,20
DA:469,20
DA:472,16
DA:474,7
DA:475,7
DA:477,17
DA:478,9
DA:479,9
DA:483,11
DA:484,11
DA:485,5
DA:487,12
DA:495,6
DA:517,20
DA:518,16
DA:524,16
DA:525,6
DA:528,0
DA:539,9
DA:540,15
DA:541,15
DA:543,15
DA:544,15
DA:546,13
DA:547,13
DA:548,2
DA:549,2
DA:553,11
DA:556,7
DA:558,7
DA:560,4
DA:562,3
DA:563,3
DA:565,0
DA:577,9
DA:578,14
DA:580,14
DA:581,14
DA:584,11
DA:586,11
DA:587,3
DA:590,16
DA:591,2
DA:594,6
DA:595,6
DA:596,3
DA:600,3
DA:606,3
DA:607,3
DA:609,0
DA:612,0
LF:216
LH:199
BRDA:13,0,0,3
BRDA:13,0,1,83
BRDA:14,1,0,83
BRDA:14,1,1,83
BRDA:15,2,0,83
BRDA:15,2,1,83
BRDA:16,3,0,2
BRDA:16,3,1,81
BRDA:16,4,0,83
BRDA:16,4,1,81
BRDA:17,5,0,0
BRDA:17,5,1,81
BRDA:17,6,0,81
BRDA:17,6,1,81
BRDA:19,7,0,1
BRDA:19,7,1,80
BRDA:39,8,0,3
BRDA:39,8,1,11
BRDA:41,9,0,11
BRDA:41,9,1,11
BRDA:42,10,0,11
BRDA:42,10,1,11
BRDA:43,11,0,2
BRDA:43,11,1,9
BRDA:43,12,0,11
BRDA:43,12,1,9
BRDA:46,13,0,0
BRDA:46,13,1,9
BRDA:46,14,0,9
BRDA:46,14,1,9
BRDA:49,15,0,3
BRDA:49,15,1,6
BRDA:54,16,0,3
BRDA:54,16,1,3
BRDA:80,17,0,3
BRDA:80,17,1,13
BRDA:82,18,0,2
BRDA:82,18,1,11
BRDA:82,19,0,13
BRDA:82,19,1,12
BRDA:84,20,0,3
BRDA:84,20,1,8
BRDA:87,21,0,1
BRDA:87,21,1,15
BRDA:87,22,0,16
BRDA:87,22,1,15
BRDA:89,23,0,3
BRDA:89,23,1,12
BRDA:96,24,0,1
BRDA:96,24,1,3
BRDA:123,25,0,1
BRDA:123,25,1,5
BRDA:145,26,0,9
BRDA:145,26,1,130
BRDA:149,27,0,7
BRDA:149,27,1,123
BRDA:149,28,0,130
BRDA:149,28,1,127
BRDA:149,28,2,125
BRDA:153,29,0,4
BRDA:153,29,1,119
BRDA:153,30,0,123
BRDA:153,30,1,120
BRDA:158,31,0,3
BRDA:158,31,1,116
BRDA:164,32,0,3
BRDA:164,32,1,113
BRDA:169,33,0,14
BRDA:169,33,1,99
BRDA:176,34,0,23
BRDA:176,34,1,76
BRDA:176,35,0,99
BRDA:176,35,1,99
BRDA:202,36,0,3
BRDA:202,36,1,3
BRDA:239,37,0,4
BRDA:239,37,1,20
BRDA:243,38,0,4
BRDA:243,38,1,16
BRDA:246,39,0,2
BRDA:246,39,1,2
BRDA:271,40,0,3
BRDA:271,40,1,13
BRDA:279,41,0,7
BRDA:279,41,1,6
BRDA:282,42,0,8
BRDA:282,42,1,5
BRDA:324,43,0,8
BRDA:324,43,1,10
BRDA:327,44,0,2
BRDA:327,44,1,6
BRDA:332,45,0,3
BRDA:332,45,1,7
BRDA:336,46,0,4
BRDA:336,46,1,9
BRDA:342,47,0,4
BRDA:342,47,1,5
BRDA:394,48,0,5
BRDA:394,48,1,11
BRDA:397,49,0,5
BRDA:397,49,1,6
BRDA:400,50,0,2
BRDA:400,50,1,3
BRDA:404,51,0,3
BRDA:404,51,1,3
BRDA:469,52,0,4
BRDA:469,52,1,16
BRDA:472,53,0,7
BRDA:472,53,1,9
BRDA:475,54,0,2
BRDA:475,54,1,5
BRDA:479,55,0,3
BRDA:479,55,1,6
BRDA:484,56,0,5
BRDA:484,56,1,6
BRDA:544,57,0,2
BRDA:544,57,1,13
BRDA:547,58,0,2
BRDA:547,58,1,11
BRDA:549,59,0,2
BRDA:549,59,1,0
BRDA:553,60,0,4
BRDA:553,60,1,7
BRDA:558,61,0,3
BRDA:558,61,1,4
BRDA:560,62,0,1
BRDA:560,62,1,3
BRDA:581,63,0,3
BRDA:581,63,1,11
BRDA:586,64,0,3
BRDA:586,64,1,8
BRDA:590,65,0,2
BRDA:590,65,1,6
BRDA:595,66,0,3
BRDA:595,66,1,3
BRDA:606,67,0,3
BRDA:606,67,1,0
BRF:137
BRH:133
end_of_record
TN:
SF:controllers\users.js
FN:12,(anonymous_0)
FN:30,(anonymous_1)
FN:68,(anonymous_2)
FN:84,(anonymous_3)
FN:130,(anonymous_4)
FN:135,(anonymous_5)
FN:136,(anonymous_6)
FN:151,(anonymous_7)
FN:157,(anonymous_8)
FN:164,(anonymous_9)
FN:181,(anonymous_10)
FN:190,(anonymous_11)
FN:242,(anonymous_12)
FN:258,(anonymous_13)
FN:267,(anonymous_14)
FN:316,(anonymous_15)
FN:331,(anonymous_16)
FN:379,(anonymous_17)
FNF:18
FNH:18
FNDA:7,(anonymous_0)
FNDA:12,(anonymous_1)
FNDA:50,(anonymous_2)
FNDA:40,(anonymous_3)
FNDA:6,(anonymous_4)
FNDA:6,(anonymous_5)
FNDA:11,(anonymous_6)
FNDA:13,(anonymous_7)
FNDA:20,(anonymous_8)
FNDA:10,(anonymous_9)
FNDA:18,(anonymous_10)
FNDA:10,(anonymous_11)
FNDA:8,(anonymous_12)
FNDA:17,(anonymous_13)
FNDA:15,(anonymous_14)
FNDA:3,(anonymous_15)
FNDA:24,(anonymous_16)
FNDA:12,(anonymous_17)
DA:12,9
DA:13,7
DA:14,7
DA:15,7
DA:16,5
DA:17,5
DA:19,0
DA:30,9
DA:31,12
DA:32,12
DA:34,12
DA:35,12
DA:37,2
DA:38,2
DA:40,2
DA:42,10
DA:43,10
DA:45,7
DA:46,7
DA:48,4
DA:50,3
DA:54,0
DA:68,9
DA:69,50
DA:70,50
DA:71,50
DA:72,48
DA:73,48
DA:74,48
DA:76,42
DA:77,42
DA:78,41
DA:79,41
DA:81,37
DA:82,37
DA:84,40
DA:86,35
DA:87,35
DA:88,72
DA:91,33
DA:92,33
DA:93,33
DA:96,33
DA:97,69
DA:98,69
DA:99,2
DA:100,2
DA:102,67
DA:103,67
DA:104,2
DA:105,2
DA:107,65
DA:110,33
DA:112,31
DA:113,31
DA:116,31
DA:118,0
DA:130,9
DA:131,6
DA:132,6
DA:133,6
DA:134,3
DA:135,6
DA:136,11
DA:139,0
DA:151,9
DA:152,13
DA:153,13
DA:154,13
DA:155,13
DA:156,13
DA:157,20
DA:158,10
DA:159,6
DA:160,6
DA:162,6
DA:163,6
DA:164,10
DA:166,0
DA:181,9
DA:182,18
DA:183,18
DA:184,18
DA:187,18
DA:188,18
DA:189,15
DA:190,10
DA:191,7
DA:193,8
DA:194,8
DA:198,11
DA:201,8
DA:202,8
DA:203,16
DA:207,6
DA:208,6
DA:209,6
DA:212,6
DA:213,14
DA:214,14
DA:215,5
DA:216,5
DA:219,9
DA:220,9
DA:221,5
DA:222,5
DA:225,4
DA:229,6
DA:237,3
DA:241,3
DA:242,8
DA:244,0
DA:258,9
DA:259,17
DA:260,17
DA:261,17
DA:264,17
DA:265,17
DA:266,14
DA:267,15
DA:268,8
DA:270,6
DA:271,6
DA:274,10
DA:276,9
DA:277,9
DA:278,18
DA:282,8
DA:283,8
DA:284,8
DA:287,8
DA:288,17
DA:289,17
DA:290,6
DA:291,6
DA:294,11
DA:295,11
DA:296,7
DA:297,7
DA:300,4
DA:304,8
DA:305,4
DA:306,1
DA:307,1
DA:309,0
DA:311,3
DA:316,3
DA:318,0
DA:331,9
DA:332,24
DA:334,24
DA:335,24
DA:336,24
DA:337,3
DA:340,21
DA:342,17
DA:343,17
DA:344,13
DA:347,10
DA:350,10
DA:351,10
DA:352,3
DA:353,3
DA:354,3
DA:355,2
DA:357,1
DA:361,10
DA:362,10
DA:365,10
DA:366,10
DA:368,0
DA:379,9
DA:380,12
DA:382,12
DA:383,12
DA:385,8
DA:386,8
DA:387,8
DA:388,5
DA:389,5
DA:390,4
DA:391,1
DA:392,1
DA:394,0
LF:184
LH:174
BRDA:15,0,0,2
BRDA:15,0,1,5
BRDA:35,1,0,2
BRDA:35,1,1,10
BRDA:38,2,0,0
BRDA:38,2,1,2
BRDA:43,3,0,7
BRDA:43,3,1,3
BRDA:46,4,0,3
BRDA:46,4,1,4
BRDA:71,5,0,2
BRDA:71,5,1,48
BRDA:74,6,0,6
BRDA:74,6,1,42
BRDA:74,7,0,48
BRDA:74,7,1,43
BRDA:77,8,0,1
BRDA:77,8,1,41
BRDA:79,9,0,4
BRDA:79,9,1,37
BRDA:82,10,0,2
BRDA:82,10,1,35
BRDA:84,11,0,5
BRDA:84,11,1,30
BRDA:88,12,0,2
BRDA:88,12,1,70
BRDA:98,13,0,2
BRDA:98,13,1,67
BRDA:103,14,0,2
BRDA:103,14,1,65
BRDA:110,15,0,2
BRDA:110,15,1,31
BRDA:133,16,0,3
BRDA:133,16,1,3
BRDA:156,17,0,3
BRDA:156,17,1,10
BRDA:158,18,0,6
BRDA:158,18,1,4
BRDA:160,19,0,4
BRDA:160,19,1,2
BRDA:163,20,0,1
BRDA:163,20,1,5
BRDA:188,21,0,3
BRDA:188,21,1,15
BRDA:189,22,0,7
BRDA:189,22,1,8
BRDA:191,23,0,0
BRDA:191,23,1,7
BRDA:194,24,0,4
BRDA:194,24,1,4
BRDA:198,25,0,3
BRDA:198,25,1,8
BRDA:203,26,0,2
BRDA:203,26,1,14
BRDA:214,27,0,5
BRDA:214,27,1,9
BRDA:220,28,0,5
BRDA:220,28,1,4
BRDA:229,29,0,3
BRDA:229,29,1,3
BRDA:265,30,0,3
BRDA:265,30,1,14
BRDA:266,31,0,8
BRDA:266,31,1,6
BRDA:268,32,0,1
BRDA:268,32,1,7
BRDA:271,33,0,3
BRDA:271,33,1,3
BRDA:274,34,0,1
BRDA:274,34,1,9
BRDA:278,35,0,1
BRDA:278,35,1,17
BRDA:289,36,0,6
BRDA:289,36,1,11
BRDA:295,37,0,7
BRDA:295,37,1,4
BRDA:295,38,0,11
BRDA:295,38,1,8
BRDA:304,39,0,4
BRDA:304,39,1,4
BRDA:305,40,0,1
BRDA:305,40,1,3
BRDA:306,41,0,1
BRDA:306,41,1,0
BRDA:336,42,0,3
BRDA:336,42,1,21
BRDA:340,43,0,4
BRDA:340,43,1,17
BRDA:343,44,0,4
BRDA:343,44,1,13
BRDA:344,45,0,3
BRDA:344,45,1,10
BRDA:351,46,0,3
BRDA:351,46,1,7
BRDA:354,47,0,2
BRDA:354,47,1,1
BRDA:383,48,0,4
BRDA:383,48,1,8
BRDA:387,49,0,3
BRDA:387,49,1,5
BRDA:389,50,0,4
BRDA:389,50,1,1
BRF:102
BRH:99
end_of_record
TN:
SF:controllers\utils.js
FN:13,(anonymous_0)
FN:75,(anonymous_1)
FN:104,(anonymous_2)
FN:169,(anonymous_3)
FN:213,checkDate
FN:234,checkDateParams
FN:267,checkMinMaxParams
FNF:7
FNH:7
FNDA:40,(anonymous_0)
FNDA:465,(anonymous_1)
FNDA:42,(anonymous_2)
FNDA:29,(anonymous_3)
FNDA:82,checkDate
FNDA:56,checkDateParams
FNDA:41,checkMinMaxParams
DA:13,12
DA:14,40
DA:15,40
DA:17,40
DA:18,15
DA:22,25
DA:23,4
DA:27,21
DA:28,6
DA:29,6
DA:30,6
DA:34,15
DA:35,3
DA:39,12
DA:40,4
DA:44,8
DA:75,12
DA:76,465
DA:77,465
DA:78,26
DA:80,439
DA:81,439
DA:82,426
DA:83,425
DA:84,2
DA:86,423
DA:87,2
DA:89,421
DA:90,3
DA:92,418
DA:94,164
DA:95,16
DA:97,148
DA:99,176
DA:100,22
DA:102,154
DA:104,42
DA:105,32
DA:106,7
DA:108,25
DA:110,46
DA:112,0
DA:114,373
DA:116,14
DA:117,13
DA:118,13
DA:119,9
DA:125,9
DA:126,6
DA:127,6
DA:129,1
DA:130,0
DA:132,1
DA:134,1
DA:135,0
DA:137,1
DA:139,1
DA:140,0
DA:142,1
DA:144,3
DA:146,0
DA:148,6
DA:150,7
DA:151,3
DA:153,4
DA:157,1
DA:169,12
DA:171,29
DA:172,29
DA:175,29
DA:176,25
DA:177,25
DA:178,5
DA:182,24
DA:183,24
DA:185,24
DA:187,24
DA:188,5
DA:189,5
DA:191,19
DA:192,2
DA:193,2
DA:195,17
DA:196,0
DA:197,0
DA:199,17
DA:200,4
DA:201,4
DA:203,13
DA:204,4
DA:205,4
DA:208,9
DA:214,82
DA:216,82
DA:217,80
DA:218,80
DA:219,80
DA:220,80
DA:221,80
DA:222,80
DA:223,80
DA:224,60
DA:226,20
DA:230,2
DA:235,56
DA:237,4
DA:240,52
DA:242,4
DA:245,48
DA:247,6
DA:250,42
DA:252,9
DA:255,33
DA:257,12
DA:258,12
DA:259,12
DA:260,4
DA:263,29
DA:269,41
DA:270,6
DA:273,35
DA:274,6
DA:277,29
DA:278,6
DA:281,23
DA:282,3
DA:285,20
DA:286,2
DA:289,18
DA:290,2
DA:293,16
DA:294,2
DA:297,14
LF:133
LH:126
BRDA:17,0,0,15
BRDA:17,0,1,25
BRDA:22,1,0,4
BRDA:22,1,1,21
BRDA:27,2,0,6
BRDA:27,2,1,15
BRDA:27,3,0,21
BRDA:27,3,1,9
BRDA:34,4,0,3
BRDA:34,4,1,12
BRDA:39,5,0,4
BRDA:39,5,1,8
BRDA:77,6,0,26
BRDA:77,6,1,439
BRDA:77,7,0,465
BRDA:77,7,1,439
BRDA:83,8,0,2
BRDA:83,8,1,423
BRDA:83,9,0,425
BRDA:83,9,1,423
BRDA:83,9,2,423
BRDA:86,10,0,2
BRDA:86,10,1,421
BRDA:86,11,0,423
BRDA:86,11,1,422
BRDA:86,11,2,421
BRDA:89,12,0,3
BRDA:89,12,1,418
BRDA:89,13,0,421
BRDA:89,13,1,419
BRDA:89,13,2,418
BRDA:92,14,0,164
BRDA:92,14,1,176
BRDA:92,14,2,32
BRDA:92,14,3,46
BRDA:92,14,4,0
BRDA:94,15,0,16
BRDA:94,15,1,148
BRDA:99,16,0,22
BRDA:99,16,1,154
BRDA:105,17,0,7
BRDA:105,17,1,25
BRDA:116,18,0,13
BRDA:116,18,1,1
BRDA:127,19,0,1
BRDA:127,19,1,1
BRDA:127,19,2,1
BRDA:127,19,3,3
BRDA:127,19,4,0
BRDA:129,20,0,0
BRDA:129,20,1,1
BRDA:134,21,0,0
BRDA:134,21,1,1
BRDA:139,22,0,0
BRDA:139,22,1,1
BRDA:150,23,0,3
BRDA:150,23,1,4
BRDA:175,24,0,25
BRDA:175,24,1,4
BRDA:177,25,0,5
BRDA:177,25,1,20
BRDA:187,26,0,5
BRDA:187,26,1,19
BRDA:187,27,0,24
BRDA:187,27,1,9
BRDA:191,28,0,2
BRDA:191,28,1,17
BRDA:191,29,0,19
BRDA:191,29,1,2
BRDA:195,30,0,0
BRDA:195,30,1,17
BRDA:195,31,0,17
BRDA:195,31,1,0
BRDA:199,32,0,4
BRDA:199,32,1,13
BRDA:199,33,0,17
BRDA:199,33,1,4
BRDA:203,34,0,4
BRDA:203,34,1,9
BRDA:203,35,0,13
BRDA:203,35,1,13
BRDA:223,36,0,60
BRDA:223,36,1,20
BRDA:223,37,0,80
BRDA:223,37,1,60
BRDA:223,37,2,60
BRDA:235,38,0,4
BRDA:235,38,1,52
BRDA:235,39,0,56
BRDA:235,39,1,19
BRDA:240,40,0,4
BRDA:240,40,1,48
BRDA:240,41,0,52
BRDA:240,41,1,27
BRDA:245,42,0,6
BRDA:245,42,1,42
BRDA:245,43,0,48
BRDA:245,43,1,26
BRDA:250,44,0,9
BRDA:250,44,1,33
BRDA:250,45,0,42
BRDA:250,45,1,15
BRDA:250,45,2,9
BRDA:255,46,0,12
BRDA:255,46,1,21
BRDA:255,47,0,33
BRDA:255,47,1,15
BRDA:259,48,0,4
BRDA:259,48,1,8
BRDA:269,49,0,6
BRDA:269,49,1,35
BRDA:269,50,0,41
BRDA:269,50,1,12
BRDA:273,51,0,6
BRDA:273,51,1,29
BRDA:273,52,0,35
BRDA:273,52,1,12
BRDA:277,53,0,6
BRDA:277,53,1,23
BRDA:277,54,0,29
BRDA:277,54,1,12
BRDA:281,55,0,3
BRDA:281,55,1,20
BRDA:281,56,0,23
BRDA:281,56,1,8
BRDA:285,57,0,2
BRDA:285,57,1,18
BRDA:289,58,0,2
BRDA:289,58,1,16
BRDA:293,59,0,2
BRDA:293,59,1,14
BRDA:293,60,0,16
BRDA:293,60,1,2
BRDA:293,60,2,2
BRF:134
BRH:127
end_of_record
TN:
SF:models\User.js
FNF:0
FNH:0
DA:3,12
DA:30,12
DA:51,12
DA:52,12
LF:4
LH:4
BRF:0
BRH:0
end_of_record
TN:
SF:models\model.js
FNF:0
FNH:0
DA:3,9
DA:18,9
DA:40,9
DA:41,9
LF:4
LH:4
BRF:0
BRH:0
end_of_record
TN:
SF:routes\route.js
FNF:0
FNH:0
DA:13,9
DA:18,9
DA:19,9
DA:20,9
DA:25,9
DA:26,9
DA:27,9
DA:28,9
DA:29,9
DA:30,9
DA:31,9
DA:32,9
DA:33,9
DA:34,9
DA:35,9
DA:36,9
DA:41,9
DA:42,9
DA:43,9
DA:44,9
DA:45,9
DA:46,9
DA:47,9
DA:48,9
DA:49,9
DA:50,9
DA:51,9
DA:52,9
DA:53,9
DA:54,9
DA:55,9
DA:60,9
LF:32
LH:32
BRF:0
BRH:0
end_of_record
TN:
SF:test_official\tokens.js
FNF:0
FNH:0
DA:9,4
DA:10,4
DA:19,4
DA:20,4
DA:30,4
DA:40,4
DA:47,4
DA:54,4
LF:8
LH:8
BRF:0
BRH:0
end_of_record
